2022-10-05 22:37:32.899 INFO [main][StartupInfoLogger.java:55] - Starting WebApplication using Java 1.8.0_332 on FJH2022 with PID 21872 (D:\IDEAProject\DeploymentResource\web\target\classes started by Administrator in D:\IDEAProject\DeploymentResource)
2022-10-05 22:37:32.937 INFO [main][SpringApplication.java:660] - No active profile set, falling back to default profiles: default
2022-10-05 22:37:34.438 INFO [main][RepositoryConfigurationDelegate.java:128] - Bootstrapping Spring Data JPA repositories in DEFAULT mode.
2022-10-05 22:37:34.451 INFO [main][RepositoryConfigurationDelegate.java:188] - Finished Spring Data repository scanning in 4 ms. Found 0 JPA repository interfaces.
2022-10-05 22:37:34.809 INFO [main][TomcatWebServer.java:108] - Tomcat initialized with port(s): 19201 (http)
2022-10-05 22:37:34.816 INFO [main][DirectJDKLog.java:173] - Initializing ProtocolHandler ["http-nio-19201"]
2022-10-05 22:37:34.817 INFO [main][DirectJDKLog.java:173] - Starting service [Tomcat]
2022-10-05 22:37:34.817 INFO [main][DirectJDKLog.java:173] - Starting Servlet engine: [Apache Tomcat/9.0.41]
2022-10-05 22:37:34.887 INFO [main][DirectJDKLog.java:173] - Initializing Spring embedded WebApplicationContext
2022-10-05 22:37:34.889 INFO [main][ServletWebServerApplicationContext.java:289] - Root WebApplicationContext: initialization completed in 1913 ms
2022-10-05 22:37:34.968 INFO [main][DruidDataSourceAutoConfigure.java:56] - Init DruidDataSource
2022-10-05 22:37:35.251 INFO [main][DruidDataSource.java:1003] - {dataSource-1} inited
2022-10-05 22:37:35.259 INFO [main][H2ConsoleAutoConfiguration.java:68] - H2 console available at '/h2-console'. Database available at 'jdbc:h2:file:./web/src/main/resources/H2DataBase/h2db'
2022-10-05 22:37:35.408 INFO [main][LogHelper.java:31] - HHH000204: Processing PersistenceUnitInfo [name: default]
2022-10-05 22:37:35.444 INFO [main][Version.java:44] - HHH000412: Hibernate ORM core version 5.4.25.Final
2022-10-05 22:37:35.576 INFO [main][JavaReflectionManager.java:56] - HCANN000001: Hibernate Commons Annotations {5.1.2.Final}
2022-10-05 22:37:35.655 INFO [main][Dialect.java:175] - HHH000400: Using dialect: org.hibernate.dialect.H2Dialect
2022-10-05 22:37:36.146 INFO [main][JtaPlatformInitiator.java:52] - HHH000490: Using JtaPlatform implementation: [org.hibernate.engine.transaction.jta.platform.internal.NoJtaPlatform]
2022-10-05 22:37:36.152 INFO [main][AbstractEntityManagerFactoryBean.java:437] - Initialized JPA EntityManagerFactory for persistence unit 'default'
2022-10-05 22:37:37.164 INFO [main][ExecutorConfigurationSupport.java:181] - Initializing ExecutorService 'applicationTaskExecutor'
2022-10-05 22:37:37.319 INFO [main][DirectJDKLog.java:173] - Starting ProtocolHandler ["http-nio-19201"]
2022-10-05 22:37:37.331 INFO [main][TomcatWebServer.java:220] - Tomcat started on port(s): 19201 (http) with context path ''
2022-10-05 22:37:37.584 INFO [main][StartupInfoLogger.java:61] - Started WebApplication in 5.291 seconds (JVM running for 7.755)
2022-10-05 22:39:35.468 INFO [http-nio-19201-exec-1][DirectJDKLog.java:173] - Initializing Spring DispatcherServlet 'dispatcherServlet'
2022-10-05 22:39:35.468 INFO [http-nio-19201-exec-1][FrameworkServlet.java:525] - Initializing Servlet 'dispatcherServlet'
2022-10-05 22:39:35.469 INFO [http-nio-19201-exec-1][FrameworkServlet.java:547] - Completed initialization in 1 ms
2022-10-05 23:09:07.835 INFO [http-nio-19201-exec-5][PendingReviewPackageController.java:54] - 待审核资源包列表查询
2022-10-05 23:09:07.948 INFO [http-nio-19201-exec-6][PendingReviewPackageController.java:112] - 待审核记录数目查询被调用
2022-10-05 23:09:07.950 INFO [http-nio-19201-exec-8][BeRemovedPackageController.java:91] - 已下架记录数目查询被调用
2022-10-05 23:09:07.950 INFO [http-nio-19201-exec-7][BePublishedPackageController.java:76] - 已发布记录数目查询被调用
2022-10-05 23:09:09.320 INFO [http-nio-19201-exec-9][BePublishedPackageController.java:52] - 已发布资源包列表查询
2022-10-05 23:09:09.378 INFO [http-nio-19201-exec-10][PendingReviewPackageController.java:112] - 待审核记录数目查询被调用
2022-10-05 23:09:09.378 INFO [http-nio-19201-exec-2][BeRemovedPackageController.java:91] - 已下架记录数目查询被调用
2022-10-05 23:09:09.378 INFO [http-nio-19201-exec-1][BePublishedPackageController.java:76] - 已发布记录数目查询被调用
2022-10-05 23:09:09.936 INFO [http-nio-19201-exec-5][BePublishedPackageController.java:76] - 已发布记录数目查询被调用
2022-10-05 23:09:09.936 INFO [http-nio-19201-exec-6][BeRemovedPackageController.java:91] - 已下架记录数目查询被调用
2022-10-05 23:09:09.936 INFO [http-nio-19201-exec-4][PendingReviewPackageController.java:112] - 待审核记录数目查询被调用
2022-10-05 23:09:10.323 INFO [http-nio-19201-exec-7][PendingReviewPackageController.java:54] - 待审核资源包列表查询
2022-10-05 23:09:10.416 INFO [http-nio-19201-exec-8][PendingReviewPackageController.java:112] - 待审核记录数目查询被调用
2022-10-05 23:09:10.416 INFO [http-nio-19201-exec-2][BeRemovedPackageController.java:91] - 已下架记录数目查询被调用
2022-10-05 23:09:10.416 INFO [http-nio-19201-exec-9][BePublishedPackageController.java:76] - 已发布记录数目查询被调用
2022-10-05 23:30:43.184 INFO [http-nio-19201-exec-4][PendingReviewPackageController.java:54] - 待审核资源包列表查询
2022-10-05 23:30:43.276 INFO [http-nio-19201-exec-8][BeRemovedPackageController.java:91] - 已下架记录数目查询被调用
2022-10-05 23:30:43.276 INFO [http-nio-19201-exec-6][PendingReviewPackageController.java:112] - 待审核记录数目查询被调用
2022-10-05 23:30:43.276 INFO [http-nio-19201-exec-7][BePublishedPackageController.java:76] - 已发布记录数目查询被调用
2022-10-05 23:30:46.257 INFO [http-nio-19201-exec-9][BePublishedPackageController.java:52] - 已发布资源包列表查询
2022-10-05 23:30:46.327 INFO [http-nio-19201-exec-1][BeRemovedPackageController.java:91] - 已下架记录数目查询被调用
2022-10-05 23:30:46.327 INFO [http-nio-19201-exec-3][BePublishedPackageController.java:76] - 已发布记录数目查询被调用
2022-10-05 23:30:46.327 INFO [http-nio-19201-exec-2][PendingReviewPackageController.java:112] - 待审核记录数目查询被调用
2022-10-05 23:30:46.975 INFO [http-nio-19201-exec-8][BeRemovedPackageController.java:91] - 已下架记录数目查询被调用
2022-10-05 23:30:46.975 INFO [http-nio-19201-exec-4][BePublishedPackageController.java:76] - 已发布记录数目查询被调用
2022-10-05 23:30:46.975 INFO [http-nio-19201-exec-5][PendingReviewPackageController.java:112] - 待审核记录数目查询被调用
2022-10-05 23:30:47.378 INFO [http-nio-19201-exec-6][PendingReviewPackageController.java:54] - 待审核资源包列表查询
2022-10-05 23:30:47.463 INFO [http-nio-19201-exec-1][BeRemovedPackageController.java:91] - 已下架记录数目查询被调用
2022-10-05 23:30:47.463 INFO [http-nio-19201-exec-7][PendingReviewPackageController.java:112] - 待审核记录数目查询被调用
2022-10-05 23:30:47.463 INFO [http-nio-19201-exec-9][BePublishedPackageController.java:76] - 已发布记录数目查询被调用
2022-10-05 23:31:46.284 INFO [http-nio-19201-exec-2][PendingReviewPackageController.java:54] - 待审核资源包列表查询
2022-10-05 23:31:46.377 INFO [http-nio-19201-exec-5][BePublishedPackageController.java:76] - 已发布记录数目查询被调用
2022-10-05 23:31:46.377 INFO [http-nio-19201-exec-8][BeRemovedPackageController.java:91] - 已下架记录数目查询被调用
2022-10-05 23:31:46.377 INFO [http-nio-19201-exec-10][PendingReviewPackageController.java:112] - 待审核记录数目查询被调用
2022-10-05 23:31:53.765 INFO [http-nio-19201-exec-4][PendingReviewPackageController.java:54] - 待审核资源包列表查询
2022-10-05 23:31:53.831 INFO [http-nio-19201-exec-9][BePublishedPackageController.java:76] - 已发布记录数目查询被调用
2022-10-05 23:31:53.831 INFO [http-nio-19201-exec-1][BeRemovedPackageController.java:91] - 已下架记录数目查询被调用
2022-10-05 23:31:53.833 INFO [http-nio-19201-exec-6][PendingReviewPackageController.java:112] - 待审核记录数目查询被调用
2022-10-05 23:32:02.591 INFO [http-nio-19201-exec-7][PendingReviewPackageController.java:54] - 待审核资源包列表查询
2022-10-05 23:32:02.640 INFO [http-nio-19201-exec-3][PendingReviewPackageController.java:112] - 待审核记录数目查询被调用
2022-10-05 23:32:02.640 INFO [http-nio-19201-exec-2][BePublishedPackageController.java:76] - 已发布记录数目查询被调用
2022-10-05 23:32:02.640 INFO [http-nio-19201-exec-5][BeRemovedPackageController.java:91] - 已下架记录数目查询被调用
2022-10-05 23:32:37.047 INFO [http-nio-19201-exec-8][PendingReviewPackageController.java:54] - 待审核资源包列表查询
2022-10-05 23:32:37.113 INFO [http-nio-19201-exec-10][PendingReviewPackageController.java:112] - 待审核记录数目查询被调用
2022-10-05 23:32:37.113 INFO [http-nio-19201-exec-9][BeRemovedPackageController.java:91] - 已下架记录数目查询被调用
2022-10-05 23:32:37.113 INFO [http-nio-19201-exec-4][BePublishedPackageController.java:76] - 已发布记录数目查询被调用
2022-10-05 23:32:44.247 INFO [http-nio-19201-exec-1][PendingReviewPackageController.java:54] - 待审核资源包列表查询
2022-10-05 23:32:44.311 INFO [http-nio-19201-exec-5][BeRemovedPackageController.java:91] - 已下架记录数目查询被调用
2022-10-05 23:32:44.312 INFO [http-nio-19201-exec-7][BePublishedPackageController.java:76] - 已发布记录数目查询被调用
2022-10-05 23:32:44.312 INFO [http-nio-19201-exec-6][PendingReviewPackageController.java:112] - 待审核记录数目查询被调用
2022-10-05 23:35:33.195 INFO [http-nio-19201-exec-4][PendingReviewPackageController.java:54] - 待审核资源包列表查询
2022-10-05 23:35:33.279 INFO [http-nio-19201-exec-10][PendingReviewPackageController.java:112] - 待审核记录数目查询被调用
2022-10-05 23:35:33.279 INFO [http-nio-19201-exec-1][BePublishedPackageController.java:76] - 已发布记录数目查询被调用
2022-10-05 23:35:33.279 INFO [http-nio-19201-exec-7][BeRemovedPackageController.java:91] - 已下架记录数目查询被调用
2022-10-05 23:35:33.850 INFO [http-nio-19201-exec-5][BePublishedPackageController.java:52] - 已发布资源包列表查询
2022-10-05 23:35:33.914 INFO [http-nio-19201-exec-3][BePublishedPackageController.java:76] - 已发布记录数目查询被调用
2022-10-05 23:35:33.914 INFO [http-nio-19201-exec-6][PendingReviewPackageController.java:112] - 待审核记录数目查询被调用
2022-10-05 23:35:33.914 INFO [http-nio-19201-exec-2][BeRemovedPackageController.java:91] - 已下架记录数目查询被调用
2022-10-05 23:35:34.213 INFO [http-nio-19201-exec-10][BeRemovedPackageController.java:91] - 已下架记录数目查询被调用
2022-10-05 23:35:34.213 INFO [http-nio-19201-exec-4][BePublishedPackageController.java:76] - 已发布记录数目查询被调用
2022-10-05 23:35:34.213 INFO [http-nio-19201-exec-9][PendingReviewPackageController.java:112] - 待审核记录数目查询被调用
2022-10-05 23:35:34.528 INFO [http-nio-19201-exec-1][PendingReviewPackageController.java:54] - 待审核资源包列表查询
2022-10-05 23:35:34.612 INFO [http-nio-19201-exec-6][BeRemovedPackageController.java:91] - 已下架记录数目查询被调用
2022-10-05 23:35:34.612 INFO [http-nio-19201-exec-5][BePublishedPackageController.java:76] - 已发布记录数目查询被调用
2022-10-05 23:35:34.612 INFO [http-nio-19201-exec-7][PendingReviewPackageController.java:112] - 待审核记录数目查询被调用
2022-10-05 23:35:35.617 INFO [http-nio-19201-exec-2][PendingReviewPackageController.java:54] - 待审核资源包列表查询
2022-10-05 23:35:35.699 INFO [http-nio-19201-exec-8][BeRemovedPackageController.java:91] - 已下架记录数目查询被调用
2022-10-05 23:35:35.699 INFO [http-nio-19201-exec-3][PendingReviewPackageController.java:112] - 待审核记录数目查询被调用
2022-10-05 23:35:35.699 INFO [http-nio-19201-exec-9][BePublishedPackageController.java:76] - 已发布记录数目查询被调用
2022-10-05 23:35:36.120 INFO [http-nio-19201-exec-1][BePublishedPackageController.java:76] - 已发布记录数目查询被调用
2022-10-05 23:35:36.120 INFO [http-nio-19201-exec-6][BeRemovedPackageController.java:91] - 已下架记录数目查询被调用
2022-10-05 23:35:36.120 INFO [http-nio-19201-exec-4][PendingReviewPackageController.java:112] - 待审核记录数目查询被调用
2022-10-05 23:35:36.978 INFO [http-nio-19201-exec-5][BePublishedPackageController.java:52] - 已发布资源包列表查询
2022-10-05 23:35:37.039 INFO [http-nio-19201-exec-3][BeRemovedPackageController.java:91] - 已下架记录数目查询被调用
2022-10-05 23:35:37.039 INFO [http-nio-19201-exec-2][BePublishedPackageController.java:76] - 已发布记录数目查询被调用
2022-10-05 23:35:37.039 INFO [http-nio-19201-exec-7][PendingReviewPackageController.java:112] - 待审核记录数目查询被调用
2022-10-05 23:35:37.585 INFO [http-nio-19201-exec-8][PendingReviewPackageController.java:54] - 待审核资源包列表查询
2022-10-05 23:35:37.672 INFO [http-nio-19201-exec-9][PendingReviewPackageController.java:112] - 待审核记录数目查询被调用
2022-10-05 23:35:37.672 INFO [http-nio-19201-exec-10][BePublishedPackageController.java:76] - 已发布记录数目查询被调用
2022-10-05 23:35:37.672 INFO [http-nio-19201-exec-1][BeRemovedPackageController.java:91] - 已下架记录数目查询被调用
2022-10-05 23:36:14.343 INFO [http-nio-19201-exec-4][PendingReviewPackageController.java:54] - 待审核资源包列表查询
2022-10-05 23:36:14.416 INFO [http-nio-19201-exec-3][BeRemovedPackageController.java:91] - 已下架记录数目查询被调用
2022-10-05 23:36:14.416 INFO [http-nio-19201-exec-7][BePublishedPackageController.java:76] - 已发布记录数目查询被调用
2022-10-05 23:36:14.416 INFO [http-nio-19201-exec-5][PendingReviewPackageController.java:112] - 待审核记录数目查询被调用
2022-10-05 23:41:30.932 INFO [http-nio-19201-exec-1][PendingReviewPackageController.java:54] - 待审核资源包列表查询
2022-10-05 23:41:30.992 INFO [http-nio-19201-exec-6][BePublishedPackageController.java:76] - 已发布记录数目查询被调用
2022-10-05 23:41:30.992 INFO [http-nio-19201-exec-10][PendingReviewPackageController.java:112] - 待审核记录数目查询被调用
2022-10-05 23:41:30.992 INFO [http-nio-19201-exec-4][BeRemovedPackageController.java:91] - 已下架记录数目查询被调用
2022-10-05 23:43:05.806 INFO [http-nio-19201-exec-8][PendingReviewPackageController.java:54] - 待审核资源包列表查询
2022-10-05 23:43:05.865 INFO [http-nio-19201-exec-9][PendingReviewPackageController.java:112] - 待审核记录数目查询被调用
2022-10-05 23:43:05.866 INFO [http-nio-19201-exec-2][BePublishedPackageController.java:76] - 已发布记录数目查询被调用
2022-10-05 23:43:05.866 INFO [http-nio-19201-exec-1][BeRemovedPackageController.java:91] - 已下架记录数目查询被调用
2022-10-05 23:43:13.771 INFO [http-nio-19201-exec-6][PendingReviewPackageController.java:54] - 待审核资源包列表查询
2022-10-05 23:43:13.854 INFO [http-nio-19201-exec-5][BePublishedPackageController.java:76] - 已发布记录数目查询被调用
2022-10-05 23:43:13.854 INFO [http-nio-19201-exec-10][PendingReviewPackageController.java:112] - 待审核记录数目查询被调用
2022-10-05 23:43:13.854 INFO [http-nio-19201-exec-3][BeRemovedPackageController.java:91] - 已下架记录数目查询被调用
2022-10-05 23:43:14.349 INFO [http-nio-19201-exec-7][BePublishedPackageController.java:52] - 已发布资源包列表查询
2022-10-05 23:43:14.415 INFO [http-nio-19201-exec-8][PendingReviewPackageController.java:112] - 待审核记录数目查询被调用
2022-10-05 23:43:14.415 INFO [http-nio-19201-exec-2][BeRemovedPackageController.java:91] - 已下架记录数目查询被调用
2022-10-05 23:43:14.415 INFO [http-nio-19201-exec-9][BePublishedPackageController.java:76] - 已发布记录数目查询被调用
2022-10-05 23:43:14.916 INFO [http-nio-19201-exec-3][BeRemovedPackageController.java:91] - 已下架记录数目查询被调用
2022-10-05 23:43:14.916 INFO [http-nio-19201-exec-4][PendingReviewPackageController.java:112] - 待审核记录数目查询被调用
2022-10-05 23:43:14.916 INFO [http-nio-19201-exec-6][BePublishedPackageController.java:76] - 已发布记录数目查询被调用
2022-10-05 23:43:21.731 INFO [http-nio-19201-exec-5][PendingReviewPackageController.java:112] - 待审核记录数目查询被调用
2022-10-05 23:43:21.731 INFO [http-nio-19201-exec-7][BePublishedPackageController.java:76] - 已发布记录数目查询被调用
2022-10-05 23:43:21.731 INFO [http-nio-19201-exec-2][BeRemovedPackageController.java:91] - 已下架记录数目查询被调用
2022-10-05 23:43:35.492 INFO [http-nio-19201-exec-9][PendingReviewPackageController.java:54] - 待审核资源包列表查询
2022-10-05 23:43:35.573 INFO [http-nio-19201-exec-6][BeRemovedPackageController.java:91] - 已下架记录数目查询被调用
2022-10-05 23:43:35.573 INFO [http-nio-19201-exec-4][BePublishedPackageController.java:76] - 已发布记录数目查询被调用
2022-10-05 23:43:35.573 INFO [http-nio-19201-exec-1][PendingReviewPackageController.java:112] - 待审核记录数目查询被调用
2022-10-05 23:43:36.356 INFO [http-nio-19201-exec-3][BePublishedPackageController.java:52] - 已发布资源包列表查询
2022-10-05 23:43:36.418 INFO [http-nio-19201-exec-2][BeRemovedPackageController.java:91] - 已下架记录数目查询被调用
2022-10-05 23:43:36.418 INFO [http-nio-19201-exec-7][BePublishedPackageController.java:76] - 已发布记录数目查询被调用
2022-10-05 23:43:36.418 INFO [http-nio-19201-exec-10][PendingReviewPackageController.java:112] - 待审核记录数目查询被调用
2022-10-05 23:43:37.112 INFO [http-nio-19201-exec-6][BeRemovedPackageController.java:91] - 已下架记录数目查询被调用
2022-10-05 23:43:37.112 INFO [http-nio-19201-exec-8][PendingReviewPackageController.java:112] - 待审核记录数目查询被调用
2022-10-05 23:43:37.112 INFO [http-nio-19201-exec-9][BePublishedPackageController.java:76] - 已发布记录数目查询被调用
2022-10-05 23:43:37.544 INFO [http-nio-19201-exec-4][PendingReviewPackageController.java:54] - 待审核资源包列表查询
2022-10-05 23:43:37.629 INFO [http-nio-19201-exec-2][BePublishedPackageController.java:76] - 已发布记录数目查询被调用
2022-10-05 23:43:37.629 INFO [http-nio-19201-exec-3][BeRemovedPackageController.java:91] - 已下架记录数目查询被调用
2022-10-05 23:43:37.629 INFO [http-nio-19201-exec-1][PendingReviewPackageController.java:112] - 待审核记录数目查询被调用
2022-10-05 23:43:41.695 INFO [http-nio-19201-exec-10][PendingReviewPackageController.java:54] - 待审核资源包列表查询
2022-10-05 23:43:41.779 INFO [http-nio-19201-exec-5][PendingReviewPackageController.java:112] - 待审核记录数目查询被调用
2022-10-05 23:43:41.779 INFO [http-nio-19201-exec-8][BeRemovedPackageController.java:91] - 已下架记录数目查询被调用
2022-10-05 23:43:41.779 INFO [http-nio-19201-exec-9][BePublishedPackageController.java:76] - 已发布记录数目查询被调用
2022-10-05 23:43:42.240 INFO [http-nio-19201-exec-6][BePublishedPackageController.java:52] - 已发布资源包列表查询
2022-10-05 23:43:42.305 INFO [http-nio-19201-exec-4][PendingReviewPackageController.java:112] - 待审核记录数目查询被调用
2022-10-05 23:43:42.305 INFO [http-nio-19201-exec-1][BeRemovedPackageController.java:91] - 已下架记录数目查询被调用
2022-10-05 23:43:42.306 INFO [http-nio-19201-exec-2][BePublishedPackageController.java:76] - 已发布记录数目查询被调用
2022-10-05 23:43:43.128 INFO [http-nio-19201-exec-3][PendingReviewPackageController.java:54] - 待审核资源包列表查询
2022-10-05 23:43:43.218 INFO [http-nio-19201-exec-9][BeRemovedPackageController.java:91] - 已下架记录数目查询被调用
2022-10-05 23:43:43.218 INFO [http-nio-19201-exec-10][BePublishedPackageController.java:76] - 已发布记录数目查询被调用
2022-10-05 23:43:43.218 INFO [http-nio-19201-exec-7][PendingReviewPackageController.java:112] - 待审核记录数目查询被调用
2022-10-05 23:51:18.558 INFO [SpringContextShutdownHook][ExecutorConfigurationSupport.java:218] - Shutting down ExecutorService 'applicationTaskExecutor'
2022-10-05 23:51:18.559 INFO [SpringContextShutdownHook][AbstractEntityManagerFactoryBean.java:651] - Closing JPA EntityManagerFactory for persistence unit 'default'
2022-10-05 23:51:18.576 INFO [SpringContextShutdownHook][DruidDataSource.java:1948] - {dataSource-1} closing ...
2022-10-05 23:51:18.577 INFO [SpringContextShutdownHook][DruidDataSource.java:2020] - {dataSource-1} closed
