2022-09-23 09:09:34.795 INFO [main][StartupInfoLogger.java:55] - Starting WebApplication using Java 11.0.9.1 on myComputer with PID 18592 (C:\Users\Lenovo\IdeaProjects\DeploymentResource\web\target\classes started by Lenovo in C:\Users\Lenovo\IdeaProjects\DeploymentResource)
2022-09-23 09:09:34.839 INFO [main][SpringApplication.java:660] - No active profile set, falling back to default profiles: default
2022-09-23 09:09:40.021 INFO [main][RepositoryConfigurationDelegate.java:128] - Bootstrapping Spring Data JPA repositories in DEFAULT mode.
2022-09-23 09:09:40.111 INFO [main][RepositoryConfigurationDelegate.java:188] - Finished Spring Data repository scanning in 47 ms. Found 0 JPA repository interfaces.
2022-09-23 09:09:42.891 INFO [main][TomcatWebServer.java:108] - Tomcat initialized with port(s): 19201 (http)
2022-09-23 09:09:42.944 INFO [main][DirectJDKLog.java:173] - Initializing ProtocolHandler ["http-nio-19201"]
2022-09-23 09:09:42.947 INFO [main][DirectJDKLog.java:173] - Starting service [Tomcat]
2022-09-23 09:09:42.948 INFO [main][DirectJDKLog.java:173] - Starting Servlet engine: [Apache Tomcat/9.0.41]
2022-09-23 09:09:43.545 INFO [main][DirectJDKLog.java:173] - Initializing Spring embedded WebApplicationContext
2022-09-23 09:09:43.546 INFO [main][ServletWebServerApplicationContext.java:289] - Root WebApplicationContext: initialization completed in 8474 ms
2022-09-23 09:09:43.687 INFO [main][DruidDataSourceAutoConfigure.java:56] - Init DruidDataSource
2022-09-23 09:09:44.980 INFO [main][DruidDataSource.java:1003] - {dataSource-1} inited
2022-09-23 09:09:45.062 INFO [main][H2ConsoleAutoConfiguration.java:68] - H2 console available at '/h2-console'. Database available at 'jdbc:h2:file:./web/src/main/resources/H2DataBase/h2db'
2022-09-23 09:09:45.683 INFO [main][LogHelper.java:31] - HHH000204: Processing PersistenceUnitInfo [name: default]
2022-09-23 09:09:46.057 INFO [main][Version.java:44] - HHH000412: Hibernate ORM core version 5.4.25.Final
2022-09-23 09:09:46.841 INFO [main][JavaReflectionManager.java:56] - HCANN000001: Hibernate Commons Annotations {5.1.2.Final}
2022-09-23 09:09:47.590 INFO [main][Dialect.java:175] - HHH000400: Using dialect: org.hibernate.dialect.H2Dialect
2022-09-23 09:09:51.389 INFO [main][JtaPlatformInitiator.java:52] - HHH000490: Using JtaPlatform implementation: [org.hibernate.engine.transaction.jta.platform.internal.NoJtaPlatform]
2022-09-23 09:09:51.451 INFO [main][AbstractEntityManagerFactoryBean.java:437] - Initialized JPA EntityManagerFactory for persistence unit 'default'
2022-09-23 09:09:58.537 INFO [main][ExecutorConfigurationSupport.java:181] - Initializing ExecutorService 'applicationTaskExecutor'
2022-09-23 09:09:59.410 INFO [main][DirectJDKLog.java:173] - Starting ProtocolHandler ["http-nio-19201"]
2022-09-23 09:09:59.511 INFO [main][TomcatWebServer.java:220] - Tomcat started on port(s): 19201 (http) with context path ''
2022-09-23 09:10:00.593 INFO [main][StartupInfoLogger.java:61] - Started WebApplication in 27.739 seconds (JVM running for 36.583)
2022-09-23 09:10:19.094 INFO [http-nio-19201-exec-2][DirectJDKLog.java:173] - Initializing Spring DispatcherServlet 'dispatcherServlet'
2022-09-23 09:10:19.097 INFO [http-nio-19201-exec-2][FrameworkServlet.java:525] - Initializing Servlet 'dispatcherServlet'
2022-09-23 09:10:19.103 INFO [http-nio-19201-exec-2][FrameworkServlet.java:547] - Completed initialization in 6 ms
2022-09-23 09:14:20.792 INFO [http-nio-19201-exec-10][PendingReviewPackageController.java:53] - 待审核资源包列表查询
2022-09-23 09:25:44.628 INFO [http-nio-19201-exec-2][BePublishedPackageController.java:52] - 已发布资源包列表查询
2022-09-23 09:25:48.594 INFO [http-nio-19201-exec-4][PendingReviewPackageController.java:53] - 待审核资源包列表查询
2022-09-23 09:26:29.322 INFO [http-nio-19201-exec-10][PendingReviewPackageController.java:53] - 待审核资源包列表查询
2022-09-23 09:47:31.976 INFO [http-nio-19201-exec-4][PendingReviewPackageController.java:53] - 待审核资源包列表查询
2022-09-23 09:47:46.195 INFO [http-nio-19201-exec-5][BePublishedPackageController.java:52] - 已发布资源包列表查询
2022-09-23 09:47:57.891 INFO [http-nio-19201-exec-6][PendingReviewPackageController.java:53] - 待审核资源包列表查询
2022-09-23 09:48:00.269 INFO [http-nio-19201-exec-7][PendingReviewPackageController.java:53] - 待审核资源包列表查询
2022-09-23 09:48:00.752 INFO [http-nio-19201-exec-8][BePublishedPackageController.java:52] - 已发布资源包列表查询
2022-09-23 09:48:05.080 INFO [http-nio-19201-exec-10][PendingReviewPackageController.java:53] - 待审核资源包列表查询
2022-09-23 09:48:05.648 INFO [http-nio-19201-exec-1][BePublishedPackageController.java:52] - 已发布资源包列表查询
2022-09-23 09:48:06.390 INFO [http-nio-19201-exec-2][PendingReviewPackageController.java:53] - 待审核资源包列表查询
2022-09-23 09:48:07.225 INFO [http-nio-19201-exec-3][BePublishedPackageController.java:52] - 已发布资源包列表查询
2022-09-23 09:48:16.694 INFO [http-nio-19201-exec-5][BePublishedPackageController.java:52] - 已发布资源包列表查询
2022-09-23 09:48:19.496 INFO [http-nio-19201-exec-7][BePublishedPackageController.java:52] - 已发布资源包列表查询
2022-09-23 09:48:19.580 INFO [http-nio-19201-exec-8][BePublishedPackageController.java:62] - 下架方法被调用
2022-09-23 09:48:19.630 INFO [http-nio-19201-exec-8][BePublishedPackageController.java:66] - 下架:36
2022-09-23 09:55:24.418 INFO [http-nio-19201-exec-4][PendingReviewPackageController.java:53] - 待审核资源包列表查询
2022-09-23 09:55:58.011 INFO [http-nio-19201-exec-6][PendingReviewPackageController.java:53] - 待审核资源包列表查询
2022-09-23 09:55:58.059 INFO [http-nio-19201-exec-7][PendingReviewPackageController.java:70] - 拒绝18
2022-09-23 09:56:02.808 INFO [http-nio-19201-exec-8][PendingReviewPackageController.java:53] - 待审核资源包列表查询
2022-09-23 09:56:23.810 INFO [http-nio-19201-exec-10][PendingReviewPackageController.java:53] - 待审核资源包列表查询
2022-09-23 09:56:23.834 INFO [http-nio-19201-exec-1][PendingReviewPackageController.java:83] - 安全扫描17
2022-09-23 09:56:25.173 INFO [http-nio-19201-exec-2][PendingReviewPackageController.java:53] - 待审核资源包列表查询
2022-09-23 09:56:33.756 INFO [http-nio-19201-exec-4][PendingReviewPackageController.java:53] - 待审核资源包列表查询
2022-09-23 09:56:33.784 INFO [http-nio-19201-exec-5][PendingReviewPackageController.java:96] - 安全扫描17
2022-09-23 09:56:37.198 INFO [http-nio-19201-exec-6][BePublishedPackageController.java:52] - 已发布资源包列表查询
2022-09-23 09:56:57.110 INFO [http-nio-19201-exec-7][PendingReviewPackageController.java:53] - 待审核资源包列表查询
2022-09-23 09:57:01.228 INFO [http-nio-19201-exec-8][BePublishedPackageController.java:52] - 已发布资源包列表查询
2022-09-23 09:57:01.881 INFO [http-nio-19201-exec-9][PendingReviewPackageController.java:53] - 待审核资源包列表查询
2022-09-23 09:57:10.718 INFO [http-nio-19201-exec-1][BePublishedPackageController.java:52] - 已发布资源包列表查询
2022-09-23 09:57:12.376 INFO [http-nio-19201-exec-10][PendingReviewPackageController.java:53] - 待审核资源包列表查询
2022-09-23 09:57:40.850 INFO [http-nio-19201-exec-3][BePublishedPackageController.java:52] - 已发布资源包列表查询
2022-09-23 15:31:04.990 INFO [http-nio-19201-exec-8][PendingReviewPackageController.java:53] - 待审核资源包列表查询
