2022-09-10 16:35:41.614 INFO [main][StartupInfoLogger.java:55] - Starting WebApplication using Java 1.8.0_332 on FJH2022 with PID 4204 (D:\IDEAProject\DeploymentResource\web\target\classes started by Administrator in D:\IDEAProject\DeploymentResource)
2022-09-10 16:35:41.618 INFO [main][SpringApplication.java:660] - No active profile set, falling back to default profiles: default
2022-09-10 16:35:42.347 INFO [main][RepositoryConfigurationDelegate.java:128] - Bootstrapping Spring Data JPA repositories in DEFAULT mode.
2022-09-10 16:35:42.360 INFO [main][RepositoryConfigurationDelegate.java:188] - Finished Spring Data repository scanning in 4 ms. Found 0 JPA repository interfaces.
2022-09-10 16:35:42.418 WARN [main][Logger.java:44] - No MyBatis mapper was found in '[com.feng.web]' package. Please check your configuration.
2022-09-10 16:35:42.629 INFO [main][TomcatWebServer.java:108] - Tomcat initialized with port(s): 19201 (http)
2022-09-10 16:35:42.633 INFO [main][DirectJDKLog.java:173] - Initializing ProtocolHandler ["http-nio-19201"]
2022-09-10 16:35:42.633 INFO [main][DirectJDKLog.java:173] - Starting service [Tomcat]
2022-09-10 16:35:42.634 INFO [main][DirectJDKLog.java:173] - Starting Servlet engine: [Apache Tomcat/9.0.41]
2022-09-10 16:35:42.671 INFO [main][DirectJDKLog.java:173] - Initializing Spring embedded WebApplicationContext
2022-09-10 16:35:42.671 INFO [main][ServletWebServerApplicationContext.java:289] - Root WebApplicationContext: initialization completed in 1009 ms
2022-09-10 16:35:42.701 INFO [main][DruidDataSourceAutoConfigure.java:56] - Init DruidDataSource
2022-09-10 16:35:42.764 WARN [main][AbstractApplicationContext.java:596] - Exception encountered during context initialization - cancelling refresh attempt: org.springframework.beans.factory.UnsatisfiedDependencyException: Error creating bean with name 'org.springframework.boot.autoconfigure.orm.jpa.HibernateJpaConfiguration': Unsatisfied dependency expressed through constructor parameter 0; nested exception is org.springframework.beans.factory.BeanCreationException: Error creating bean with name 'dataSource' defined in class path resource [com/alibaba/druid/spring/boot/autoconfigure/DruidDataSourceAutoConfigure.class]: Invocation of init method failed; nested exception is org.springframework.boot.autoconfigure.jdbc.DataSourceProperties$DataSourceBeanCreationException: Failed to determine a suitable driver class
2022-09-10 16:35:42.765 INFO [main][DirectJDKLog.java:173] - Stopping service [Tomcat]
2022-09-10 16:35:42.773 INFO [main][ConditionEvaluationReportLoggingListener.java:136] - 

Error starting ApplicationContext. To display the conditions report re-run your application with 'debug' enabled.
2022-09-10 16:35:42.782 ERROR [main][LoggingFailureAnalysisReporter.java:40] - 

***************************
APPLICATION FAILED TO START
***************************

Description:

Failed to configure a DataSource: 'url' attribute is not specified and no embedded datasource could be configured.

Reason: Failed to determine a suitable driver class


Action:

Consider the following:
	If you want an embedded database (H2, HSQL or Derby), please put it on the classpath.
	If you have database settings to be loaded from a particular profile you may need to activate it (no profiles are currently active).

2022-09-10 16:38:08.989 INFO [main][StartupInfoLogger.java:55] - Starting WebApplication using Java 1.8.0_332 on FJH2022 with PID 6584 (D:\IDEAProject\DeploymentResource\web\target\classes started by Administrator in D:\IDEAProject\DeploymentResource)
2022-09-10 16:38:08.993 INFO [main][SpringApplication.java:660] - No active profile set, falling back to default profiles: default
2022-09-10 16:38:09.411 INFO [main][RepositoryConfigurationDelegate.java:128] - Bootstrapping Spring Data JPA repositories in DEFAULT mode.
2022-09-10 16:38:09.419 INFO [main][RepositoryConfigurationDelegate.java:188] - Finished Spring Data repository scanning in 2 ms. Found 0 JPA repository interfaces.
2022-09-10 16:38:09.474 WARN [main][Logger.java:44] - No MyBatis mapper was found in '[com.feng.web]' package. Please check your configuration.
2022-09-10 16:38:09.656 INFO [main][TomcatWebServer.java:108] - Tomcat initialized with port(s): 19201 (http)
2022-09-10 16:38:09.661 INFO [main][DirectJDKLog.java:173] - Initializing ProtocolHandler ["http-nio-19201"]
2022-09-10 16:38:09.662 INFO [main][DirectJDKLog.java:173] - Starting service [Tomcat]
2022-09-10 16:38:09.662 INFO [main][DirectJDKLog.java:173] - Starting Servlet engine: [Apache Tomcat/9.0.41]
2022-09-10 16:38:09.697 INFO [main][DirectJDKLog.java:173] - Initializing Spring embedded WebApplicationContext
2022-09-10 16:38:09.697 INFO [main][ServletWebServerApplicationContext.java:289] - Root WebApplicationContext: initialization completed in 655 ms
2022-09-10 16:38:09.714 INFO [main][DruidDataSourceAutoConfigure.java:56] - Init DruidDataSource
2022-09-10 16:38:09.901 INFO [main][DruidDataSource.java:1003] - {dataSource-1} inited
2022-09-10 16:38:09.910 INFO [main][H2ConsoleAutoConfiguration.java:68] - H2 console available at '/h2-console'. Database available at 'jdbc:h2:file:./web/src/main/resources/H2DataBase/h2db'
2022-09-10 16:38:09.966 INFO [main][LogHelper.java:31] - HHH000204: Processing PersistenceUnitInfo [name: default]
2022-09-10 16:38:09.995 INFO [main][Version.java:44] - HHH000412: Hibernate ORM core version 5.4.25.Final
2022-09-10 16:38:10.119 INFO [main][JavaReflectionManager.java:56] - HCANN000001: Hibernate Commons Annotations {5.1.2.Final}
2022-09-10 16:38:10.199 INFO [main][Dialect.java:175] - HHH000400: Using dialect: org.hibernate.dialect.H2Dialect
2022-09-10 16:38:10.404 INFO [main][JtaPlatformInitiator.java:52] - HHH000490: Using JtaPlatform implementation: [org.hibernate.engine.transaction.jta.platform.internal.NoJtaPlatform]
2022-09-10 16:38:10.410 INFO [main][AbstractEntityManagerFactoryBean.java:437] - Initialized JPA EntityManagerFactory for persistence unit 'default'
2022-09-10 16:38:10.627 INFO [main][ExecutorConfigurationSupport.java:181] - Initializing ExecutorService 'applicationTaskExecutor'
2022-09-10 16:38:10.919 INFO [main][DirectJDKLog.java:173] - Starting ProtocolHandler ["http-nio-19201"]
2022-09-10 16:38:10.930 INFO [main][TomcatWebServer.java:220] - Tomcat started on port(s): 19201 (http) with context path ''
2022-09-10 16:38:11.038 INFO [main][StartupInfoLogger.java:61] - Started WebApplication in 2.225 seconds (JVM running for 2.797)
2022-09-10 16:38:16.878 INFO [http-nio-19201-exec-1][DirectJDKLog.java:173] - Initializing Spring DispatcherServlet 'dispatcherServlet'
2022-09-10 16:38:16.878 INFO [http-nio-19201-exec-1][FrameworkServlet.java:525] - Initializing Servlet 'dispatcherServlet'
2022-09-10 16:38:16.879 INFO [http-nio-19201-exec-1][FrameworkServlet.java:547] - Completed initialization in 1 ms
2022-09-10 16:40:34.748 INFO [SpringContextShutdownHook][ExecutorConfigurationSupport.java:218] - Shutting down ExecutorService 'applicationTaskExecutor'
2022-09-10 16:40:34.748 INFO [SpringContextShutdownHook][AbstractEntityManagerFactoryBean.java:651] - Closing JPA EntityManagerFactory for persistence unit 'default'
2022-09-10 16:40:34.750 INFO [SpringContextShutdownHook][DruidDataSource.java:1948] - {dataSource-1} closing ...
2022-09-10 16:40:34.751 INFO [SpringContextShutdownHook][DruidDataSource.java:2020] - {dataSource-1} closed
