2022-10-31 08:39:34.759 INFO [main][StartupInfoLogger.java:55] - Starting WebApplication using Java 1.8.0_345 on fengjinhe with PID 34508 (C:\Users\冯金河\IdeaProjects\DeploymentResource\web\target\classes started by 冯金河 in C:\Users\冯金河\IdeaProjects\DeploymentResource)
2022-10-31 08:39:34.759 INFO [main][SpringApplication.java:660] - No active profile set, falling back to default profiles: default
2022-10-31 08:39:35.384 INFO [main][RepositoryConfigurationDelegate.java:128] - Bootstrapping Spring Data JPA repositories in DEFAULT mode.
2022-10-31 08:39:35.384 INFO [main][RepositoryConfigurationDelegate.java:188] - Finished Spring Data repository scanning in 5 ms. Found 0 JPA repository interfaces.
2022-10-31 08:39:35.745 INFO [main][TomcatWebServer.java:108] - Tomcat initialized with port(s): 19201 (http)
2022-10-31 08:39:35.745 INFO [main][DirectJDKLog.java:173] - Initializing ProtocolHandler ["http-nio-19201"]
2022-10-31 08:39:35.745 INFO [main][DirectJDKLog.java:173] - Starting service [Tomcat]
2022-10-31 08:39:35.745 INFO [main][DirectJDKLog.java:173] - Starting Servlet engine: [Apache Tomcat/9.0.41]
2022-10-31 08:39:35.815 INFO [main][DirectJDKLog.java:173] - Initializing Spring embedded WebApplicationContext
2022-10-31 08:39:35.815 INFO [main][ServletWebServerApplicationContext.java:289] - Root WebApplicationContext: initialization completed in 994 ms
2022-10-31 08:39:35.822 INFO [main][DruidDataSourceAutoConfigure.java:56] - Init DruidDataSource
2022-10-31 08:39:36.041 INFO [main][DruidDataSource.java:1003] - {dataSource-1} inited
2022-10-31 08:39:36.057 INFO [main][H2ConsoleAutoConfiguration.java:68] - H2 console available at '/h2-console'. Database available at 'jdbc:h2:file:./web/src/main/resources/H2DataBase/h2db'
2022-10-31 08:39:36.135 INFO [main][LogHelper.java:31] - HHH000204: Processing PersistenceUnitInfo [name: default]
2022-10-31 08:39:36.166 INFO [main][Version.java:44] - HHH000412: Hibernate ORM core version 5.4.25.Final
2022-10-31 08:39:36.244 INFO [main][JavaReflectionManager.java:56] - HCANN000001: Hibernate Commons Annotations {5.1.2.Final}
2022-10-31 08:39:36.323 INFO [main][Dialect.java:175] - HHH000400: Using dialect: org.hibernate.dialect.H2Dialect
2022-10-31 08:39:36.760 INFO [main][JtaPlatformInitiator.java:52] - HHH000490: Using JtaPlatform implementation: [org.hibernate.engine.transaction.jta.platform.internal.NoJtaPlatform]
2022-10-31 08:39:36.776 INFO [main][AbstractEntityManagerFactoryBean.java:437] - Initialized JPA EntityManagerFactory for persistence unit 'default'
2022-10-31 08:39:37.635 INFO [main][ExecutorConfigurationSupport.java:181] - Initializing ExecutorService 'applicationTaskExecutor'
2022-10-31 08:39:37.856 INFO [main][DirectJDKLog.java:173] - Starting ProtocolHandler ["http-nio-19201"]
2022-10-31 08:39:37.872 INFO [main][TomcatWebServer.java:220] - Tomcat started on port(s): 19201 (http) with context path ''
2022-10-31 08:39:38.059 INFO [main][StartupInfoLogger.java:61] - Started WebApplication in 3.57 seconds (JVM running for 4.605)
2022-10-31 08:39:43.173 INFO [http-nio-19201-exec-1][DirectJDKLog.java:173] - Initializing Spring DispatcherServlet 'dispatcherServlet'
2022-10-31 08:39:43.173 INFO [http-nio-19201-exec-1][FrameworkServlet.java:525] - Initializing Servlet 'dispatcherServlet'
2022-10-31 08:39:43.173 INFO [http-nio-19201-exec-1][FrameworkServlet.java:547] - Completed initialization in 0 ms
2022-10-31 09:13:09.143 INFO [SpringContextShutdownHook][ExecutorConfigurationSupport.java:218] - Shutting down ExecutorService 'applicationTaskExecutor'
2022-10-31 09:13:09.145 INFO [SpringContextShutdownHook][AbstractEntityManagerFactoryBean.java:651] - Closing JPA EntityManagerFactory for persistence unit 'default'
2022-10-31 09:13:09.147 INFO [SpringContextShutdownHook][DruidDataSource.java:1948] - {dataSource-1} closing ...
2022-10-31 09:13:09.149 INFO [SpringContextShutdownHook][DruidDataSource.java:2020] - {dataSource-1} closed
2022-10-31 13:49:38.963 INFO [main][StartupInfoLogger.java:55] - Starting WebApplication using Java 1.8.0_345 on fengjinhe with PID 27608 (C:\Users\冯金河\IdeaProjects\DeploymentResource\web\target\classes started by 冯金河 in C:\Users\冯金河\IdeaProjects\DeploymentResource)
2022-10-31 13:49:38.978 INFO [main][SpringApplication.java:660] - No active profile set, falling back to default profiles: default
2022-10-31 13:49:39.732 INFO [main][RepositoryConfigurationDelegate.java:128] - Bootstrapping Spring Data JPA repositories in DEFAULT mode.
2022-10-31 13:49:39.747 INFO [main][RepositoryConfigurationDelegate.java:188] - Finished Spring Data repository scanning in 9 ms. Found 0 JPA repository interfaces.
2022-10-31 13:49:40.232 INFO [main][TomcatWebServer.java:108] - Tomcat initialized with port(s): 19201 (http)
2022-10-31 13:49:40.232 INFO [main][DirectJDKLog.java:173] - Initializing ProtocolHandler ["http-nio-19201"]
2022-10-31 13:49:40.232 INFO [main][DirectJDKLog.java:173] - Starting service [Tomcat]
2022-10-31 13:49:40.232 INFO [main][DirectJDKLog.java:173] - Starting Servlet engine: [Apache Tomcat/9.0.41]
2022-10-31 13:49:40.326 INFO [main][DirectJDKLog.java:173] - Initializing Spring embedded WebApplicationContext
2022-10-31 13:49:40.326 INFO [main][ServletWebServerApplicationContext.java:289] - Root WebApplicationContext: initialization completed in 1285 ms
2022-10-31 13:49:40.357 INFO [main][DruidDataSourceAutoConfigure.java:56] - Init DruidDataSource
2022-10-31 13:49:40.639 INFO [main][DruidDataSource.java:1003] - {dataSource-1} inited
2022-10-31 13:49:40.655 INFO [main][H2ConsoleAutoConfiguration.java:68] - H2 console available at '/h2-console'. Database available at 'jdbc:h2:file:./web/src/main/resources/H2DataBase/h2db'
2022-10-31 13:49:40.749 INFO [main][LogHelper.java:31] - HHH000204: Processing PersistenceUnitInfo [name: default]
2022-10-31 13:49:40.811 INFO [main][Version.java:44] - HHH000412: Hibernate ORM core version 5.4.25.Final
2022-10-31 13:49:40.936 INFO [main][JavaReflectionManager.java:56] - HCANN000001: Hibernate Commons Annotations {5.1.2.Final}
2022-10-31 13:49:41.045 INFO [main][Dialect.java:175] - HHH000400: Using dialect: org.hibernate.dialect.H2Dialect
2022-10-31 13:49:41.658 INFO [main][JtaPlatformInitiator.java:52] - HHH000490: Using JtaPlatform implementation: [org.hibernate.engine.transaction.jta.platform.internal.NoJtaPlatform]
2022-10-31 13:49:41.658 INFO [main][AbstractEntityManagerFactoryBean.java:437] - Initialized JPA EntityManagerFactory for persistence unit 'default'
2022-10-31 13:49:42.986 INFO [main][ExecutorConfigurationSupport.java:181] - Initializing ExecutorService 'applicationTaskExecutor'
2022-10-31 13:49:43.283 INFO [main][DirectJDKLog.java:173] - Starting ProtocolHandler ["http-nio-19201"]
2022-10-31 13:49:43.299 INFO [main][TomcatWebServer.java:220] - Tomcat started on port(s): 19201 (http) with context path ''
2022-10-31 13:49:43.505 INFO [main][StartupInfoLogger.java:61] - Started WebApplication in 4.858 seconds (JVM running for 5.742)
2022-10-31 18:11:32.127 INFO [http-nio-19201-exec-1][DirectJDKLog.java:173] - Initializing Spring DispatcherServlet 'dispatcherServlet'
2022-10-31 18:11:32.132 INFO [http-nio-19201-exec-1][FrameworkServlet.java:525] - Initializing Servlet 'dispatcherServlet'
2022-10-31 18:11:32.174 INFO [http-nio-19201-exec-1][FrameworkServlet.java:547] - Completed initialization in 41 ms
2022-10-31 20:25:26.717 INFO [SpringContextShutdownHook][ExecutorConfigurationSupport.java:218] - Shutting down ExecutorService 'applicationTaskExecutor'
2022-10-31 20:25:26.728 INFO [SpringContextShutdownHook][AbstractEntityManagerFactoryBean.java:651] - Closing JPA EntityManagerFactory for persistence unit 'default'
2022-10-31 20:25:26.745 INFO [SpringContextShutdownHook][DruidDataSource.java:1948] - {dataSource-1} closing ...
2022-10-31 20:25:26.748 INFO [SpringContextShutdownHook][DruidDataSource.java:2020] - {dataSource-1} closed
