2022-09-24 10:15:47.715 INFO [main][StartupInfoLogger.java:55] - Starting WebApplication using Java 1.8.0_332 on FJH2022 with PID 24888 (D:\IDEAProject\DeploymentResource\web\target\classes started by Administrator in D:\IDEAProject\DeploymentResource)
2022-09-24 10:15:47.720 INFO [main][SpringApplication.java:660] - No active profile set, falling back to default profiles: default
2022-09-24 10:15:48.787 INFO [main][RepositoryConfigurationDelegate.java:128] - Bootstrapping Spring Data JPA repositories in DEFAULT mode.
2022-09-24 10:15:48.796 INFO [main][RepositoryConfigurationDelegate.java:188] - Finished Spring Data repository scanning in 3 ms. Found 0 JPA repository interfaces.
2022-09-24 10:15:49.149 INFO [main][TomcatWebServer.java:108] - Tomcat initialized with port(s): 19201 (http)
2022-09-24 10:15:49.154 INFO [main][DirectJDKLog.java:173] - Initializing ProtocolHandler ["http-nio-19201"]
2022-09-24 10:15:49.154 INFO [main][DirectJDKLog.java:173] - Starting service [Tomcat]
2022-09-24 10:15:49.154 INFO [main][DirectJDKLog.java:173] - Starting Servlet engine: [Apache Tomcat/9.0.41]
2022-09-24 10:15:49.196 INFO [main][DirectJDKLog.java:173] - Initializing Spring embedded WebApplicationContext
2022-09-24 10:15:49.196 INFO [main][ServletWebServerApplicationContext.java:289] - Root WebApplicationContext: initialization completed in 1422 ms
2022-09-24 10:15:49.253 INFO [main][DruidDataSourceAutoConfigure.java:56] - Init DruidDataSource
2022-09-24 10:15:49.534 INFO [main][DruidDataSource.java:1003] - {dataSource-1} inited
2022-09-24 10:15:49.542 INFO [main][H2ConsoleAutoConfiguration.java:68] - H2 console available at '/h2-console'. Database available at 'jdbc:h2:file:./web/src/main/resources/H2DataBase/h2db'
2022-09-24 10:15:49.603 INFO [main][LogHelper.java:31] - HHH000204: Processing PersistenceUnitInfo [name: default]
2022-09-24 10:15:49.631 INFO [main][Version.java:44] - HHH000412: Hibernate ORM core version 5.4.25.Final
2022-09-24 10:15:49.735 INFO [main][JavaReflectionManager.java:56] - HCANN000001: Hibernate Commons Annotations {5.1.2.Final}
2022-09-24 10:15:49.804 INFO [main][Dialect.java:175] - HHH000400: Using dialect: org.hibernate.dialect.H2Dialect
2022-09-24 10:15:50.224 INFO [main][JtaPlatformInitiator.java:52] - HHH000490: Using JtaPlatform implementation: [org.hibernate.engine.transaction.jta.platform.internal.NoJtaPlatform]
2022-09-24 10:15:50.229 INFO [main][AbstractEntityManagerFactoryBean.java:437] - Initialized JPA EntityManagerFactory for persistence unit 'default'
2022-09-24 10:15:50.862 INFO [main][ExecutorConfigurationSupport.java:181] - Initializing ExecutorService 'applicationTaskExecutor'
2022-09-24 10:15:50.983 INFO [main][DirectJDKLog.java:173] - Starting ProtocolHandler ["http-nio-19201"]
2022-09-24 10:15:50.993 INFO [main][TomcatWebServer.java:220] - Tomcat started on port(s): 19201 (http) with context path ''
2022-09-24 10:15:51.197 INFO [main][StartupInfoLogger.java:61] - Started WebApplication in 3.805 seconds (JVM running for 4.628)
2022-09-24 10:16:05.686 INFO [http-nio-19201-exec-1][DirectJDKLog.java:173] - Initializing Spring DispatcherServlet 'dispatcherServlet'
2022-09-24 10:16:05.686 INFO [http-nio-19201-exec-1][FrameworkServlet.java:525] - Initializing Servlet 'dispatcherServlet'
2022-09-24 10:16:05.687 INFO [http-nio-19201-exec-1][FrameworkServlet.java:547] - Completed initialization in 0 ms
2022-09-24 10:16:14.410 INFO [http-nio-19201-exec-8][BePublishedPackageController.java:76] - 已发布记录数目查询被调用
2022-09-24 10:16:33.068 INFO [http-nio-19201-exec-9][BeRemovedPackageController.java:94] - 已下架记录数目查询被调用
2022-09-24 10:16:35.039 INFO [http-nio-19201-exec-10][BeRemovedPackageController.java:94] - 已下架记录数目查询被调用
2022-09-24 10:16:59.717 INFO [http-nio-19201-exec-3][PendingReviewPackageController.java:112] - 待审核记录数目查询被调用
2022-09-24 10:17:00.497 INFO [http-nio-19201-exec-2][PendingReviewPackageController.java:112] - 待审核记录数目查询被调用
2022-09-24 10:17:14.649 INFO [http-nio-19201-exec-7][PendingReviewPackageController.java:54] - 待审核资源包列表查询
2022-09-24 10:37:04.434 INFO [http-nio-19201-exec-10][PendingReviewPackageController.java:54] - 待审核资源包列表查询
2022-09-24 10:37:37.502 INFO [http-nio-19201-exec-3][PendingReviewPackageController.java:54] - 待审核资源包列表查询
2022-09-24 10:38:51.202 INFO [http-nio-19201-exec-1][PendingReviewPackageController.java:54] - 待审核资源包列表查询
2022-09-24 10:39:29.614 INFO [http-nio-19201-exec-4][PendingReviewPackageController.java:54] - 待审核资源包列表查询
2022-09-24 10:39:29.616 INFO [http-nio-19201-exec-5][PendingReviewPackageController.java:112] - 待审核记录数目查询被调用
2022-09-24 10:39:45.674 INFO [http-nio-19201-exec-6][PendingReviewPackageController.java:54] - 待审核资源包列表查询
2022-09-24 10:39:45.676 INFO [http-nio-19201-exec-7][PendingReviewPackageController.java:112] - 待审核记录数目查询被调用
2022-09-24 10:40:33.437 INFO [http-nio-19201-exec-8][PendingReviewPackageController.java:54] - 待审核资源包列表查询
2022-09-24 10:40:33.439 INFO [http-nio-19201-exec-9][PendingReviewPackageController.java:112] - 待审核记录数目查询被调用
2022-09-24 10:41:57.141 INFO [http-nio-19201-exec-2][PendingReviewPackageController.java:54] - 待审核资源包列表查询
2022-09-24 10:41:57.142 INFO [http-nio-19201-exec-1][PendingReviewPackageController.java:112] - 待审核记录数目查询被调用
2022-09-24 10:48:39.551 INFO [http-nio-19201-exec-7][PendingReviewPackageController.java:54] - 待审核资源包列表查询
2022-09-24 10:48:39.552 INFO [http-nio-19201-exec-6][PendingReviewPackageController.java:112] - 待审核记录数目查询被调用
2022-09-24 10:55:29.740 INFO [http-nio-19201-exec-10][PendingReviewPackageController.java:54] - 待审核资源包列表查询
2022-09-24 10:55:29.741 INFO [http-nio-19201-exec-3][PendingReviewPackageController.java:112] - 待审核记录数目查询被调用
2022-09-24 10:55:31.830 INFO [http-nio-19201-exec-1][PendingReviewPackageController.java:54] - 待审核资源包列表查询
2022-09-24 10:55:31.831 INFO [http-nio-19201-exec-2][PendingReviewPackageController.java:112] - 待审核记录数目查询被调用
2022-09-24 10:57:42.075 INFO [http-nio-19201-exec-6][PendingReviewPackageController.java:54] - 待审核资源包列表查询
2022-09-24 10:57:42.077 INFO [http-nio-19201-exec-7][PendingReviewPackageController.java:112] - 待审核记录数目查询被调用
2022-09-24 11:02:22.571 INFO [http-nio-19201-exec-3][PendingReviewPackageController.java:54] - 待审核资源包列表查询
2022-09-24 11:02:22.572 INFO [http-nio-19201-exec-10][PendingReviewPackageController.java:112] - 待审核记录数目查询被调用
2022-09-24 11:08:02.099 INFO [http-nio-19201-exec-5][PendingReviewPackageController.java:54] - 待审核资源包列表查询
2022-09-24 11:08:02.100 INFO [http-nio-19201-exec-4][PendingReviewPackageController.java:112] - 待审核记录数目查询被调用
2022-09-24 11:08:29.806 INFO [http-nio-19201-exec-7][PendingReviewPackageController.java:54] - 待审核资源包列表查询
2022-09-24 11:08:29.808 INFO [http-nio-19201-exec-6][PendingReviewPackageController.java:112] - 待审核记录数目查询被调用
2022-09-24 11:12:01.570 INFO [http-nio-19201-exec-10][PendingReviewPackageController.java:54] - 待审核资源包列表查询
2022-09-24 11:12:01.571 INFO [http-nio-19201-exec-3][PendingReviewPackageController.java:112] - 待审核记录数目查询被调用
2022-09-24 11:14:28.908 INFO [http-nio-19201-exec-4][PendingReviewPackageController.java:54] - 待审核资源包列表查询
2022-09-24 11:14:28.910 INFO [http-nio-19201-exec-5][PendingReviewPackageController.java:112] - 待审核记录数目查询被调用
2022-09-24 11:14:32.387 INFO [http-nio-19201-exec-6][PendingReviewPackageController.java:54] - 待审核资源包列表查询
2022-09-24 11:14:32.388 INFO [http-nio-19201-exec-7][PendingReviewPackageController.java:112] - 待审核记录数目查询被调用
2022-09-24 11:14:33.134 INFO [http-nio-19201-exec-9][BePublishedPackageController.java:52] - 已发布资源包列表查询
2022-09-24 11:14:33.475 INFO [http-nio-19201-exec-8][PendingReviewPackageController.java:54] - 待审核资源包列表查询
2022-09-24 11:14:33.477 INFO [http-nio-19201-exec-3][PendingReviewPackageController.java:112] - 待审核记录数目查询被调用
2022-09-24 11:14:44.754 INFO [http-nio-19201-exec-10][PendingReviewPackageController.java:54] - 待审核资源包列表查询
2022-09-24 11:14:44.756 INFO [http-nio-19201-exec-2][PendingReviewPackageController.java:112] - 待审核记录数目查询被调用
2022-09-24 11:15:19.981 INFO [http-nio-19201-exec-5][PendingReviewPackageController.java:54] - 待审核资源包列表查询
2022-09-24 11:15:19.982 INFO [http-nio-19201-exec-4][PendingReviewPackageController.java:112] - 待审核记录数目查询被调用
2022-09-24 11:16:40.738 INFO [http-nio-19201-exec-3][PendingReviewPackageController.java:54] - 待审核资源包列表查询
2022-09-24 11:16:40.739 INFO [http-nio-19201-exec-8][PendingReviewPackageController.java:112] - 待审核记录数目查询被调用
2022-09-24 11:16:45.731 INFO [http-nio-19201-exec-1][PendingReviewPackageController.java:54] - 待审核资源包列表查询
2022-09-24 11:16:45.734 INFO [http-nio-19201-exec-4][PendingReviewPackageController.java:112] - 待审核记录数目查询被调用
2022-09-24 11:16:46.700 INFO [http-nio-19201-exec-5][BePublishedPackageController.java:52] - 已发布资源包列表查询
2022-09-24 11:16:50.331 INFO [http-nio-19201-exec-7][PendingReviewPackageController.java:54] - 待审核资源包列表查询
2022-09-24 11:16:50.333 INFO [http-nio-19201-exec-6][PendingReviewPackageController.java:112] - 待审核记录数目查询被调用
2022-09-24 11:17:21.218 INFO [http-nio-19201-exec-8][PendingReviewPackageController.java:54] - 待审核资源包列表查询
2022-09-24 11:17:21.219 INFO [http-nio-19201-exec-3][PendingReviewPackageController.java:112] - 待审核记录数目查询被调用
2022-09-24 11:17:23.467 INFO [http-nio-19201-exec-2][BePublishedPackageController.java:52] - 已发布资源包列表查询
2022-09-24 11:18:33.161 INFO [http-nio-19201-exec-1][PendingReviewPackageController.java:54] - 待审核资源包列表查询
2022-09-24 11:18:33.162 INFO [http-nio-19201-exec-5][PendingReviewPackageController.java:112] - 待审核记录数目查询被调用
2022-09-24 11:18:33.629 INFO [http-nio-19201-exec-6][BePublishedPackageController.java:52] - 已发布资源包列表查询
2022-09-24 11:18:34.409 INFO [http-nio-19201-exec-9][BePublishedPackageController.java:52] - 已发布资源包列表查询
2022-09-24 11:18:34.680 INFO [http-nio-19201-exec-3][PendingReviewPackageController.java:54] - 待审核资源包列表查询
2022-09-24 11:18:34.681 INFO [http-nio-19201-exec-8][PendingReviewPackageController.java:112] - 待审核记录数目查询被调用
2022-09-24 11:20:04.691 INFO [http-nio-19201-exec-4][BePublishedPackageController.java:52] - 已发布资源包列表查询
2022-09-24 11:20:05.381 INFO [http-nio-19201-exec-5][PendingReviewPackageController.java:54] - 待审核资源包列表查询
2022-09-24 11:20:05.381 INFO [http-nio-19201-exec-1][PendingReviewPackageController.java:112] - 待审核记录数目查询被调用
2022-09-24 11:20:05.786 INFO [http-nio-19201-exec-6][BePublishedPackageController.java:52] - 已发布资源包列表查询
2022-09-24 11:22:15.933 INFO [http-nio-19201-exec-8][PendingReviewPackageController.java:54] - 待审核资源包列表查询
2022-09-24 11:22:15.934 INFO [http-nio-19201-exec-3][PendingReviewPackageController.java:112] - 待审核记录数目查询被调用
2022-09-24 11:28:18.261 INFO [http-nio-19201-exec-4][PendingReviewPackageController.java:54] - 待审核资源包列表查询
2022-09-24 11:28:18.262 INFO [http-nio-19201-exec-1][PendingReviewPackageController.java:112] - 待审核记录数目查询被调用
2022-09-24 11:28:20.911 INFO [SpringContextShutdownHook][ExecutorConfigurationSupport.java:218] - Shutting down ExecutorService 'applicationTaskExecutor'
2022-09-24 11:28:20.912 INFO [SpringContextShutdownHook][AbstractEntityManagerFactoryBean.java:651] - Closing JPA EntityManagerFactory for persistence unit 'default'
2022-09-24 11:28:20.930 INFO [SpringContextShutdownHook][DruidDataSource.java:1948] - {dataSource-1} closing ...
2022-09-24 11:28:20.931 INFO [SpringContextShutdownHook][DruidDataSource.java:2020] - {dataSource-1} closed
2022-09-24 11:28:25.539 INFO [main][StartupInfoLogger.java:55] - Starting WebApplication using Java 1.8.0_332 on FJH2022 with PID 28472 (D:\IDEAProject\DeploymentResource\web\target\classes started by Administrator in D:\IDEAProject\DeploymentResource)
2022-09-24 11:28:25.564 INFO [main][SpringApplication.java:660] - No active profile set, falling back to default profiles: default
2022-09-24 11:28:26.048 INFO [main][RepositoryConfigurationDelegate.java:128] - Bootstrapping Spring Data JPA repositories in DEFAULT mode.
2022-09-24 11:28:26.055 INFO [main][RepositoryConfigurationDelegate.java:188] - Finished Spring Data repository scanning in 3 ms. Found 0 JPA repository interfaces.
2022-09-24 11:28:26.297 INFO [main][TomcatWebServer.java:108] - Tomcat initialized with port(s): 19201 (http)
2022-09-24 11:28:26.301 INFO [main][DirectJDKLog.java:173] - Initializing ProtocolHandler ["http-nio-19201"]
2022-09-24 11:28:26.301 INFO [main][DirectJDKLog.java:173] - Starting service [Tomcat]
2022-09-24 11:28:26.301 INFO [main][DirectJDKLog.java:173] - Starting Servlet engine: [Apache Tomcat/9.0.41]
2022-09-24 11:28:26.537 INFO [main][DirectJDKLog.java:173] - Initializing Spring embedded WebApplicationContext
2022-09-24 11:28:26.538 INFO [main][ServletWebServerApplicationContext.java:289] - Root WebApplicationContext: initialization completed in 956 ms
2022-09-24 11:28:26.562 INFO [main][DruidDataSourceAutoConfigure.java:56] - Init DruidDataSource
2022-09-24 11:28:26.739 INFO [main][DruidDataSource.java:1003] - {dataSource-1} inited
2022-09-24 11:28:26.746 INFO [main][H2ConsoleAutoConfiguration.java:68] - H2 console available at '/h2-console'. Database available at 'jdbc:h2:file:./web/src/main/resources/H2DataBase/h2db'
2022-09-24 11:28:26.828 INFO [main][LogHelper.java:31] - HHH000204: Processing PersistenceUnitInfo [name: default]
2022-09-24 11:28:26.850 INFO [main][Version.java:44] - HHH000412: Hibernate ORM core version 5.4.25.Final
2022-09-24 11:28:26.902 INFO [main][JavaReflectionManager.java:56] - HCANN000001: Hibernate Commons Annotations {5.1.2.Final}
2022-09-24 11:28:26.949 INFO [main][Dialect.java:175] - HHH000400: Using dialect: org.hibernate.dialect.H2Dialect
2022-09-24 11:28:27.218 INFO [main][JtaPlatformInitiator.java:52] - HHH000490: Using JtaPlatform implementation: [org.hibernate.engine.transaction.jta.platform.internal.NoJtaPlatform]
2022-09-24 11:28:27.222 INFO [main][AbstractEntityManagerFactoryBean.java:437] - Initialized JPA EntityManagerFactory for persistence unit 'default'
2022-09-24 11:28:27.777 INFO [main][ExecutorConfigurationSupport.java:181] - Initializing ExecutorService 'applicationTaskExecutor'
2022-09-24 11:28:27.857 INFO [main][DirectJDKLog.java:173] - Starting ProtocolHandler ["http-nio-19201"]
2022-09-24 11:28:27.866 INFO [main][TomcatWebServer.java:220] - Tomcat started on port(s): 19201 (http) with context path ''
2022-09-24 11:28:28.066 INFO [main][StartupInfoLogger.java:61] - Started WebApplication in 2.686 seconds (JVM running for 4.76)
2022-09-24 11:29:12.055 INFO [http-nio-19201-exec-2][DirectJDKLog.java:173] - Initializing Spring DispatcherServlet 'dispatcherServlet'
2022-09-24 11:29:12.055 INFO [http-nio-19201-exec-2][FrameworkServlet.java:525] - Initializing Servlet 'dispatcherServlet'
2022-09-24 11:29:12.056 INFO [http-nio-19201-exec-2][FrameworkServlet.java:547] - Completed initialization in 1 ms
2022-09-24 11:29:12.116 INFO [http-nio-19201-exec-1][BePublishedPackageController.java:52] - 已发布资源包列表查询
2022-09-24 11:29:12.158 INFO [http-nio-19201-exec-2][BePublishedPackageController.java:76] - 已发布记录数目查询被调用
2022-09-24 11:29:12.883 INFO [http-nio-19201-exec-3][PendingReviewPackageController.java:54] - 待审核资源包列表查询
2022-09-24 11:29:12.889 INFO [http-nio-19201-exec-4][PendingReviewPackageController.java:112] - 待审核记录数目查询被调用
2022-09-24 11:29:13.539 INFO [http-nio-19201-exec-5][BePublishedPackageController.java:52] - 已发布资源包列表查询
2022-09-24 11:29:13.541 INFO [http-nio-19201-exec-6][BePublishedPackageController.java:76] - 已发布记录数目查询被调用
2022-09-24 11:29:15.106 INFO [http-nio-19201-exec-7][BePublishedPackageController.java:52] - 已发布资源包列表查询
2022-09-24 11:29:15.108 INFO [http-nio-19201-exec-10][BePublishedPackageController.java:76] - 已发布记录数目查询被调用
2022-09-24 11:29:15.939 INFO [http-nio-19201-exec-9][PendingReviewPackageController.java:54] - 待审核资源包列表查询
2022-09-24 11:29:15.940 INFO [http-nio-19201-exec-1][PendingReviewPackageController.java:112] - 待审核记录数目查询被调用
2022-09-24 11:30:05.130 INFO [http-nio-19201-exec-2][PendingReviewPackageController.java:54] - 待审核资源包列表查询
2022-09-24 11:30:05.133 INFO [http-nio-19201-exec-4][PendingReviewPackageController.java:112] - 待审核记录数目查询被调用
2022-09-24 11:35:09.833 INFO [http-nio-19201-exec-5][BePublishedPackageController.java:52] - 已发布资源包列表查询
2022-09-24 11:35:09.838 INFO [http-nio-19201-exec-8][BePublishedPackageController.java:76] - 已发布记录数目查询被调用
2022-09-24 11:35:10.795 INFO [http-nio-19201-exec-7][BePublishedPackageController.java:52] - 已发布资源包列表查询
2022-09-24 11:35:10.797 INFO [http-nio-19201-exec-1][BePublishedPackageController.java:76] - 已发布记录数目查询被调用
2022-09-24 11:35:11.101 INFO [http-nio-19201-exec-9][PendingReviewPackageController.java:54] - 待审核资源包列表查询
2022-09-24 11:35:11.102 INFO [http-nio-19201-exec-4][PendingReviewPackageController.java:112] - 待审核记录数目查询被调用
2022-09-24 11:35:11.618 INFO [http-nio-19201-exec-2][BePublishedPackageController.java:52] - 已发布资源包列表查询
2022-09-24 11:35:11.619 INFO [http-nio-19201-exec-6][BePublishedPackageController.java:76] - 已发布记录数目查询被调用
2022-09-24 11:35:12.299 INFO [http-nio-19201-exec-3][PendingReviewPackageController.java:54] - 待审核资源包列表查询
2022-09-24 11:35:12.301 INFO [http-nio-19201-exec-8][PendingReviewPackageController.java:112] - 待审核记录数目查询被调用
2022-09-24 11:35:19.318 INFO [http-nio-19201-exec-10][PendingReviewPackageController.java:54] - 待审核资源包列表查询
2022-09-24 11:35:19.320 INFO [http-nio-19201-exec-1][PendingReviewPackageController.java:112] - 待审核记录数目查询被调用
2022-09-24 11:35:19.355 INFO [http-nio-19201-exec-7][PendingReviewPackageController.java:84] - 安全扫描3
2022-09-24 11:35:28.026 INFO [http-nio-19201-exec-4][BePublishedPackageController.java:52] - 已发布资源包列表查询
2022-09-24 11:35:28.029 INFO [http-nio-19201-exec-9][BePublishedPackageController.java:76] - 已发布记录数目查询被调用
2022-09-24 11:35:31.828 INFO [http-nio-19201-exec-6][BePublishedPackageController.java:52] - 已发布资源包列表查询
2022-09-24 11:35:31.829 INFO [http-nio-19201-exec-2][BePublishedPackageController.java:76] - 已发布记录数目查询被调用
2022-09-24 11:35:32.771 INFO [http-nio-19201-exec-8][BePublishedPackageController.java:52] - 已发布资源包列表查询
2022-09-24 11:35:32.772 INFO [http-nio-19201-exec-3][BePublishedPackageController.java:76] - 已发布记录数目查询被调用
2022-09-24 11:35:33.635 INFO [http-nio-19201-exec-5][PendingReviewPackageController.java:54] - 待审核资源包列表查询
2022-09-24 11:35:33.637 INFO [http-nio-19201-exec-1][PendingReviewPackageController.java:112] - 待审核记录数目查询被调用
2022-09-24 11:35:36.038 INFO [http-nio-19201-exec-7][PendingReviewPackageController.java:54] - 待审核资源包列表查询
2022-09-24 11:35:36.039 INFO [http-nio-19201-exec-9][PendingReviewPackageController.java:112] - 待审核记录数目查询被调用
2022-09-24 11:35:36.063 INFO [http-nio-19201-exec-4][PendingReviewPackageController.java:97] - 安全扫描3
2022-09-24 11:35:40.156 INFO [http-nio-19201-exec-2][BePublishedPackageController.java:52] - 已发布资源包列表查询
2022-09-24 11:35:40.158 INFO [http-nio-19201-exec-6][BePublishedPackageController.java:76] - 已发布记录数目查询被调用
2022-09-24 11:38:33.304 INFO [http-nio-19201-exec-5][BePublishedPackageController.java:52] - 已发布资源包列表查询
2022-09-24 11:38:33.305 INFO [http-nio-19201-exec-10][BePublishedPackageController.java:76] - 已发布记录数目查询被调用
2022-09-24 11:38:33.307 INFO [http-nio-19201-exec-9][BeRemovedPackageController.java:94] - 已下架记录数目查询被调用
2022-09-24 11:38:34.768 INFO [http-nio-19201-exec-7][PendingReviewPackageController.java:54] - 待审核资源包列表查询
2022-09-24 11:38:34.769 INFO [http-nio-19201-exec-4][PendingReviewPackageController.java:112] - 待审核记录数目查询被调用
2022-09-24 11:38:34.769 INFO [http-nio-19201-exec-6][BePublishedPackageController.java:76] - 已发布记录数目查询被调用
2022-09-24 11:38:35.364 INFO [http-nio-19201-exec-8][BeRemovedPackageController.java:94] - 已下架记录数目查询被调用
2022-09-24 11:38:35.364 INFO [http-nio-19201-exec-3][BePublishedPackageController.java:76] - 已发布记录数目查询被调用
2022-09-24 11:38:36.266 INFO [http-nio-19201-exec-1][PendingReviewPackageController.java:54] - 待审核资源包列表查询
2022-09-24 11:38:36.268 INFO [http-nio-19201-exec-9][BePublishedPackageController.java:76] - 已发布记录数目查询被调用
2022-09-24 11:38:36.268 INFO [http-nio-19201-exec-10][PendingReviewPackageController.java:112] - 待审核记录数目查询被调用
2022-09-24 11:38:36.937 INFO [http-nio-19201-exec-5][BePublishedPackageController.java:52] - 已发布资源包列表查询
2022-09-24 11:38:36.938 INFO [http-nio-19201-exec-4][BePublishedPackageController.java:76] - 已发布记录数目查询被调用
2022-09-24 11:38:36.938 INFO [http-nio-19201-exec-6][BeRemovedPackageController.java:94] - 已下架记录数目查询被调用
2022-09-24 11:38:38.107 INFO [http-nio-19201-exec-7][PendingReviewPackageController.java:54] - 待审核资源包列表查询
2022-09-24 11:38:38.108 INFO [http-nio-19201-exec-8][BePublishedPackageController.java:76] - 已发布记录数目查询被调用
2022-09-24 11:38:38.109 INFO [http-nio-19201-exec-3][PendingReviewPackageController.java:112] - 待审核记录数目查询被调用
2022-09-24 11:38:46.505 INFO [http-nio-19201-exec-9][PendingReviewPackageController.java:54] - 待审核资源包列表查询
2022-09-24 11:38:46.507 INFO [http-nio-19201-exec-10][PendingReviewPackageController.java:112] - 待审核记录数目查询被调用
2022-09-24 11:38:46.507 INFO [http-nio-19201-exec-2][PendingReviewPackageController.java:84] - 安全扫描4
2022-09-24 11:38:46.510 INFO [http-nio-19201-exec-1][BePublishedPackageController.java:76] - 已发布记录数目查询被调用
2022-09-24 11:38:48.585 INFO [http-nio-19201-exec-6][PendingReviewPackageController.java:54] - 待审核资源包列表查询
2022-09-24 11:38:48.586 INFO [http-nio-19201-exec-8][BePublishedPackageController.java:76] - 已发布记录数目查询被调用
2022-09-24 11:38:48.586 INFO [http-nio-19201-exec-5][PendingReviewPackageController.java:112] - 待审核记录数目查询被调用
2022-09-24 11:38:48.588 INFO [http-nio-19201-exec-4][PendingReviewPackageController.java:97] - 安全扫描4
2022-09-24 11:38:50.975 INFO [http-nio-19201-exec-3][BePublishedPackageController.java:52] - 已发布资源包列表查询
2022-09-24 11:38:50.976 INFO [http-nio-19201-exec-7][BePublishedPackageController.java:76] - 已发布记录数目查询被调用
2022-09-24 11:38:50.976 INFO [http-nio-19201-exec-2][BeRemovedPackageController.java:94] - 已下架记录数目查询被调用
2022-09-24 11:38:51.695 INFO [http-nio-19201-exec-10][PendingReviewPackageController.java:54] - 待审核资源包列表查询
2022-09-24 11:38:51.696 INFO [http-nio-19201-exec-9][PendingReviewPackageController.java:112] - 待审核记录数目查询被调用
2022-09-24 11:38:51.696 INFO [http-nio-19201-exec-1][BePublishedPackageController.java:76] - 已发布记录数目查询被调用
2022-09-24 11:38:53.182 INFO [http-nio-19201-exec-8][BePublishedPackageController.java:52] - 已发布资源包列表查询
2022-09-24 11:38:53.183 INFO [http-nio-19201-exec-5][BePublishedPackageController.java:76] - 已发布记录数目查询被调用
2022-09-24 11:38:53.183 INFO [http-nio-19201-exec-4][BeRemovedPackageController.java:94] - 已下架记录数目查询被调用
2022-09-24 11:38:53.887 INFO [http-nio-19201-exec-6][PendingReviewPackageController.java:54] - 待审核资源包列表查询
2022-09-24 11:38:53.890 INFO [http-nio-19201-exec-2][BePublishedPackageController.java:76] - 已发布记录数目查询被调用
2022-09-24 11:38:53.892 INFO [http-nio-19201-exec-7][PendingReviewPackageController.java:112] - 待审核记录数目查询被调用
2022-09-24 11:39:12.450 INFO [http-nio-19201-exec-1][PendingReviewPackageController.java:54] - 待审核资源包列表查询
2022-09-24 11:39:12.451 INFO [http-nio-19201-exec-10][BePublishedPackageController.java:76] - 已发布记录数目查询被调用
2022-09-24 11:39:12.451 INFO [http-nio-19201-exec-3][PendingReviewPackageController.java:84] - 安全扫描1
2022-09-24 11:39:12.451 INFO [http-nio-19201-exec-9][PendingReviewPackageController.java:112] - 待审核记录数目查询被调用
2022-09-24 11:39:15.145 INFO [http-nio-19201-exec-4][PendingReviewPackageController.java:54] - 待审核资源包列表查询
2022-09-24 11:39:15.146 INFO [http-nio-19201-exec-2][BePublishedPackageController.java:76] - 已发布记录数目查询被调用
2022-09-24 11:39:15.148 INFO [http-nio-19201-exec-8][PendingReviewPackageController.java:112] - 待审核记录数目查询被调用
2022-09-24 11:39:15.149 INFO [http-nio-19201-exec-5][PendingReviewPackageController.java:97] - 安全扫描1
2022-09-24 11:39:20.254 INFO [http-nio-19201-exec-6][BePublishedPackageController.java:52] - 已发布资源包列表查询
2022-09-24 11:39:20.255 INFO [http-nio-19201-exec-3][BeRemovedPackageController.java:94] - 已下架记录数目查询被调用
2022-09-24 11:39:20.256 INFO [http-nio-19201-exec-7][BePublishedPackageController.java:76] - 已发布记录数目查询被调用
2022-09-24 11:39:24.050 INFO [http-nio-19201-exec-9][BePublishedPackageController.java:52] - 已发布资源包列表查询
2022-09-24 11:39:24.051 INFO [http-nio-19201-exec-2][BeRemovedPackageController.java:94] - 已下架记录数目查询被调用
2022-09-24 11:39:24.051 INFO [http-nio-19201-exec-1][BePublishedPackageController.java:76] - 已发布记录数目查询被调用
2022-09-24 11:39:28.177 INFO [http-nio-19201-exec-5][BePublishedPackageController.java:52] - 已发布资源包列表查询
2022-09-24 11:39:28.177 INFO [http-nio-19201-exec-3][BeRemovedPackageController.java:94] - 已下架记录数目查询被调用
2022-09-24 11:39:28.177 INFO [http-nio-19201-exec-4][BePublishedPackageController.java:76] - 已发布记录数目查询被调用
2022-09-24 11:39:28.768 INFO [http-nio-19201-exec-7][BePublishedPackageController.java:52] - 已发布资源包列表查询
2022-09-24 11:39:28.769 INFO [http-nio-19201-exec-10][BeRemovedPackageController.java:94] - 已下架记录数目查询被调用
2022-09-24 11:39:28.769 INFO [http-nio-19201-exec-6][BePublishedPackageController.java:76] - 已发布记录数目查询被调用
2022-09-24 11:39:30.585 INFO [http-nio-19201-exec-1][BePublishedPackageController.java:52] - 已发布资源包列表查询
2022-09-24 11:39:30.586 INFO [http-nio-19201-exec-9][BePublishedPackageController.java:76] - 已发布记录数目查询被调用
2022-09-24 11:39:30.586 INFO [http-nio-19201-exec-8][BeRemovedPackageController.java:94] - 已下架记录数目查询被调用
2022-09-24 11:39:31.577 INFO [http-nio-19201-exec-4][BePublishedPackageController.java:52] - 已发布资源包列表查询
2022-09-24 11:39:31.577 INFO [http-nio-19201-exec-5][BeRemovedPackageController.java:94] - 已下架记录数目查询被调用
2022-09-24 11:39:31.577 INFO [http-nio-19201-exec-3][BePublishedPackageController.java:76] - 已发布记录数目查询被调用
2022-09-24 11:39:31.857 INFO [http-nio-19201-exec-10][BePublishedPackageController.java:52] - 已发布资源包列表查询
2022-09-24 11:39:31.857 INFO [http-nio-19201-exec-7][BeRemovedPackageController.java:94] - 已下架记录数目查询被调用
2022-09-24 11:39:31.857 INFO [http-nio-19201-exec-6][BePublishedPackageController.java:76] - 已发布记录数目查询被调用
2022-09-24 11:39:34.481 INFO [http-nio-19201-exec-9][BePublishedPackageController.java:52] - 已发布资源包列表查询
2022-09-24 11:39:34.482 INFO [http-nio-19201-exec-8][BePublishedPackageController.java:76] - 已发布记录数目查询被调用
2022-09-24 11:39:34.483 INFO [http-nio-19201-exec-1][BeRemovedPackageController.java:94] - 已下架记录数目查询被调用
2022-09-24 11:41:10.645 INFO [http-nio-19201-exec-6][BePublishedPackageController.java:52] - 已发布资源包列表查询
2022-09-24 11:41:10.645 INFO [http-nio-19201-exec-8][BeRemovedPackageController.java:94] - 已下架记录数目查询被调用
2022-09-24 11:41:10.646 INFO [http-nio-19201-exec-10][BePublishedPackageController.java:76] - 已发布记录数目查询被调用
2022-09-24 11:41:13.404 INFO [http-nio-19201-exec-2][PendingReviewPackageController.java:54] - 待审核资源包列表查询
2022-09-24 11:41:13.406 INFO [http-nio-19201-exec-1][PendingReviewPackageController.java:112] - 待审核记录数目查询被调用
2022-09-24 11:41:13.406 INFO [http-nio-19201-exec-9][BePublishedPackageController.java:76] - 已发布记录数目查询被调用
2022-09-24 11:41:13.935 INFO [http-nio-19201-exec-7][BePublishedPackageController.java:52] - 已发布资源包列表查询
2022-09-24 11:41:13.935 INFO [http-nio-19201-exec-5][BeRemovedPackageController.java:94] - 已下架记录数目查询被调用
2022-09-24 11:41:13.935 INFO [http-nio-19201-exec-3][BePublishedPackageController.java:76] - 已发布记录数目查询被调用
2022-09-24 11:41:14.487 INFO [http-nio-19201-exec-4][PendingReviewPackageController.java:54] - 待审核资源包列表查询
2022-09-24 11:41:14.488 INFO [http-nio-19201-exec-8][BePublishedPackageController.java:76] - 已发布记录数目查询被调用
2022-09-24 11:41:14.488 INFO [http-nio-19201-exec-10][PendingReviewPackageController.java:112] - 待审核记录数目查询被调用
2022-09-24 11:41:14.895 INFO [http-nio-19201-exec-6][BePublishedPackageController.java:52] - 已发布资源包列表查询
2022-09-24 11:41:14.896 INFO [http-nio-19201-exec-9][BeRemovedPackageController.java:94] - 已下架记录数目查询被调用
2022-09-24 11:41:14.896 INFO [http-nio-19201-exec-1][BePublishedPackageController.java:76] - 已发布记录数目查询被调用
2022-09-24 11:41:15.216 INFO [http-nio-19201-exec-2][PendingReviewPackageController.java:54] - 待审核资源包列表查询
2022-09-24 11:41:15.218 INFO [http-nio-19201-exec-3][BePublishedPackageController.java:76] - 已发布记录数目查询被调用
2022-09-24 11:41:15.218 INFO [http-nio-19201-exec-5][PendingReviewPackageController.java:112] - 待审核记录数目查询被调用
2022-09-24 11:41:15.527 INFO [http-nio-19201-exec-7][BePublishedPackageController.java:52] - 已发布资源包列表查询
2022-09-24 11:41:15.528 INFO [http-nio-19201-exec-10][BePublishedPackageController.java:76] - 已发布记录数目查询被调用
2022-09-24 11:41:15.528 INFO [http-nio-19201-exec-8][BeRemovedPackageController.java:94] - 已下架记录数目查询被调用
2022-09-24 11:41:20.001 INFO [http-nio-19201-exec-1][BePublishedPackageController.java:76] - 已发布记录数目查询被调用
2022-09-24 11:41:20.001 INFO [http-nio-19201-exec-9][BeRemovedPackageController.java:94] - 已下架记录数目查询被调用
2022-09-24 11:41:20.727 INFO [http-nio-19201-exec-6][BePublishedPackageController.java:52] - 已发布资源包列表查询
2022-09-24 11:41:20.728 INFO [http-nio-19201-exec-3][BePublishedPackageController.java:76] - 已发布记录数目查询被调用
2022-09-24 11:41:20.728 INFO [http-nio-19201-exec-5][BeRemovedPackageController.java:94] - 已下架记录数目查询被调用
2022-09-24 11:41:21.176 INFO [http-nio-19201-exec-2][PendingReviewPackageController.java:54] - 待审核资源包列表查询
2022-09-24 11:41:21.177 INFO [http-nio-19201-exec-10][BePublishedPackageController.java:76] - 已发布记录数目查询被调用
2022-09-24 11:41:21.177 INFO [http-nio-19201-exec-8][PendingReviewPackageController.java:112] - 待审核记录数目查询被调用
2022-09-24 11:41:21.605 INFO [http-nio-19201-exec-7][BePublishedPackageController.java:52] - 已发布资源包列表查询
2022-09-24 11:41:21.605 INFO [http-nio-19201-exec-1][BeRemovedPackageController.java:94] - 已下架记录数目查询被调用
2022-09-24 11:41:21.606 INFO [http-nio-19201-exec-4][BePublishedPackageController.java:76] - 已发布记录数目查询被调用
2022-09-24 11:41:23.769 INFO [http-nio-19201-exec-3][BePublishedPackageController.java:52] - 已发布资源包列表查询
2022-09-24 11:41:23.770 INFO [http-nio-19201-exec-6][BeRemovedPackageController.java:94] - 已下架记录数目查询被调用
2022-09-24 11:41:23.770 INFO [http-nio-19201-exec-5][BePublishedPackageController.java:76] - 已发布记录数目查询被调用
2022-09-24 11:41:23.771 INFO [http-nio-19201-exec-10][BePublishedPackageController.java:62] - 下架方法被调用
2022-09-24 11:41:23.775 INFO [http-nio-19201-exec-10][BePublishedPackageController.java:66] - 下架:36
2022-09-24 11:41:26.505 INFO [http-nio-19201-exec-8][BePublishedPackageController.java:52] - 已发布资源包列表查询
2022-09-24 11:41:26.505 INFO [http-nio-19201-exec-1][BeRemovedPackageController.java:94] - 已下架记录数目查询被调用
2022-09-24 11:41:26.506 INFO [http-nio-19201-exec-2][BePublishedPackageController.java:76] - 已发布记录数目查询被调用
2022-09-24 11:41:34.361 INFO [http-nio-19201-exec-4][BePublishedPackageController.java:62] - 下架方法被调用
2022-09-24 11:41:34.361 INFO [http-nio-19201-exec-7][BePublishedPackageController.java:52] - 已发布资源包列表查询
2022-09-24 11:41:34.361 INFO [http-nio-19201-exec-5][BeRemovedPackageController.java:94] - 已下架记录数目查询被调用
2022-09-24 11:41:34.361 INFO [http-nio-19201-exec-9][BePublishedPackageController.java:76] - 已发布记录数目查询被调用
2022-09-24 11:41:34.363 INFO [http-nio-19201-exec-4][BePublishedPackageController.java:66] - 下架:37
2022-09-24 11:41:36.209 INFO [http-nio-19201-exec-6][BePublishedPackageController.java:52] - 已发布资源包列表查询
2022-09-24 11:41:36.209 INFO [http-nio-19201-exec-10][BeRemovedPackageController.java:94] - 已下架记录数目查询被调用
2022-09-24 11:41:36.210 INFO [http-nio-19201-exec-3][BePublishedPackageController.java:76] - 已发布记录数目查询被调用
2022-09-24 11:41:38.712 INFO [http-nio-19201-exec-1][PendingReviewPackageController.java:54] - 待审核资源包列表查询
2022-09-24 11:41:38.712 INFO [http-nio-19201-exec-2][PendingReviewPackageController.java:112] - 待审核记录数目查询被调用
2022-09-24 11:41:38.713 INFO [http-nio-19201-exec-8][BePublishedPackageController.java:76] - 已发布记录数目查询被调用
2022-09-24 11:42:27.854 INFO [http-nio-19201-exec-10][PendingReviewPackageController.java:54] - 待审核资源包列表查询
2022-09-24 11:42:27.855 INFO [http-nio-19201-exec-4][BePublishedPackageController.java:76] - 已发布记录数目查询被调用
2022-09-24 11:42:27.855 INFO [http-nio-19201-exec-3][PendingReviewPackageController.java:112] - 待审核记录数目查询被调用
2022-09-24 11:42:35.593 INFO [http-nio-19201-exec-8][PendingReviewPackageController.java:54] - 待审核资源包列表查询
2022-09-24 11:42:35.595 INFO [http-nio-19201-exec-2][PendingReviewPackageController.java:84] - 安全扫描30
2022-09-24 11:42:35.596 INFO [http-nio-19201-exec-1][PendingReviewPackageController.java:112] - 待审核记录数目查询被调用
2022-09-24 11:42:35.596 INFO [http-nio-19201-exec-5][BePublishedPackageController.java:76] - 已发布记录数目查询被调用
2022-09-24 11:42:39.625 INFO [http-nio-19201-exec-9][PendingReviewPackageController.java:54] - 待审核资源包列表查询
2022-09-24 11:42:39.626 INFO [http-nio-19201-exec-7][PendingReviewPackageController.java:112] - 待审核记录数目查询被调用
2022-09-24 11:42:39.626 INFO [http-nio-19201-exec-3][BePublishedPackageController.java:76] - 已发布记录数目查询被调用
2022-09-24 11:42:42.138 INFO [http-nio-19201-exec-10][PendingReviewPackageController.java:54] - 待审核资源包列表查询
2022-09-24 11:42:42.138 INFO [http-nio-19201-exec-2][BePublishedPackageController.java:76] - 已发布记录数目查询被调用
2022-09-24 11:42:42.138 INFO [http-nio-19201-exec-6][PendingReviewPackageController.java:112] - 待审核记录数目查询被调用
2022-09-24 11:42:42.140 INFO [http-nio-19201-exec-4][PendingReviewPackageController.java:97] - 安全扫描30
2022-09-24 11:42:45.791 INFO [http-nio-19201-exec-1][BePublishedPackageController.java:52] - 已发布资源包列表查询
2022-09-24 11:42:45.791 INFO [http-nio-19201-exec-8][BeRemovedPackageController.java:94] - 已下架记录数目查询被调用
2022-09-24 11:42:45.792 INFO [http-nio-19201-exec-5][BePublishedPackageController.java:76] - 已发布记录数目查询被调用
2022-09-24 11:42:52.393 INFO [http-nio-19201-exec-7][BePublishedPackageController.java:52] - 已发布资源包列表查询
2022-09-24 11:42:52.393 INFO [http-nio-19201-exec-3][BePublishedPackageController.java:62] - 下架方法被调用
2022-09-24 11:42:52.394 INFO [http-nio-19201-exec-9][BePublishedPackageController.java:76] - 已发布记录数目查询被调用
2022-09-24 11:42:52.395 INFO [http-nio-19201-exec-2][BeRemovedPackageController.java:94] - 已下架记录数目查询被调用
2022-09-24 11:42:52.396 INFO [http-nio-19201-exec-3][BePublishedPackageController.java:66] - 下架:38
2022-09-24 11:42:54.657 INFO [http-nio-19201-exec-6][BePublishedPackageController.java:52] - 已发布资源包列表查询
2022-09-24 11:42:54.658 INFO [http-nio-19201-exec-10][BeRemovedPackageController.java:94] - 已下架记录数目查询被调用
2022-09-24 11:42:54.658 INFO [http-nio-19201-exec-4][BePublishedPackageController.java:76] - 已发布记录数目查询被调用
2022-09-24 11:42:55.751 INFO [http-nio-19201-exec-8][PendingReviewPackageController.java:54] - 待审核资源包列表查询
2022-09-24 11:42:55.752 INFO [http-nio-19201-exec-1][BePublishedPackageController.java:76] - 已发布记录数目查询被调用
2022-09-24 11:42:55.754 INFO [http-nio-19201-exec-5][PendingReviewPackageController.java:112] - 待审核记录数目查询被调用
2022-09-24 11:43:02.993 INFO [http-nio-19201-exec-2][PendingReviewPackageController.java:54] - 待审核资源包列表查询
2022-09-24 11:43:02.994 INFO [http-nio-19201-exec-9][PendingReviewPackageController.java:84] - 安全扫描29
2022-09-24 11:43:02.994 INFO [http-nio-19201-exec-3][PendingReviewPackageController.java:112] - 待审核记录数目查询被调用
2022-09-24 11:43:02.994 INFO [http-nio-19201-exec-7][BePublishedPackageController.java:76] - 已发布记录数目查询被调用
2022-09-24 11:43:04.745 INFO [http-nio-19201-exec-4][PendingReviewPackageController.java:54] - 待审核资源包列表查询
2022-09-24 11:43:04.746 INFO [http-nio-19201-exec-1][BePublishedPackageController.java:76] - 已发布记录数目查询被调用
2022-09-24 11:43:04.746 INFO [http-nio-19201-exec-6][PendingReviewPackageController.java:112] - 待审核记录数目查询被调用
2022-09-24 11:43:04.746 INFO [http-nio-19201-exec-10][PendingReviewPackageController.java:97] - 安全扫描29
2022-09-24 11:43:08.977 INFO [http-nio-19201-exec-5][PendingReviewPackageController.java:54] - 待审核资源包列表查询
2022-09-24 11:43:08.978 INFO [http-nio-19201-exec-8][PendingReviewPackageController.java:112] - 待审核记录数目查询被调用
2022-09-24 11:43:08.978 INFO [http-nio-19201-exec-9][BePublishedPackageController.java:76] - 已发布记录数目查询被调用
2022-09-24 11:43:09.753 INFO [http-nio-19201-exec-3][PendingReviewPackageController.java:54] - 待审核资源包列表查询
2022-09-24 11:43:09.754 INFO [http-nio-19201-exec-7][PendingReviewPackageController.java:112] - 待审核记录数目查询被调用
2022-09-24 11:43:09.754 INFO [http-nio-19201-exec-2][BePublishedPackageController.java:76] - 已发布记录数目查询被调用
2022-09-24 11:43:10.201 INFO [http-nio-19201-exec-6][PendingReviewPackageController.java:54] - 待审核资源包列表查询
2022-09-24 11:43:10.202 INFO [http-nio-19201-exec-1][PendingReviewPackageController.java:112] - 待审核记录数目查询被调用
2022-09-24 11:43:10.202 INFO [http-nio-19201-exec-10][BePublishedPackageController.java:76] - 已发布记录数目查询被调用
2022-09-24 11:43:11.198 INFO [http-nio-19201-exec-4][BePublishedPackageController.java:52] - 已发布资源包列表查询
2022-09-24 11:43:11.199 INFO [http-nio-19201-exec-8][BePublishedPackageController.java:76] - 已发布记录数目查询被调用
2022-09-24 11:43:11.201 INFO [http-nio-19201-exec-9][BeRemovedPackageController.java:94] - 已下架记录数目查询被调用
2022-09-24 11:43:14.967 INFO [http-nio-19201-exec-2][PendingReviewPackageController.java:54] - 待审核资源包列表查询
2022-09-24 11:43:14.968 INFO [http-nio-19201-exec-3][PendingReviewPackageController.java:112] - 待审核记录数目查询被调用
2022-09-24 11:43:14.969 INFO [http-nio-19201-exec-1][BePublishedPackageController.java:76] - 已发布记录数目查询被调用
2022-09-24 11:43:23.544 INFO [http-nio-19201-exec-6][PendingReviewPackageController.java:54] - 待审核资源包列表查询
2022-09-24 11:43:23.546 INFO [http-nio-19201-exec-10][PendingReviewPackageController.java:84] - 安全扫描28
2022-09-24 11:43:23.546 INFO [http-nio-19201-exec-8][PendingReviewPackageController.java:112] - 待审核记录数目查询被调用
2022-09-24 11:43:23.546 INFO [http-nio-19201-exec-9][BePublishedPackageController.java:76] - 已发布记录数目查询被调用
2022-09-24 11:43:27.513 INFO [http-nio-19201-exec-5][PendingReviewPackageController.java:54] - 待审核资源包列表查询
2022-09-24 11:43:27.513 INFO [http-nio-19201-exec-1][PendingReviewPackageController.java:112] - 待审核记录数目查询被调用
2022-09-24 11:43:27.513 INFO [http-nio-19201-exec-3][BePublishedPackageController.java:76] - 已发布记录数目查询被调用
2022-09-24 11:43:27.515 INFO [http-nio-19201-exec-7][PendingReviewPackageController.java:97] - 安全扫描28
2022-09-24 11:43:29.697 INFO [http-nio-19201-exec-2][PendingReviewPackageController.java:54] - 待审核资源包列表查询
2022-09-24 11:43:29.698 INFO [http-nio-19201-exec-9][BePublishedPackageController.java:76] - 已发布记录数目查询被调用
2022-09-24 11:43:29.698 INFO [http-nio-19201-exec-8][PendingReviewPackageController.java:112] - 待审核记录数目查询被调用
2022-09-24 11:44:56.721 INFO [http-nio-19201-exec-1][PendingReviewPackageController.java:54] - 待审核资源包列表查询
2022-09-24 11:44:56.722 INFO [http-nio-19201-exec-5][BePublishedPackageController.java:76] - 已发布记录数目查询被调用
2022-09-24 11:44:56.722 INFO [http-nio-19201-exec-7][PendingReviewPackageController.java:112] - 待审核记录数目查询被调用
2022-09-24 11:45:38.669 INFO [http-nio-19201-exec-9][PendingReviewPackageController.java:54] - 待审核资源包列表查询
2022-09-24 11:45:38.717 INFO [http-nio-19201-exec-8][PendingReviewPackageController.java:112] - 待审核记录数目查询被调用
2022-09-24 11:45:38.725 INFO [http-nio-19201-exec-2][BePublishedPackageController.java:76] - 已发布记录数目查询被调用
2022-09-24 11:46:02.033 INFO [http-nio-19201-exec-8][PendingReviewPackageController.java:54] - 待审核资源包列表查询
2022-09-24 11:46:02.033 INFO [http-nio-19201-exec-9][PendingReviewPackageController.java:84] - 安全扫描27
2022-09-24 11:46:02.045 INFO [http-nio-19201-exec-2][PendingReviewPackageController.java:112] - 待审核记录数目查询被调用
2022-09-24 11:46:02.052 INFO [http-nio-19201-exec-10][BePublishedPackageController.java:76] - 已发布记录数目查询被调用
2022-09-24 11:46:05.848 INFO [http-nio-19201-exec-6][PendingReviewPackageController.java:54] - 待审核资源包列表查询
2022-09-24 11:46:05.850 INFO [http-nio-19201-exec-3][PendingReviewPackageController.java:97] - 安全扫描27
2022-09-24 11:46:05.862 INFO [http-nio-19201-exec-4][PendingReviewPackageController.java:112] - 待审核记录数目查询被调用
2022-09-24 11:46:05.867 INFO [http-nio-19201-exec-7][BePublishedPackageController.java:76] - 已发布记录数目查询被调用
2022-09-24 11:50:50.165 INFO [http-nio-19201-exec-2][PendingReviewPackageController.java:54] - 待审核资源包列表查询
2022-09-24 11:50:50.211 INFO [http-nio-19201-exec-10][PendingReviewPackageController.java:112] - 待审核记录数目查询被调用
2022-09-24 11:50:50.219 INFO [http-nio-19201-exec-3][BePublishedPackageController.java:76] - 已发布记录数目查询被调用
2022-09-24 11:50:52.670 INFO [http-nio-19201-exec-6][PendingReviewPackageController.java:54] - 待审核资源包列表查询
2022-09-24 11:50:52.728 INFO [http-nio-19201-exec-4][PendingReviewPackageController.java:112] - 待审核记录数目查询被调用
2022-09-24 11:50:52.756 INFO [http-nio-19201-exec-7][BePublishedPackageController.java:76] - 已发布记录数目查询被调用
2022-09-24 11:50:55.184 INFO [http-nio-19201-exec-1][BePublishedPackageController.java:76] - 已发布记录数目查询被调用
2022-09-24 11:50:55.190 INFO [http-nio-19201-exec-9][BeRemovedPackageController.java:94] - 已下架记录数目查询被调用
2022-09-24 11:50:56.059 INFO [http-nio-19201-exec-8][BePublishedPackageController.java:52] - 已发布资源包列表查询
2022-09-24 11:50:56.084 INFO [http-nio-19201-exec-2][BePublishedPackageController.java:76] - 已发布记录数目查询被调用
2022-09-24 11:50:56.091 INFO [http-nio-19201-exec-10][BeRemovedPackageController.java:94] - 已下架记录数目查询被调用
2022-09-24 11:50:56.637 INFO [http-nio-19201-exec-6][BePublishedPackageController.java:76] - 已发布记录数目查询被调用
2022-09-24 11:50:56.646 INFO [http-nio-19201-exec-4][BeRemovedPackageController.java:94] - 已下架记录数目查询被调用
2022-09-24 11:50:57.021 INFO [http-nio-19201-exec-7][BePublishedPackageController.java:52] - 已发布资源包列表查询
2022-09-24 11:50:57.042 INFO [http-nio-19201-exec-5][BePublishedPackageController.java:76] - 已发布记录数目查询被调用
2022-09-24 11:50:57.048 INFO [http-nio-19201-exec-1][BeRemovedPackageController.java:94] - 已下架记录数目查询被调用
2022-09-24 11:50:57.549 INFO [http-nio-19201-exec-9][PendingReviewPackageController.java:54] - 待审核资源包列表查询
2022-09-24 11:50:57.574 INFO [http-nio-19201-exec-8][PendingReviewPackageController.java:112] - 待审核记录数目查询被调用
2022-09-24 11:50:57.584 INFO [http-nio-19201-exec-2][BePublishedPackageController.java:76] - 已发布记录数目查询被调用
2022-09-24 11:50:58.749 INFO [http-nio-19201-exec-10][PendingReviewPackageController.java:54] - 待审核资源包列表查询
2022-09-24 11:50:58.795 INFO [http-nio-19201-exec-3][PendingReviewPackageController.java:112] - 待审核记录数目查询被调用
2022-09-24 11:50:58.816 INFO [http-nio-19201-exec-6][BePublishedPackageController.java:76] - 已发布记录数目查询被调用
2022-09-24 11:51:03.018 INFO [http-nio-19201-exec-7][BePublishedPackageController.java:76] - 已发布记录数目查询被调用
2022-09-24 11:51:03.022 INFO [http-nio-19201-exec-5][BeRemovedPackageController.java:94] - 已下架记录数目查询被调用
2022-09-24 11:51:03.792 INFO [http-nio-19201-exec-1][BePublishedPackageController.java:52] - 已发布资源包列表查询
2022-09-24 11:51:03.815 INFO [http-nio-19201-exec-9][BePublishedPackageController.java:76] - 已发布记录数目查询被调用
2022-09-24 11:51:03.821 INFO [http-nio-19201-exec-8][BeRemovedPackageController.java:94] - 已下架记录数目查询被调用
2022-09-24 11:51:04.134 INFO [http-nio-19201-exec-2][PendingReviewPackageController.java:54] - 待审核资源包列表查询
2022-09-24 11:51:04.157 INFO [http-nio-19201-exec-10][PendingReviewPackageController.java:112] - 待审核记录数目查询被调用
2022-09-24 11:51:04.169 INFO [http-nio-19201-exec-3][BePublishedPackageController.java:76] - 已发布记录数目查询被调用
2022-09-24 11:51:04.947 INFO [http-nio-19201-exec-6][BePublishedPackageController.java:52] - 已发布资源包列表查询
2022-09-24 11:51:04.973 INFO [http-nio-19201-exec-4][BePublishedPackageController.java:76] - 已发布记录数目查询被调用
2022-09-24 11:51:04.980 INFO [http-nio-19201-exec-7][BeRemovedPackageController.java:94] - 已下架记录数目查询被调用
2022-09-24 11:51:05.219 INFO [http-nio-19201-exec-5][PendingReviewPackageController.java:54] - 待审核资源包列表查询
2022-09-24 11:51:05.246 INFO [http-nio-19201-exec-1][PendingReviewPackageController.java:112] - 待审核记录数目查询被调用
2022-09-24 11:51:05.259 INFO [http-nio-19201-exec-9][BePublishedPackageController.java:76] - 已发布记录数目查询被调用
2022-09-24 11:51:05.630 INFO [http-nio-19201-exec-2][BePublishedPackageController.java:76] - 已发布记录数目查询被调用
2022-09-24 11:51:05.634 INFO [http-nio-19201-exec-10][BeRemovedPackageController.java:94] - 已下架记录数目查询被调用
2022-09-24 11:51:07.464 INFO [http-nio-19201-exec-6][BePublishedPackageController.java:76] - 已发布记录数目查询被调用
2022-09-24 11:51:07.483 INFO [http-nio-19201-exec-4][BeRemovedPackageController.java:94] - 已下架记录数目查询被调用
2022-09-24 11:51:13.977 INFO [http-nio-19201-exec-7][PendingReviewPackageController.java:54] - 待审核资源包列表查询
2022-09-24 11:51:14.003 INFO [http-nio-19201-exec-5][PendingReviewPackageController.java:112] - 待审核记录数目查询被调用
2022-09-24 11:51:14.016 INFO [http-nio-19201-exec-1][BePublishedPackageController.java:76] - 已发布记录数目查询被调用
2022-09-24 11:51:15.236 INFO [http-nio-19201-exec-9][PendingReviewPackageController.java:54] - 待审核资源包列表查询
2022-09-24 11:51:15.279 INFO [http-nio-19201-exec-8][PendingReviewPackageController.java:112] - 待审核记录数目查询被调用
2022-09-24 11:51:15.298 INFO [http-nio-19201-exec-2][BePublishedPackageController.java:76] - 已发布记录数目查询被调用
2022-09-24 11:51:17.921 INFO [http-nio-19201-exec-3][BePublishedPackageController.java:76] - 已发布记录数目查询被调用
2022-09-24 11:51:17.925 INFO [http-nio-19201-exec-6][BeRemovedPackageController.java:94] - 已下架记录数目查询被调用
2022-09-24 11:51:18.474 INFO [http-nio-19201-exec-4][BePublishedPackageController.java:52] - 已发布资源包列表查询
2022-09-24 11:51:18.494 INFO [http-nio-19201-exec-7][BePublishedPackageController.java:76] - 已发布记录数目查询被调用
2022-09-24 11:51:18.500 INFO [http-nio-19201-exec-5][BeRemovedPackageController.java:94] - 已下架记录数目查询被调用
2022-09-24 11:51:18.740 INFO [http-nio-19201-exec-1][PendingReviewPackageController.java:54] - 待审核资源包列表查询
2022-09-24 11:51:18.768 INFO [http-nio-19201-exec-9][PendingReviewPackageController.java:112] - 待审核记录数目查询被调用
2022-09-24 11:51:18.781 INFO [http-nio-19201-exec-8][BePublishedPackageController.java:76] - 已发布记录数目查询被调用
2022-09-24 11:51:26.184 INFO [http-nio-19201-exec-2][PendingReviewPackageController.java:54] - 待审核资源包列表查询
2022-09-24 11:51:26.216 INFO [http-nio-19201-exec-10][PendingReviewPackageController.java:112] - 待审核记录数目查询被调用
2022-09-24 11:51:26.228 INFO [http-nio-19201-exec-3][BePublishedPackageController.java:76] - 已发布记录数目查询被调用
2022-09-24 11:51:27.356 INFO [http-nio-19201-exec-4][BePublishedPackageController.java:76] - 已发布记录数目查询被调用
2022-09-24 11:51:27.363 INFO [http-nio-19201-exec-7][BeRemovedPackageController.java:94] - 已下架记录数目查询被调用
2022-09-24 11:51:27.816 INFO [http-nio-19201-exec-5][BePublishedPackageController.java:52] - 已发布资源包列表查询
2022-09-24 11:51:27.837 INFO [http-nio-19201-exec-1][BePublishedPackageController.java:76] - 已发布记录数目查询被调用
2022-09-24 11:51:27.842 INFO [http-nio-19201-exec-9][BeRemovedPackageController.java:94] - 已下架记录数目查询被调用
2022-09-24 11:51:28.131 INFO [http-nio-19201-exec-8][PendingReviewPackageController.java:54] - 待审核资源包列表查询
2022-09-24 11:51:28.159 INFO [http-nio-19201-exec-2][PendingReviewPackageController.java:112] - 待审核记录数目查询被调用
2022-09-24 11:51:28.170 INFO [http-nio-19201-exec-10][BePublishedPackageController.java:76] - 已发布记录数目查询被调用
2022-09-24 11:51:33.698 INFO [http-nio-19201-exec-3][PendingReviewPackageController.java:54] - 待审核资源包列表查询
2022-09-24 11:51:33.737 INFO [http-nio-19201-exec-6][PendingReviewPackageController.java:112] - 待审核记录数目查询被调用
2022-09-24 11:51:33.755 INFO [http-nio-19201-exec-4][BePublishedPackageController.java:76] - 已发布记录数目查询被调用
2022-09-24 11:51:42.366 INFO [http-nio-19201-exec-7][PendingReviewPackageController.java:54] - 待审核资源包列表查询
2022-09-24 11:51:42.406 INFO [http-nio-19201-exec-5][PendingReviewPackageController.java:112] - 待审核记录数目查询被调用
2022-09-24 11:51:42.423 INFO [http-nio-19201-exec-1][BePublishedPackageController.java:76] - 已发布记录数目查询被调用
2022-09-24 11:51:42.990 INFO [http-nio-19201-exec-9][PendingReviewPackageController.java:54] - 待审核资源包列表查询
2022-09-24 11:51:43.031 INFO [http-nio-19201-exec-8][PendingReviewPackageController.java:112] - 待审核记录数目查询被调用
2022-09-24 11:51:43.048 INFO [http-nio-19201-exec-2][BePublishedPackageController.java:76] - 已发布记录数目查询被调用
2022-09-24 11:51:44.694 INFO [http-nio-19201-exec-3][BePublishedPackageController.java:76] - 已发布记录数目查询被调用
2022-09-24 11:51:44.699 INFO [http-nio-19201-exec-6][BeRemovedPackageController.java:94] - 已下架记录数目查询被调用
2022-09-24 11:53:07.617 INFO [http-nio-19201-exec-1][BeRemovedPackageController.java:94] - 已下架记录数目查询被调用
2022-09-24 11:53:07.617 INFO [http-nio-19201-exec-5][BePublishedPackageController.java:76] - 已发布记录数目查询被调用
2022-09-24 11:53:10.107 INFO [http-nio-19201-exec-2][BeRemovedPackageController.java:94] - 已下架记录数目查询被调用
2022-09-24 11:53:10.107 INFO [http-nio-19201-exec-8][BePublishedPackageController.java:76] - 已发布记录数目查询被调用
2022-09-24 11:53:13.308 INFO [http-nio-19201-exec-10][PendingReviewPackageController.java:54] - 待审核资源包列表查询
2022-09-24 11:53:13.336 INFO [http-nio-19201-exec-6][BePublishedPackageController.java:76] - 已发布记录数目查询被调用
2022-09-24 11:53:13.336 INFO [http-nio-19201-exec-3][PendingReviewPackageController.java:112] - 待审核记录数目查询被调用
2022-09-24 11:53:14.137 INFO [http-nio-19201-exec-4][BePublishedPackageController.java:52] - 已发布资源包列表查询
2022-09-24 11:53:14.160 INFO [http-nio-19201-exec-1][BeRemovedPackageController.java:94] - 已下架记录数目查询被调用
2022-09-24 11:53:14.160 INFO [http-nio-19201-exec-7][BePublishedPackageController.java:76] - 已发布记录数目查询被调用
2022-09-24 11:53:14.555 INFO [http-nio-19201-exec-8][BeRemovedPackageController.java:94] - 已下架记录数目查询被调用
2022-09-24 11:53:14.556 INFO [http-nio-19201-exec-9][BePublishedPackageController.java:76] - 已发布记录数目查询被调用
2022-09-24 11:53:14.924 INFO [http-nio-19201-exec-2][PendingReviewPackageController.java:54] - 待审核资源包列表查询
2022-09-24 11:53:14.952 INFO [http-nio-19201-exec-10][PendingReviewPackageController.java:112] - 待审核记录数目查询被调用
2022-09-24 11:53:14.952 INFO [http-nio-19201-exec-6][BePublishedPackageController.java:76] - 已发布记录数目查询被调用
2022-09-24 11:53:20.760 INFO [http-nio-19201-exec-3][PendingReviewPackageController.java:84] - 安全扫描26
2022-09-24 11:53:20.765 INFO [http-nio-19201-exec-4][PendingReviewPackageController.java:54] - 待审核资源包列表查询
2022-09-24 11:53:20.775 INFO [http-nio-19201-exec-1][BePublishedPackageController.java:76] - 已发布记录数目查询被调用
2022-09-24 11:53:20.775 INFO [http-nio-19201-exec-7][PendingReviewPackageController.java:112] - 待审核记录数目查询被调用
2022-09-24 11:53:23.928 INFO [http-nio-19201-exec-5][PendingReviewPackageController.java:97] - 安全扫描26
2022-09-24 11:53:23.932 INFO [http-nio-19201-exec-8][PendingReviewPackageController.java:54] - 待审核资源包列表查询
2022-09-24 11:53:23.943 INFO [http-nio-19201-exec-2][BePublishedPackageController.java:76] - 已发布记录数目查询被调用
2022-09-24 11:53:23.943 INFO [http-nio-19201-exec-9][PendingReviewPackageController.java:112] - 待审核记录数目查询被调用
2022-09-24 11:53:28.087 INFO [http-nio-19201-exec-10][PendingReviewPackageController.java:54] - 待审核资源包列表查询
2022-09-24 11:53:28.098 INFO [http-nio-19201-exec-6][PendingReviewPackageController.java:112] - 待审核记录数目查询被调用
2022-09-24 11:53:28.098 INFO [http-nio-19201-exec-3][BePublishedPackageController.java:76] - 已发布记录数目查询被调用
2022-09-24 11:53:29.088 INFO [http-nio-19201-exec-4][PendingReviewPackageController.java:54] - 待审核资源包列表查询
2022-09-24 11:53:29.100 INFO [http-nio-19201-exec-1][PendingReviewPackageController.java:112] - 待审核记录数目查询被调用
2022-09-24 11:53:29.100 INFO [http-nio-19201-exec-7][BePublishedPackageController.java:76] - 已发布记录数目查询被调用
2022-09-24 11:53:29.574 INFO [http-nio-19201-exec-5][PendingReviewPackageController.java:54] - 待审核资源包列表查询
2022-09-24 11:53:29.586 INFO [http-nio-19201-exec-8][PendingReviewPackageController.java:112] - 待审核记录数目查询被调用
2022-09-24 11:53:29.586 INFO [http-nio-19201-exec-2][BePublishedPackageController.java:76] - 已发布记录数目查询被调用
2022-09-24 11:53:29.982 INFO [http-nio-19201-exec-9][PendingReviewPackageController.java:54] - 待审核资源包列表查询
2022-09-24 11:53:29.994 INFO [http-nio-19201-exec-10][PendingReviewPackageController.java:112] - 待审核记录数目查询被调用
2022-09-24 11:53:29.994 INFO [http-nio-19201-exec-3][BePublishedPackageController.java:76] - 已发布记录数目查询被调用
2022-09-24 11:53:30.983 INFO [http-nio-19201-exec-6][PendingReviewPackageController.java:54] - 待审核资源包列表查询
2022-09-24 11:53:30.995 INFO [http-nio-19201-exec-7][BePublishedPackageController.java:76] - 已发布记录数目查询被调用
2022-09-24 11:53:30.995 INFO [http-nio-19201-exec-4][PendingReviewPackageController.java:112] - 待审核记录数目查询被调用
2022-09-24 11:53:32.264 INFO [http-nio-19201-exec-1][PendingReviewPackageController.java:54] - 待审核资源包列表查询
2022-09-24 11:53:32.278 INFO [http-nio-19201-exec-5][PendingReviewPackageController.java:112] - 待审核记录数目查询被调用
2022-09-24 11:53:32.278 INFO [http-nio-19201-exec-2][BePublishedPackageController.java:76] - 已发布记录数目查询被调用
2022-09-24 11:53:33.152 INFO [http-nio-19201-exec-8][PendingReviewPackageController.java:54] - 待审核资源包列表查询
2022-09-24 11:53:33.165 INFO [http-nio-19201-exec-3][BePublishedPackageController.java:76] - 已发布记录数目查询被调用
2022-09-24 11:53:33.166 INFO [http-nio-19201-exec-9][PendingReviewPackageController.java:112] - 待审核记录数目查询被调用
2022-09-24 11:53:44.376 INFO [http-nio-19201-exec-10][PendingReviewPackageController.java:84] - 安全扫描24
2022-09-24 11:53:44.380 INFO [http-nio-19201-exec-6][PendingReviewPackageController.java:54] - 待审核资源包列表查询
2022-09-24 11:53:44.391 INFO [http-nio-19201-exec-4][BePublishedPackageController.java:76] - 已发布记录数目查询被调用
2022-09-24 11:53:44.391 INFO [http-nio-19201-exec-7][PendingReviewPackageController.java:112] - 待审核记录数目查询被调用
2022-09-24 11:53:47.348 INFO [http-nio-19201-exec-1][BePublishedPackageController.java:52] - 已发布资源包列表查询
2022-09-24 11:53:47.377 INFO [http-nio-19201-exec-5][BePublishedPackageController.java:76] - 已发布记录数目查询被调用
2022-09-24 11:53:47.377 INFO [http-nio-19201-exec-2][BeRemovedPackageController.java:94] - 已下架记录数目查询被调用
2022-09-24 11:53:48.029 INFO [http-nio-19201-exec-8][PendingReviewPackageController.java:54] - 待审核资源包列表查询
2022-09-24 11:53:48.059 INFO [http-nio-19201-exec-3][PendingReviewPackageController.java:112] - 待审核记录数目查询被调用
2022-09-24 11:53:48.059 INFO [http-nio-19201-exec-9][BePublishedPackageController.java:76] - 已发布记录数目查询被调用
2022-09-24 11:53:50.163 INFO [http-nio-19201-exec-10][BePublishedPackageController.java:52] - 已发布资源包列表查询
2022-09-24 11:53:50.187 INFO [http-nio-19201-exec-7][BeRemovedPackageController.java:94] - 已下架记录数目查询被调用
2022-09-24 11:53:50.187 INFO [http-nio-19201-exec-6][BePublishedPackageController.java:76] - 已发布记录数目查询被调用
2022-09-24 11:53:50.539 INFO [http-nio-19201-exec-4][PendingReviewPackageController.java:54] - 待审核资源包列表查询
2022-09-24 11:53:50.564 INFO [http-nio-19201-exec-5][BePublishedPackageController.java:76] - 已发布记录数目查询被调用
2022-09-24 11:53:50.564 INFO [http-nio-19201-exec-1][PendingReviewPackageController.java:112] - 待审核记录数目查询被调用
2022-09-24 11:54:01.545 INFO [http-nio-19201-exec-2][PendingReviewPackageController.java:97] - 安全扫描24
2022-09-24 11:54:01.549 INFO [http-nio-19201-exec-8][PendingReviewPackageController.java:54] - 待审核资源包列表查询
2022-09-24 11:54:01.562 INFO [http-nio-19201-exec-3][BePublishedPackageController.java:76] - 已发布记录数目查询被调用
2022-09-24 11:54:01.562 INFO [http-nio-19201-exec-9][PendingReviewPackageController.java:112] - 待审核记录数目查询被调用
2022-09-24 11:54:05.071 INFO [http-nio-19201-exec-10][PendingReviewPackageController.java:54] - 待审核资源包列表查询
2022-09-24 11:54:05.083 INFO [http-nio-19201-exec-6][BePublishedPackageController.java:76] - 已发布记录数目查询被调用
2022-09-24 11:54:05.083 INFO [http-nio-19201-exec-7][PendingReviewPackageController.java:112] - 待审核记录数目查询被调用
2022-09-24 11:54:05.830 INFO [http-nio-19201-exec-4][PendingReviewPackageController.java:54] - 待审核资源包列表查询
2022-09-24 11:54:05.842 INFO [http-nio-19201-exec-1][PendingReviewPackageController.java:112] - 待审核记录数目查询被调用
2022-09-24 11:54:05.842 INFO [http-nio-19201-exec-5][BePublishedPackageController.java:76] - 已发布记录数目查询被调用
2022-09-24 11:54:06.158 INFO [http-nio-19201-exec-2][PendingReviewPackageController.java:54] - 待审核资源包列表查询
2022-09-24 11:54:06.171 INFO [http-nio-19201-exec-8][PendingReviewPackageController.java:112] - 待审核记录数目查询被调用
2022-09-24 11:54:06.171 INFO [http-nio-19201-exec-3][BePublishedPackageController.java:76] - 已发布记录数目查询被调用
2022-09-24 11:54:06.406 INFO [http-nio-19201-exec-9][PendingReviewPackageController.java:54] - 待审核资源包列表查询
2022-09-24 11:54:06.417 INFO [http-nio-19201-exec-10][PendingReviewPackageController.java:112] - 待审核记录数目查询被调用
2022-09-24 11:54:06.418 INFO [http-nio-19201-exec-7][BePublishedPackageController.java:76] - 已发布记录数目查询被调用
2022-09-24 11:54:06.766 INFO [http-nio-19201-exec-6][PendingReviewPackageController.java:54] - 待审核资源包列表查询
2022-09-24 11:54:06.777 INFO [http-nio-19201-exec-5][BePublishedPackageController.java:76] - 已发布记录数目查询被调用
2022-09-24 11:54:06.777 INFO [http-nio-19201-exec-4][PendingReviewPackageController.java:112] - 待审核记录数目查询被调用
2022-09-24 11:54:14.031 INFO [http-nio-19201-exec-1][PendingReviewPackageController.java:84] - 安全扫描25
2022-09-24 11:54:14.035 INFO [http-nio-19201-exec-2][PendingReviewPackageController.java:54] - 待审核资源包列表查询
2022-09-24 11:54:14.046 INFO [http-nio-19201-exec-3][PendingReviewPackageController.java:112] - 待审核记录数目查询被调用
2022-09-24 11:54:14.046 INFO [http-nio-19201-exec-8][BePublishedPackageController.java:76] - 已发布记录数目查询被调用
2022-09-24 11:54:17.839 INFO [http-nio-19201-exec-9][PendingReviewPackageController.java:97] - 安全扫描25
2022-09-24 11:54:17.844 INFO [http-nio-19201-exec-10][PendingReviewPackageController.java:54] - 待审核资源包列表查询
2022-09-24 11:54:17.854 INFO [http-nio-19201-exec-6][BePublishedPackageController.java:76] - 已发布记录数目查询被调用
2022-09-24 11:54:17.854 INFO [http-nio-19201-exec-7][PendingReviewPackageController.java:112] - 待审核记录数目查询被调用
2022-09-24 11:54:20.346 INFO [http-nio-19201-exec-4][PendingReviewPackageController.java:54] - 待审核资源包列表查询
2022-09-24 11:54:20.394 INFO [http-nio-19201-exec-1][BePublishedPackageController.java:76] - 已发布记录数目查询被调用
2022-09-24 11:54:20.394 INFO [http-nio-19201-exec-5][PendingReviewPackageController.java:112] - 待审核记录数目查询被调用
2022-09-24 11:54:22.019 INFO [http-nio-19201-exec-8][BePublishedPackageController.java:76] - 已发布记录数目查询被调用
2022-09-24 11:54:22.019 INFO [http-nio-19201-exec-3][BeRemovedPackageController.java:94] - 已下架记录数目查询被调用
2022-09-24 11:54:23.099 INFO [http-nio-19201-exec-9][PendingReviewPackageController.java:54] - 待审核资源包列表查询
2022-09-24 11:54:23.126 INFO [http-nio-19201-exec-6][BePublishedPackageController.java:76] - 已发布记录数目查询被调用
2022-09-24 11:54:23.126 INFO [http-nio-19201-exec-10][PendingReviewPackageController.java:112] - 待审核记录数目查询被调用
2022-09-24 11:54:24.003 INFO [http-nio-19201-exec-7][PendingReviewPackageController.java:54] - 待审核资源包列表查询
2022-09-24 11:54:24.051 INFO [http-nio-19201-exec-1][BePublishedPackageController.java:76] - 已发布记录数目查询被调用
2022-09-24 11:54:24.051 INFO [http-nio-19201-exec-4][PendingReviewPackageController.java:112] - 待审核记录数目查询被调用
2022-09-24 11:54:27.513 INFO [http-nio-19201-exec-2][BePublishedPackageController.java:76] - 已发布记录数目查询被调用
2022-09-24 11:54:27.513 INFO [http-nio-19201-exec-8][BeRemovedPackageController.java:94] - 已下架记录数目查询被调用
2022-09-24 11:54:31.184 INFO [http-nio-19201-exec-3][BePublishedPackageController.java:52] - 已发布资源包列表查询
2022-09-24 11:54:31.209 INFO [http-nio-19201-exec-6][BeRemovedPackageController.java:94] - 已下架记录数目查询被调用
2022-09-24 11:54:31.209 INFO [http-nio-19201-exec-9][BePublishedPackageController.java:76] - 已发布记录数目查询被调用
2022-09-24 11:54:31.617 INFO [http-nio-19201-exec-7][BePublishedPackageController.java:76] - 已发布记录数目查询被调用
2022-09-24 11:54:31.617 INFO [http-nio-19201-exec-4][BeRemovedPackageController.java:94] - 已下架记录数目查询被调用
2022-09-24 11:54:48.852 INFO [http-nio-19201-exec-5][BePublishedPackageController.java:76] - 已发布记录数目查询被调用
2022-09-24 11:54:48.852 INFO [http-nio-19201-exec-2][BeRemovedPackageController.java:94] - 已下架记录数目查询被调用
2022-09-24 11:54:51.144 INFO [http-nio-19201-exec-8][PendingReviewPackageController.java:54] - 待审核资源包列表查询
2022-09-24 11:54:51.176 INFO [http-nio-19201-exec-9][BePublishedPackageController.java:76] - 已发布记录数目查询被调用
2022-09-24 11:54:51.176 INFO [http-nio-19201-exec-3][PendingReviewPackageController.java:112] - 待审核记录数目查询被调用
2022-09-24 11:54:51.816 INFO [http-nio-19201-exec-6][BePublishedPackageController.java:52] - 已发布资源包列表查询
2022-09-24 11:54:51.842 INFO [http-nio-19201-exec-7][BeRemovedPackageController.java:94] - 已下架记录数目查询被调用
2022-09-24 11:54:51.842 INFO [http-nio-19201-exec-10][BePublishedPackageController.java:76] - 已发布记录数目查询被调用
2022-09-24 11:54:52.090 INFO [http-nio-19201-exec-5][BeRemovedPackageController.java:94] - 已下架记录数目查询被调用
2022-09-24 11:54:52.090 INFO [http-nio-19201-exec-1][BePublishedPackageController.java:76] - 已发布记录数目查询被调用
2022-09-24 11:54:53.635 INFO [http-nio-19201-exec-2][PendingReviewPackageController.java:54] - 待审核资源包列表查询
2022-09-24 11:54:53.661 INFO [http-nio-19201-exec-9][BePublishedPackageController.java:76] - 已发布记录数目查询被调用
2022-09-24 11:54:53.661 INFO [http-nio-19201-exec-8][PendingReviewPackageController.java:112] - 待审核记录数目查询被调用
2022-09-24 11:54:54.019 INFO [http-nio-19201-exec-3][BePublishedPackageController.java:52] - 已发布资源包列表查询
2022-09-24 11:54:54.043 INFO [http-nio-19201-exec-10][BeRemovedPackageController.java:94] - 已下架记录数目查询被调用
2022-09-24 11:54:54.044 INFO [http-nio-19201-exec-6][BePublishedPackageController.java:76] - 已发布记录数目查询被调用
2022-09-24 11:54:54.314 INFO [http-nio-19201-exec-1][BeRemovedPackageController.java:94] - 已下架记录数目查询被调用
2022-09-24 11:54:54.314 INFO [http-nio-19201-exec-4][BePublishedPackageController.java:76] - 已发布记录数目查询被调用
2022-09-24 11:54:54.610 INFO [http-nio-19201-exec-5][PendingReviewPackageController.java:54] - 待审核资源包列表查询
2022-09-24 11:54:54.636 INFO [http-nio-19201-exec-2][PendingReviewPackageController.java:112] - 待审核记录数目查询被调用
2022-09-24 11:54:54.636 INFO [http-nio-19201-exec-9][BePublishedPackageController.java:76] - 已发布记录数目查询被调用
2022-09-24 11:54:56.635 INFO [http-nio-19201-exec-8][BePublishedPackageController.java:52] - 已发布资源包列表查询
2022-09-24 11:54:56.657 INFO [http-nio-19201-exec-10][BeRemovedPackageController.java:94] - 已下架记录数目查询被调用
2022-09-24 11:54:56.657 INFO [http-nio-19201-exec-3][BePublishedPackageController.java:76] - 已发布记录数目查询被调用
2022-09-24 11:54:57.054 INFO [http-nio-19201-exec-7][BePublishedPackageController.java:76] - 已发布记录数目查询被调用
2022-09-24 11:54:57.054 INFO [http-nio-19201-exec-4][BeRemovedPackageController.java:94] - 已下架记录数目查询被调用
2022-09-24 11:54:57.443 INFO [http-nio-19201-exec-1][BePublishedPackageController.java:52] - 已发布资源包列表查询
2022-09-24 11:54:57.466 INFO [http-nio-19201-exec-2][BeRemovedPackageController.java:94] - 已下架记录数目查询被调用
2022-09-24 11:54:57.467 INFO [http-nio-19201-exec-5][BePublishedPackageController.java:76] - 已发布记录数目查询被调用
2022-09-24 11:54:57.716 INFO [http-nio-19201-exec-9][PendingReviewPackageController.java:54] - 待审核资源包列表查询
2022-09-24 11:54:57.742 INFO [http-nio-19201-exec-10][BePublishedPackageController.java:76] - 已发布记录数目查询被调用
2022-09-24 11:54:57.742 INFO [http-nio-19201-exec-8][PendingReviewPackageController.java:112] - 待审核记录数目查询被调用
2022-09-24 11:57:14.023 INFO [http-nio-19201-exec-4][PendingReviewPackageController.java:54] - 待审核资源包列表查询
2022-09-24 11:57:14.070 INFO [http-nio-19201-exec-7][PendingReviewPackageController.java:112] - 待审核记录数目查询被调用
2022-09-24 11:57:14.070 INFO [http-nio-19201-exec-1][BePublishedPackageController.java:76] - 已发布记录数目查询被调用
2022-09-24 11:57:15.848 INFO [http-nio-19201-exec-9][BeRemovedPackageController.java:94] - 已下架记录数目查询被调用
2022-09-24 11:57:15.848 INFO [http-nio-19201-exec-2][BePublishedPackageController.java:76] - 已发布记录数目查询被调用
2022-09-24 11:57:16.519 INFO [http-nio-19201-exec-10][BePublishedPackageController.java:52] - 已发布资源包列表查询
2022-09-24 11:57:16.544 INFO [http-nio-19201-exec-6][BeRemovedPackageController.java:94] - 已下架记录数目查询被调用
2022-09-24 11:57:16.544 INFO [http-nio-19201-exec-8][BePublishedPackageController.java:76] - 已发布记录数目查询被调用
2022-09-24 11:57:16.996 INFO [http-nio-19201-exec-3][PendingReviewPackageController.java:54] - 待审核资源包列表查询
2022-09-24 11:57:17.023 INFO [http-nio-19201-exec-7][BePublishedPackageController.java:76] - 已发布记录数目查询被调用
2022-09-24 11:57:17.023 INFO [http-nio-19201-exec-4][PendingReviewPackageController.java:112] - 待审核记录数目查询被调用
2022-09-24 11:57:17.503 INFO [http-nio-19201-exec-2][BeRemovedPackageController.java:94] - 已下架记录数目查询被调用
2022-09-24 11:57:17.503 INFO [http-nio-19201-exec-5][BePublishedPackageController.java:76] - 已发布记录数目查询被调用
2022-09-24 11:57:17.949 INFO [http-nio-19201-exec-9][BePublishedPackageController.java:52] - 已发布资源包列表查询
2022-09-24 11:57:17.972 INFO [http-nio-19201-exec-8][BeRemovedPackageController.java:94] - 已下架记录数目查询被调用
2022-09-24 11:57:17.972 INFO [http-nio-19201-exec-10][BePublishedPackageController.java:76] - 已发布记录数目查询被调用
2022-09-24 11:57:18.235 INFO [http-nio-19201-exec-6][PendingReviewPackageController.java:54] - 待审核资源包列表查询
2022-09-24 11:57:18.259 INFO [http-nio-19201-exec-3][PendingReviewPackageController.java:112] - 待审核记录数目查询被调用
2022-09-24 11:57:18.259 INFO [http-nio-19201-exec-7][BePublishedPackageController.java:76] - 已发布记录数目查询被调用
2022-09-24 11:57:19.564 INFO [http-nio-19201-exec-4][PendingReviewPackageController.java:54] - 待审核资源包列表查询
2022-09-24 11:57:19.613 INFO [http-nio-19201-exec-2][BePublishedPackageController.java:76] - 已发布记录数目查询被调用
2022-09-24 11:57:19.613 INFO [http-nio-19201-exec-1][PendingReviewPackageController.java:112] - 待审核记录数目查询被调用
2022-09-24 11:57:22.777 INFO [http-nio-19201-exec-8][BeRemovedPackageController.java:94] - 已下架记录数目查询被调用
2022-09-24 11:57:22.777 INFO [http-nio-19201-exec-9][BePublishedPackageController.java:76] - 已发布记录数目查询被调用
2022-09-24 11:57:23.183 INFO [http-nio-19201-exec-10][BePublishedPackageController.java:52] - 已发布资源包列表查询
2022-09-24 11:57:23.208 INFO [http-nio-19201-exec-3][BeRemovedPackageController.java:94] - 已下架记录数目查询被调用
2022-09-24 11:57:23.208 INFO [http-nio-19201-exec-6][BePublishedPackageController.java:76] - 已发布记录数目查询被调用
2022-09-24 11:57:23.444 INFO [http-nio-19201-exec-7][PendingReviewPackageController.java:54] - 待审核资源包列表查询
2022-09-24 11:57:23.486 INFO [http-nio-19201-exec-2][BePublishedPackageController.java:76] - 已发布记录数目查询被调用
2022-09-24 11:57:23.486 INFO [http-nio-19201-exec-4][PendingReviewPackageController.java:112] - 待审核记录数目查询被调用
2022-09-24 11:57:23.875 INFO [http-nio-19201-exec-1][BePublishedPackageController.java:52] - 已发布资源包列表查询
2022-09-24 11:57:23.898 INFO [http-nio-19201-exec-9][BeRemovedPackageController.java:94] - 已下架记录数目查询被调用
2022-09-24 11:57:23.898 INFO [http-nio-19201-exec-5][BePublishedPackageController.java:76] - 已发布记录数目查询被调用
2022-09-24 11:57:24.855 INFO [http-nio-19201-exec-10][BePublishedPackageController.java:76] - 已发布记录数目查询被调用
2022-09-24 11:57:24.855 INFO [http-nio-19201-exec-6][BeRemovedPackageController.java:94] - 已下架记录数目查询被调用
2022-09-24 11:57:34.812 INFO [http-nio-19201-exec-4][BeRemovedPackageController.java:94] - 已下架记录数目查询被调用
2022-09-24 11:57:34.812 INFO [http-nio-19201-exec-7][BePublishedPackageController.java:76] - 已发布记录数目查询被调用
2022-09-24 11:57:36.691 INFO [http-nio-19201-exec-2][PendingReviewPackageController.java:54] - 待审核资源包列表查询
2022-09-24 11:57:36.723 INFO [http-nio-19201-exec-5][BePublishedPackageController.java:76] - 已发布记录数目查询被调用
2022-09-24 11:57:36.723 INFO [http-nio-19201-exec-1][PendingReviewPackageController.java:112] - 待审核记录数目查询被调用
2022-09-24 11:57:44.713 INFO [http-nio-19201-exec-6][BeRemovedPackageController.java:94] - 已下架记录数目查询被调用
2022-09-24 11:57:44.713 INFO [http-nio-19201-exec-8][BePublishedPackageController.java:76] - 已发布记录数目查询被调用
2022-09-24 11:57:45.154 INFO [http-nio-19201-exec-10][BePublishedPackageController.java:52] - 已发布资源包列表查询
2022-09-24 11:57:45.181 INFO [http-nio-19201-exec-7][BeRemovedPackageController.java:94] - 已下架记录数目查询被调用
2022-09-24 11:57:45.181 INFO [http-nio-19201-exec-3][BePublishedPackageController.java:76] - 已发布记录数目查询被调用
2022-09-24 11:57:45.440 INFO [http-nio-19201-exec-4][PendingReviewPackageController.java:54] - 待审核资源包列表查询
2022-09-24 11:57:45.470 INFO [http-nio-19201-exec-5][BePublishedPackageController.java:76] - 已发布记录数目查询被调用
2022-09-24 11:57:45.470 INFO [http-nio-19201-exec-2][PendingReviewPackageController.java:112] - 待审核记录数目查询被调用
2022-09-24 11:57:46.348 INFO [http-nio-19201-exec-1][PendingReviewPackageController.java:54] - 待审核资源包列表查询
2022-09-24 11:57:46.398 INFO [http-nio-19201-exec-8][BePublishedPackageController.java:76] - 已发布记录数目查询被调用
2022-09-24 11:57:46.398 INFO [http-nio-19201-exec-9][PendingReviewPackageController.java:112] - 待审核记录数目查询被调用
2022-09-24 11:57:48.688 INFO [http-nio-19201-exec-7][BeRemovedPackageController.java:94] - 已下架记录数目查询被调用
2022-09-24 11:57:48.688 INFO [http-nio-19201-exec-10][BePublishedPackageController.java:76] - 已发布记录数目查询被调用
2022-09-24 11:57:49.608 INFO [http-nio-19201-exec-5][BeRemovedPackageController.java:94] - 已下架记录数目查询被调用
2022-09-24 11:57:49.608 INFO [http-nio-19201-exec-4][BePublishedPackageController.java:76] - 已发布记录数目查询被调用
2022-09-24 11:57:50.259 INFO [http-nio-19201-exec-9][BeRemovedPackageController.java:94] - 已下架记录数目查询被调用
2022-09-24 11:57:50.259 INFO [http-nio-19201-exec-1][BePublishedPackageController.java:76] - 已发布记录数目查询被调用
2022-09-24 12:01:29.571 INFO [http-nio-19201-exec-7][PendingReviewPackageController.java:112] - 待审核记录数目查询被调用
2022-09-24 12:01:29.571 INFO [http-nio-19201-exec-3][BePublishedPackageController.java:76] - 已发布记录数目查询被调用
2022-09-24 12:01:29.571 INFO [http-nio-19201-exec-5][BeRemovedPackageController.java:94] - 已下架记录数目查询被调用
2022-09-24 12:01:31.733 INFO [http-nio-19201-exec-1][BeRemovedPackageController.java:94] - 已下架记录数目查询被调用
2022-09-24 12:01:31.734 INFO [http-nio-19201-exec-2][PendingReviewPackageController.java:112] - 待审核记录数目查询被调用
2022-09-24 12:01:31.734 INFO [http-nio-19201-exec-9][BePublishedPackageController.java:76] - 已发布记录数目查询被调用
2022-09-24 12:01:33.824 INFO [http-nio-19201-exec-8][PendingReviewPackageController.java:54] - 待审核资源包列表查询
2022-09-24 12:01:33.857 INFO [http-nio-19201-exec-3][BeRemovedPackageController.java:94] - 已下架记录数目查询被调用
2022-09-24 12:01:33.857 INFO [http-nio-19201-exec-6][PendingReviewPackageController.java:112] - 待审核记录数目查询被调用
2022-09-24 12:01:33.857 INFO [http-nio-19201-exec-10][BePublishedPackageController.java:76] - 已发布记录数目查询被调用
2022-09-24 12:01:36.479 INFO [http-nio-19201-exec-7][PendingReviewPackageController.java:54] - 待审核资源包列表查询
2022-09-24 12:01:36.503 INFO [http-nio-19201-exec-1][BeRemovedPackageController.java:94] - 已下架记录数目查询被调用
2022-09-24 12:01:36.503 INFO [http-nio-19201-exec-4][BePublishedPackageController.java:76] - 已发布记录数目查询被调用
2022-09-24 12:01:36.503 INFO [http-nio-19201-exec-5][PendingReviewPackageController.java:112] - 待审核记录数目查询被调用
2022-09-24 12:01:49.448 INFO [http-nio-19201-exec-9][PendingReviewPackageController.java:84] - 安全扫描22
2022-09-24 12:01:49.454 INFO [http-nio-19201-exec-2][PendingReviewPackageController.java:54] - 待审核资源包列表查询
2022-09-24 12:01:49.472 INFO [http-nio-19201-exec-6][BeRemovedPackageController.java:94] - 已下架记录数目查询被调用
2022-09-24 12:01:49.473 INFO [http-nio-19201-exec-8][PendingReviewPackageController.java:112] - 待审核记录数目查询被调用
2022-09-24 12:01:49.473 INFO [http-nio-19201-exec-3][BePublishedPackageController.java:76] - 已发布记录数目查询被调用
2022-09-24 12:01:59.128 INFO [http-nio-19201-exec-10][PendingReviewPackageController.java:84] - 安全扫描23
2022-09-24 12:01:59.133 INFO [http-nio-19201-exec-7][PendingReviewPackageController.java:54] - 待审核资源包列表查询
2022-09-24 12:01:59.148 INFO [http-nio-19201-exec-1][BePublishedPackageController.java:76] - 已发布记录数目查询被调用
2022-09-24 12:01:59.148 INFO [http-nio-19201-exec-5][BeRemovedPackageController.java:94] - 已下架记录数目查询被调用
2022-09-24 12:01:59.148 INFO [http-nio-19201-exec-4][PendingReviewPackageController.java:112] - 待审核记录数目查询被调用
2022-09-24 12:02:08.294 INFO [http-nio-19201-exec-9][PendingReviewPackageController.java:54] - 待审核资源包列表查询
2022-09-24 12:02:08.342 INFO [http-nio-19201-exec-6][BeRemovedPackageController.java:94] - 已下架记录数目查询被调用
2022-09-24 12:02:08.342 INFO [http-nio-19201-exec-2][PendingReviewPackageController.java:112] - 待审核记录数目查询被调用
2022-09-24 12:02:08.342 INFO [http-nio-19201-exec-8][BePublishedPackageController.java:76] - 已发布记录数目查询被调用
2022-09-24 12:02:15.560 INFO [http-nio-19201-exec-3][PendingReviewPackageController.java:84] - 安全扫描19
2022-09-24 12:02:15.566 INFO [http-nio-19201-exec-10][PendingReviewPackageController.java:54] - 待审核资源包列表查询
2022-09-24 12:02:15.584 INFO [http-nio-19201-exec-1][BeRemovedPackageController.java:94] - 已下架记录数目查询被调用
2022-09-24 12:02:15.584 INFO [http-nio-19201-exec-5][BePublishedPackageController.java:76] - 已发布记录数目查询被调用
2022-09-24 12:02:15.584 INFO [http-nio-19201-exec-7][PendingReviewPackageController.java:112] - 待审核记录数目查询被调用
2022-09-24 12:02:19.788 INFO [http-nio-19201-exec-4][BePublishedPackageController.java:52] - 已发布资源包列表查询
2022-09-24 12:02:19.815 INFO [http-nio-19201-exec-2][BeRemovedPackageController.java:94] - 已下架记录数目查询被调用
2022-09-24 12:02:19.816 INFO [http-nio-19201-exec-9][PendingReviewPackageController.java:112] - 待审核记录数目查询被调用
2022-09-24 12:02:19.816 INFO [http-nio-19201-exec-6][BePublishedPackageController.java:76] - 已发布记录数目查询被调用
2022-09-24 12:02:20.213 INFO [http-nio-19201-exec-10][BePublishedPackageController.java:76] - 已发布记录数目查询被调用
2022-09-24 12:02:20.213 INFO [http-nio-19201-exec-5][BeRemovedPackageController.java:94] - 已下架记录数目查询被调用
2022-09-24 12:02:20.213 INFO [http-nio-19201-exec-3][PendingReviewPackageController.java:112] - 待审核记录数目查询被调用
2022-09-24 12:02:20.556 INFO [http-nio-19201-exec-1][BePublishedPackageController.java:52] - 已发布资源包列表查询
2022-09-24 12:02:20.584 INFO [http-nio-19201-exec-2][BeRemovedPackageController.java:94] - 已下架记录数目查询被调用
2022-09-24 12:02:20.584 INFO [http-nio-19201-exec-7][PendingReviewPackageController.java:112] - 待审核记录数目查询被调用
2022-09-24 12:02:20.585 INFO [http-nio-19201-exec-4][BePublishedPackageController.java:76] - 已发布记录数目查询被调用
2022-09-24 12:02:20.942 INFO [http-nio-19201-exec-8][BeRemovedPackageController.java:94] - 已下架记录数目查询被调用
2022-09-24 12:02:20.942 INFO [http-nio-19201-exec-6][PendingReviewPackageController.java:112] - 待审核记录数目查询被调用
2022-09-24 12:02:20.942 INFO [http-nio-19201-exec-10][BePublishedPackageController.java:76] - 已发布记录数目查询被调用
2022-09-24 12:02:21.274 INFO [http-nio-19201-exec-3][BePublishedPackageController.java:52] - 已发布资源包列表查询
2022-09-24 12:02:21.299 INFO [http-nio-19201-exec-7][BeRemovedPackageController.java:94] - 已下架记录数目查询被调用
2022-09-24 12:02:21.299 INFO [http-nio-19201-exec-1][BePublishedPackageController.java:76] - 已发布记录数目查询被调用
2022-09-24 12:02:21.299 INFO [http-nio-19201-exec-5][PendingReviewPackageController.java:112] - 待审核记录数目查询被调用
2022-09-24 12:02:27.335 INFO [http-nio-19201-exec-4][BePublishedPackageController.java:52] - 已发布资源包列表查询
2022-09-24 12:02:27.335 INFO [http-nio-19201-exec-2][BePublishedPackageController.java:62] - 下架方法被调用
2022-09-24 12:02:27.337 INFO [http-nio-19201-exec-2][BePublishedPackageController.java:66] - 下架:45
2022-09-24 12:02:27.352 INFO [http-nio-19201-exec-6][BeRemovedPackageController.java:94] - 已下架记录数目查询被调用
2022-09-24 12:02:27.352 INFO [http-nio-19201-exec-9][PendingReviewPackageController.java:112] - 待审核记录数目查询被调用
2022-09-24 12:02:27.352 INFO [http-nio-19201-exec-8][BePublishedPackageController.java:76] - 已发布记录数目查询被调用
2022-09-24 12:02:31.663 INFO [http-nio-19201-exec-10][BePublishedPackageController.java:62] - 下架方法被调用
2022-09-24 12:02:31.663 INFO [http-nio-19201-exec-3][BePublishedPackageController.java:52] - 已发布资源包列表查询
2022-09-24 12:02:31.664 INFO [http-nio-19201-exec-10][BePublishedPackageController.java:66] - 下架:42
2022-09-24 12:02:31.678 INFO [http-nio-19201-exec-7][BeRemovedPackageController.java:94] - 已下架记录数目查询被调用
2022-09-24 12:02:31.678 INFO [http-nio-19201-exec-5][BePublishedPackageController.java:76] - 已发布记录数目查询被调用
2022-09-24 12:02:31.678 INFO [http-nio-19201-exec-1][PendingReviewPackageController.java:112] - 待审核记录数目查询被调用
2022-09-24 12:02:32.589 INFO [http-nio-19201-exec-4][PendingReviewPackageController.java:54] - 待审核资源包列表查询
2022-09-24 12:02:32.621 INFO [http-nio-19201-exec-8][BeRemovedPackageController.java:94] - 已下架记录数目查询被调用
2022-09-24 12:02:32.621 INFO [http-nio-19201-exec-2][PendingReviewPackageController.java:112] - 待审核记录数目查询被调用
2022-09-24 12:02:32.621 INFO [http-nio-19201-exec-6][BePublishedPackageController.java:76] - 已发布记录数目查询被调用
2022-09-24 12:02:38.633 INFO [http-nio-19201-exec-9][PendingReviewPackageController.java:97] - 安全扫描23
2022-09-24 12:02:38.637 INFO [http-nio-19201-exec-10][PendingReviewPackageController.java:54] - 待审核资源包列表查询
2022-09-24 12:02:38.655 INFO [http-nio-19201-exec-5][BeRemovedPackageController.java:94] - 已下架记录数目查询被调用
2022-09-24 12:02:38.656 INFO [http-nio-19201-exec-3][PendingReviewPackageController.java:112] - 待审核记录数目查询被调用
2022-09-24 12:02:38.656 INFO [http-nio-19201-exec-7][BePublishedPackageController.java:76] - 已发布记录数目查询被调用
2022-09-24 12:02:44.873 INFO [http-nio-19201-exec-1][PendingReviewPackageController.java:97] - 安全扫描22
2022-09-24 12:02:44.877 INFO [http-nio-19201-exec-4][PendingReviewPackageController.java:54] - 待审核资源包列表查询
2022-09-24 12:02:44.895 INFO [http-nio-19201-exec-6][BeRemovedPackageController.java:94] - 已下架记录数目查询被调用
2022-09-24 12:02:44.896 INFO [http-nio-19201-exec-8][PendingReviewPackageController.java:112] - 待审核记录数目查询被调用
2022-09-24 12:02:44.896 INFO [http-nio-19201-exec-2][BePublishedPackageController.java:76] - 已发布记录数目查询被调用
2022-09-24 12:02:46.612 INFO [http-nio-19201-exec-9][BePublishedPackageController.java:52] - 已发布资源包列表查询
2022-09-24 12:02:46.640 INFO [http-nio-19201-exec-5][BePublishedPackageController.java:76] - 已发布记录数目查询被调用
2022-09-24 12:02:46.640 INFO [http-nio-19201-exec-7][BeRemovedPackageController.java:94] - 已下架记录数目查询被调用
2022-09-24 12:02:46.640 INFO [http-nio-19201-exec-10][PendingReviewPackageController.java:112] - 待审核记录数目查询被调用
2022-09-24 12:02:46.972 INFO [http-nio-19201-exec-3][PendingReviewPackageController.java:54] - 待审核资源包列表查询
2022-09-24 12:02:46.996 INFO [http-nio-19201-exec-6][BeRemovedPackageController.java:94] - 已下架记录数目查询被调用
2022-09-24 12:02:46.996 INFO [http-nio-19201-exec-1][PendingReviewPackageController.java:112] - 待审核记录数目查询被调用
2022-09-24 12:02:46.996 INFO [http-nio-19201-exec-4][BePublishedPackageController.java:76] - 已发布记录数目查询被调用
2022-09-24 12:02:47.343 INFO [http-nio-19201-exec-5][BeRemovedPackageController.java:94] - 已下架记录数目查询被调用
2022-09-24 12:02:47.343 INFO [http-nio-19201-exec-8][PendingReviewPackageController.java:112] - 待审核记录数目查询被调用
2022-09-24 12:02:47.344 INFO [http-nio-19201-exec-9][BePublishedPackageController.java:76] - 已发布记录数目查询被调用
2022-09-24 12:02:48.203 INFO [http-nio-19201-exec-10][BePublishedPackageController.java:52] - 已发布资源包列表查询
2022-09-24 12:02:48.228 INFO [http-nio-19201-exec-1][BeRemovedPackageController.java:94] - 已下架记录数目查询被调用
2022-09-24 12:02:48.229 INFO [http-nio-19201-exec-3][BePublishedPackageController.java:76] - 已发布记录数目查询被调用
2022-09-24 12:02:48.229 INFO [http-nio-19201-exec-7][PendingReviewPackageController.java:112] - 待审核记录数目查询被调用
2022-09-24 12:02:48.629 INFO [http-nio-19201-exec-6][PendingReviewPackageController.java:54] - 待审核资源包列表查询
2022-09-24 12:02:48.659 INFO [http-nio-19201-exec-4][PendingReviewPackageController.java:112] - 待审核记录数目查询被调用
2022-09-24 12:02:48.659 INFO [http-nio-19201-exec-2][BePublishedPackageController.java:76] - 已发布记录数目查询被调用
2022-09-24 12:02:48.659 INFO [http-nio-19201-exec-5][BeRemovedPackageController.java:94] - 已下架记录数目查询被调用
2022-09-24 12:02:49.669 INFO [http-nio-19201-exec-8][PendingReviewPackageController.java:54] - 待审核资源包列表查询
2022-09-24 12:02:49.698 INFO [http-nio-19201-exec-3][BeRemovedPackageController.java:94] - 已下架记录数目查询被调用
2022-09-24 12:02:49.698 INFO [http-nio-19201-exec-9][PendingReviewPackageController.java:112] - 待审核记录数目查询被调用
2022-09-24 12:02:49.698 INFO [http-nio-19201-exec-10][BePublishedPackageController.java:76] - 已发布记录数目查询被调用
2022-09-24 12:02:50.004 INFO [http-nio-19201-exec-7][BePublishedPackageController.java:52] - 已发布资源包列表查询
2022-09-24 12:02:50.033 INFO [http-nio-19201-exec-2][BeRemovedPackageController.java:94] - 已下架记录数目查询被调用
2022-09-24 12:02:50.033 INFO [http-nio-19201-exec-1][PendingReviewPackageController.java:112] - 待审核记录数目查询被调用
2022-09-24 12:02:50.033 INFO [http-nio-19201-exec-6][BePublishedPackageController.java:76] - 已发布记录数目查询被调用
2022-09-24 12:02:50.339 INFO [http-nio-19201-exec-8][BePublishedPackageController.java:76] - 已发布记录数目查询被调用
2022-09-24 12:02:50.339 INFO [http-nio-19201-exec-4][PendingReviewPackageController.java:112] - 待审核记录数目查询被调用
2022-09-24 12:02:50.339 INFO [http-nio-19201-exec-9][BeRemovedPackageController.java:94] - 已下架记录数目查询被调用
2022-09-24 12:02:50.748 INFO [http-nio-19201-exec-3][BePublishedPackageController.java:52] - 已发布资源包列表查询
2022-09-24 12:02:50.771 INFO [http-nio-19201-exec-7][BePublishedPackageController.java:76] - 已发布记录数目查询被调用
2022-09-24 12:02:50.771 INFO [http-nio-19201-exec-10][PendingReviewPackageController.java:112] - 待审核记录数目查询被调用
2022-09-24 12:02:50.771 INFO [http-nio-19201-exec-2][BeRemovedPackageController.java:94] - 已下架记录数目查询被调用
2022-09-24 12:28:23.505 INFO [SpringContextShutdownHook][ExecutorConfigurationSupport.java:218] - Shutting down ExecutorService 'applicationTaskExecutor'
2022-09-24 12:28:23.506 INFO [SpringContextShutdownHook][AbstractEntityManagerFactoryBean.java:651] - Closing JPA EntityManagerFactory for persistence unit 'default'
2022-09-24 12:28:23.507 INFO [SpringContextShutdownHook][DruidDataSource.java:1948] - {dataSource-1} closing ...
2022-09-24 12:28:23.508 INFO [SpringContextShutdownHook][DruidDataSource.java:2020] - {dataSource-1} closed
2022-09-24 20:47:40.760 INFO [main][StartupInfoLogger.java:55] - Starting WebApplication using Java 1.8.0_332 on FJH2022 with PID 20868 (D:\IDEAProject\DeploymentResource\web\target\classes started by Administrator in D:\IDEAProject\DeploymentResource)
2022-09-24 20:47:40.763 INFO [main][SpringApplication.java:660] - No active profile set, falling back to default profiles: default
2022-09-24 20:47:41.830 INFO [main][RepositoryConfigurationDelegate.java:128] - Bootstrapping Spring Data JPA repositories in DEFAULT mode.
2022-09-24 20:47:41.838 INFO [main][RepositoryConfigurationDelegate.java:188] - Finished Spring Data repository scanning in 3 ms. Found 0 JPA repository interfaces.
2022-09-24 20:47:42.138 INFO [main][TomcatWebServer.java:108] - Tomcat initialized with port(s): 19201 (http)
2022-09-24 20:47:42.142 INFO [main][DirectJDKLog.java:173] - Initializing ProtocolHandler ["http-nio-19201"]
2022-09-24 20:47:42.142 INFO [main][DirectJDKLog.java:173] - Starting service [Tomcat]
2022-09-24 20:47:42.142 INFO [main][DirectJDKLog.java:173] - Starting Servlet engine: [Apache Tomcat/9.0.41]
2022-09-24 20:47:42.175 INFO [main][DirectJDKLog.java:173] - Initializing Spring embedded WebApplicationContext
2022-09-24 20:47:42.176 INFO [main][ServletWebServerApplicationContext.java:289] - Root WebApplicationContext: initialization completed in 1372 ms
2022-09-24 20:47:42.229 INFO [main][DruidDataSourceAutoConfigure.java:56] - Init DruidDataSource
2022-09-24 20:47:42.475 INFO [main][DruidDataSource.java:1003] - {dataSource-1} inited
2022-09-24 20:47:42.482 INFO [main][H2ConsoleAutoConfiguration.java:68] - H2 console available at '/h2-console'. Database available at 'jdbc:h2:file:./web/src/main/resources/H2DataBase/h2db'
2022-09-24 20:47:42.540 INFO [main][LogHelper.java:31] - HHH000204: Processing PersistenceUnitInfo [name: default]
2022-09-24 20:47:42.565 INFO [main][Version.java:44] - HHH000412: Hibernate ORM core version 5.4.25.Final
2022-09-24 20:47:42.657 INFO [main][JavaReflectionManager.java:56] - HCANN000001: Hibernate Commons Annotations {5.1.2.Final}
2022-09-24 20:47:42.736 INFO [main][Dialect.java:175] - HHH000400: Using dialect: org.hibernate.dialect.H2Dialect
2022-09-24 20:47:43.053 INFO [main][JtaPlatformInitiator.java:52] - HHH000490: Using JtaPlatform implementation: [org.hibernate.engine.transaction.jta.platform.internal.NoJtaPlatform]
2022-09-24 20:47:43.057 INFO [main][AbstractEntityManagerFactoryBean.java:437] - Initialized JPA EntityManagerFactory for persistence unit 'default'
2022-09-24 20:47:43.672 INFO [main][ExecutorConfigurationSupport.java:181] - Initializing ExecutorService 'applicationTaskExecutor'
2022-09-24 20:47:43.770 INFO [main][DirectJDKLog.java:173] - Starting ProtocolHandler ["http-nio-19201"]
2022-09-24 20:47:43.779 INFO [main][TomcatWebServer.java:220] - Tomcat started on port(s): 19201 (http) with context path ''
2022-09-24 20:47:43.973 INFO [main][StartupInfoLogger.java:61] - Started WebApplication in 3.517 seconds (JVM running for 4.344)
2022-09-24 20:48:47.524 INFO [SpringContextShutdownHook][ExecutorConfigurationSupport.java:218] - Shutting down ExecutorService 'applicationTaskExecutor'
2022-09-24 20:48:47.525 INFO [SpringContextShutdownHook][AbstractEntityManagerFactoryBean.java:651] - Closing JPA EntityManagerFactory for persistence unit 'default'
2022-09-24 20:48:47.542 INFO [SpringContextShutdownHook][DruidDataSource.java:1948] - {dataSource-1} closing ...
2022-09-24 20:48:47.543 INFO [SpringContextShutdownHook][DruidDataSource.java:2020] - {dataSource-1} closed
