2022-09-20 09:46:47.924 INFO [main][StartupInfoLogger.java:55] - Starting WebApplication using Java 11.0.9.1 on myComputer with PID 25176 (C:\Users\Lenovo\IdeaProjects\DeploymentResource\web\target\classes started by Lenovo in C:\Users\Lenovo\IdeaProjects\DeploymentResource)
2022-09-20 09:46:47.969 INFO [main][SpringApplication.java:660] - No active profile set, falling back to default profiles: default
2022-09-20 09:46:53.995 INFO [main][RepositoryConfigurationDelegate.java:128] - Bootstrapping Spring Data JPA repositories in DEFAULT mode.
2022-09-20 09:46:54.096 INFO [main][RepositoryConfigurationDelegate.java:188] - Finished Spring Data repository scanning in 46 ms. Found 0 JPA repository interfaces.
2022-09-20 09:46:57.883 INFO [main][TomcatWebServer.java:108] - Tomcat initialized with port(s): 19201 (http)
2022-09-20 09:46:57.953 INFO [main][DirectJDKLog.java:173] - Initializing ProtocolHandler ["http-nio-19201"]
2022-09-20 09:46:57.957 INFO [main][DirectJDKLog.java:173] - Starting service [Tomcat]
2022-09-20 09:46:57.960 INFO [main][DirectJDKLog.java:173] - Starting Servlet engine: [Apache Tomcat/9.0.41]
2022-09-20 09:46:58.748 INFO [main][DirectJDKLog.java:173] - Initializing Spring embedded WebApplicationContext
2022-09-20 09:46:58.749 INFO [main][ServletWebServerApplicationContext.java:289] - Root WebApplicationContext: initialization completed in 10536 ms
2022-09-20 09:46:58.923 INFO [main][DruidDataSourceAutoConfigure.java:56] - Init DruidDataSource
2022-09-20 09:47:00.463 INFO [main][DruidDataSource.java:1003] - {dataSource-1} inited
2022-09-20 09:47:00.565 INFO [main][H2ConsoleAutoConfiguration.java:68] - H2 console available at '/h2-console'. Database available at 'jdbc:h2:file:./web/src/main/resources/H2DataBase/h2db'
2022-09-20 09:47:01.288 INFO [main][LogHelper.java:31] - HHH000204: Processing PersistenceUnitInfo [name: default]
2022-09-20 09:47:01.695 INFO [main][Version.java:44] - HHH000412: Hibernate ORM core version 5.4.25.Final
2022-09-20 09:47:02.661 INFO [main][JavaReflectionManager.java:56] - HCANN000001: Hibernate Commons Annotations {5.1.2.Final}
2022-09-20 09:47:03.665 INFO [main][Dialect.java:175] - HHH000400: Using dialect: org.hibernate.dialect.H2Dialect
2022-09-20 09:47:07.693 INFO [main][JtaPlatformInitiator.java:52] - HHH000490: Using JtaPlatform implementation: [org.hibernate.engine.transaction.jta.platform.internal.NoJtaPlatform]
2022-09-20 09:47:07.767 INFO [main][AbstractEntityManagerFactoryBean.java:437] - Initialized JPA EntityManagerFactory for persistence unit 'default'
2022-09-20 09:47:14.577 INFO [main][ExecutorConfigurationSupport.java:181] - Initializing ExecutorService 'applicationTaskExecutor'
2022-09-20 09:47:15.445 INFO [main][DirectJDKLog.java:173] - Starting ProtocolHandler ["http-nio-19201"]
2022-09-20 09:47:15.541 INFO [main][TomcatWebServer.java:220] - Tomcat started on port(s): 19201 (http) with context path ''
2022-09-20 09:47:15.759 INFO [main][StartupInfoLogger.java:61] - Started WebApplication in 30.006 seconds (JVM running for 44.33)
2022-09-20 09:50:06.236 INFO [http-nio-19201-exec-1][DirectJDKLog.java:173] - Initializing Spring DispatcherServlet 'dispatcherServlet'
2022-09-20 09:50:06.239 INFO [http-nio-19201-exec-1][FrameworkServlet.java:525] - Initializing Servlet 'dispatcherServlet'
2022-09-20 09:50:06.251 INFO [http-nio-19201-exec-1][FrameworkServlet.java:547] - Completed initialization in 9 ms
