2022-10-17 09:19:02.569 INFO [main][StartupInfoLogger.java:55] - Starting WebApplication using Java 1.8.0_345 on fengjinhe with PID 6712 (C:\Users\冯金河\IdeaProjects\DeploymentResource\web\target\classes started by 冯金河 in C:\Users\冯金河\IdeaProjects\DeploymentResource)
2022-10-17 09:19:02.577 INFO [main][SpringApplication.java:660] - No active profile set, falling back to default profiles: default
2022-10-17 09:19:03.612 INFO [main][RepositoryConfigurationDelegate.java:128] - Bootstrapping Spring Data JPA repositories in DEFAULT mode.
2022-10-17 09:19:03.626 INFO [main][RepositoryConfigurationDelegate.java:188] - Finished Spring Data repository scanning in 6 ms. Found 0 JPA repository interfaces.
2022-10-17 09:19:04.041 INFO [main][TomcatWebServer.java:108] - Tomcat initialized with port(s): 19201 (http)
2022-10-17 09:19:04.049 INFO [main][DirectJDKLog.java:173] - Initializing ProtocolHandler ["http-nio-19201"]
2022-10-17 09:19:04.049 INFO [main][DirectJDKLog.java:173] - Starting service [Tomcat]
2022-10-17 09:19:04.050 INFO [main][DirectJDKLog.java:173] - Starting Servlet engine: [Apache Tomcat/9.0.41]
2022-10-17 09:19:04.130 INFO [main][DirectJDKLog.java:173] - Initializing Spring embedded WebApplicationContext
2022-10-17 09:19:04.130 INFO [main][ServletWebServerApplicationContext.java:289] - Root WebApplicationContext: initialization completed in 1405 ms
2022-10-17 09:19:04.159 INFO [main][DruidDataSourceAutoConfigure.java:56] - Init DruidDataSource
2022-10-17 09:19:04.412 INFO [main][DruidDataSource.java:1003] - {dataSource-1} inited
2022-10-17 09:19:04.421 INFO [main][H2ConsoleAutoConfiguration.java:68] - H2 console available at '/h2-console'. Database available at 'jdbc:h2:file:./web/src/main/resources/H2DataBase/h2db'
2022-10-17 09:19:04.514 INFO [main][LogHelper.java:31] - HHH000204: Processing PersistenceUnitInfo [name: default]
2022-10-17 09:19:04.561 INFO [main][Version.java:44] - HHH000412: Hibernate ORM core version 5.4.25.Final
2022-10-17 09:19:04.693 INFO [main][JavaReflectionManager.java:56] - HCANN000001: Hibernate Commons Annotations {5.1.2.Final}
2022-10-17 09:19:04.800 INFO [main][Dialect.java:175] - HHH000400: Using dialect: org.hibernate.dialect.H2Dialect
2022-10-17 09:19:05.367 INFO [main][JtaPlatformInitiator.java:52] - HHH000490: Using JtaPlatform implementation: [org.hibernate.engine.transaction.jta.platform.internal.NoJtaPlatform]
2022-10-17 09:19:05.376 INFO [main][AbstractEntityManagerFactoryBean.java:437] - Initialized JPA EntityManagerFactory for persistence unit 'default'
2022-10-17 09:19:06.402 INFO [main][ExecutorConfigurationSupport.java:181] - Initializing ExecutorService 'applicationTaskExecutor'
2022-10-17 09:19:06.546 INFO [main][DirectJDKLog.java:173] - Starting ProtocolHandler ["http-nio-19201"]
2022-10-17 09:19:06.676 INFO [main][TomcatWebServer.java:220] - Tomcat started on port(s): 19201 (http) with context path ''
2022-10-17 09:19:06.874 INFO [main][StartupInfoLogger.java:61] - Started WebApplication in 4.781 seconds (JVM running for 5.801)
2022-10-17 09:19:23.627 INFO [http-nio-19201-exec-1][DirectJDKLog.java:173] - Initializing Spring DispatcherServlet 'dispatcherServlet'
2022-10-17 09:19:23.628 INFO [http-nio-19201-exec-1][FrameworkServlet.java:525] - Initializing Servlet 'dispatcherServlet'
2022-10-17 09:19:23.633 INFO [http-nio-19201-exec-1][FrameworkServlet.java:547] - Completed initialization in 5 ms
2022-10-17 09:19:24.002 INFO [http-nio-19201-exec-5][BePublishedPackageController.java:90] - 已发布记录数目查询被调用
2022-10-17 09:19:24.002 INFO [http-nio-19201-exec-3][PendingReviewPackageController.java:118] - 待审核记录数目查询被调用
2022-10-17 09:19:24.002 INFO [http-nio-19201-exec-4][BeRemovedPackageController.java:99] - 已下架记录数目查询被调用
2022-10-17 09:19:26.050 INFO [http-nio-19201-exec-6][PendingReviewPackageController.java:56] - 待审核资源包列表查询
2022-10-17 09:19:26.134 INFO [http-nio-19201-exec-8][BeRemovedPackageController.java:99] - 已下架记录数目查询被调用
2022-10-17 09:19:26.134 INFO [http-nio-19201-exec-7][PendingReviewPackageController.java:118] - 待审核记录数目查询被调用
2022-10-17 09:19:26.135 INFO [http-nio-19201-exec-9][BePublishedPackageController.java:90] - 已发布记录数目查询被调用
2022-10-17 09:19:31.914 INFO [http-nio-19201-exec-10][PendingReviewPackageController.java:56] - 待审核资源包列表查询
2022-10-17 09:19:31.941 INFO [http-nio-19201-exec-4][BePublishedPackageController.java:90] - 已发布记录数目查询被调用
2022-10-17 09:19:31.941 INFO [http-nio-19201-exec-2][BeRemovedPackageController.java:99] - 已下架记录数目查询被调用
2022-10-17 09:19:31.942 INFO [http-nio-19201-exec-1][PendingReviewPackageController.java:118] - 待审核记录数目查询被调用
2022-10-17 09:19:32.605 INFO [http-nio-19201-exec-5][ServicePackageDetailInfoController.java:49] - 根据ID查询资源服务包方法被调用, 传入的ID： 93
2022-10-17 09:19:58.234 INFO [http-nio-19201-exec-6][PendingReviewPackageController.java:56] - 待审核资源包列表查询
2022-10-17 09:19:58.273 INFO [http-nio-19201-exec-9][BePublishedPackageController.java:90] - 已发布记录数目查询被调用
2022-10-17 09:19:58.274 INFO [http-nio-19201-exec-7][BeRemovedPackageController.java:99] - 已下架记录数目查询被调用
2022-10-17 09:19:58.274 INFO [http-nio-19201-exec-8][PendingReviewPackageController.java:118] - 待审核记录数目查询被调用
2022-10-17 09:20:10.827 INFO [http-nio-19201-exec-10][PendingReviewPackageController.java:56] - 待审核资源包列表查询
2022-10-17 09:20:10.868 INFO [http-nio-19201-exec-1][BeRemovedPackageController.java:99] - 已下架记录数目查询被调用
2022-10-17 09:20:10.868 INFO [http-nio-19201-exec-2][BePublishedPackageController.java:90] - 已发布记录数目查询被调用
2022-10-17 09:20:10.868 INFO [http-nio-19201-exec-4][PendingReviewPackageController.java:118] - 待审核记录数目查询被调用
2022-10-17 09:20:15.964 INFO [http-nio-19201-exec-3][BePublishedPackageController.java:65] - 已发布资源包列表查询
2022-10-17 09:20:16.003 INFO [http-nio-19201-exec-7][BeRemovedPackageController.java:99] - 已下架记录数目查询被调用
2022-10-17 09:20:16.003 INFO [http-nio-19201-exec-5][PendingReviewPackageController.java:118] - 待审核记录数目查询被调用
2022-10-17 09:20:16.003 INFO [http-nio-19201-exec-6][BePublishedPackageController.java:90] - 已发布记录数目查询被调用
2022-10-17 09:20:16.704 INFO [http-nio-19201-exec-4][BeRemovedPackageController.java:99] - 已下架记录数目查询被调用
2022-10-17 09:20:16.704 INFO [http-nio-19201-exec-10][BePublishedPackageController.java:90] - 已发布记录数目查询被调用
2022-10-17 09:20:16.705 INFO [http-nio-19201-exec-8][PendingReviewPackageController.java:118] - 待审核记录数目查询被调用
2022-10-17 09:20:17.202 INFO [http-nio-19201-exec-1][BePublishedPackageController.java:65] - 已发布资源包列表查询
2022-10-17 09:20:17.232 INFO [http-nio-19201-exec-7][BeRemovedPackageController.java:99] - 已下架记录数目查询被调用
2022-10-17 09:20:17.233 INFO [http-nio-19201-exec-2][PendingReviewPackageController.java:118] - 待审核记录数目查询被调用
2022-10-17 09:20:17.233 INFO [http-nio-19201-exec-3][BePublishedPackageController.java:90] - 已发布记录数目查询被调用
2022-10-17 09:20:17.720 INFO [http-nio-19201-exec-6][PendingReviewPackageController.java:118] - 待审核记录数目查询被调用
2022-10-17 09:20:17.720 INFO [http-nio-19201-exec-8][BeRemovedPackageController.java:99] - 已下架记录数目查询被调用
2022-10-17 09:20:17.721 INFO [http-nio-19201-exec-9][BePublishedPackageController.java:90] - 已发布记录数目查询被调用
2022-10-17 09:20:34.850 INFO [http-nio-19201-exec-4][PendingReviewPackageController.java:56] - 待审核资源包列表查询
2022-10-17 09:20:34.888 INFO [http-nio-19201-exec-2][BeRemovedPackageController.java:99] - 已下架记录数目查询被调用
2022-10-17 09:20:34.888 INFO [http-nio-19201-exec-1][BePublishedPackageController.java:90] - 已发布记录数目查询被调用
2022-10-17 09:20:34.888 INFO [http-nio-19201-exec-10][PendingReviewPackageController.java:118] - 待审核记录数目查询被调用
2022-10-17 09:20:35.355 INFO [http-nio-19201-exec-8][BePublishedPackageController.java:90] - 已发布记录数目查询被调用
2022-10-17 09:20:35.355 INFO [http-nio-19201-exec-5][BeRemovedPackageController.java:99] - 已下架记录数目查询被调用
2022-10-17 09:20:35.355 INFO [http-nio-19201-exec-7][PendingReviewPackageController.java:118] - 待审核记录数目查询被调用
2022-10-17 09:20:35.874 INFO [http-nio-19201-exec-6][BePublishedPackageController.java:65] - 已发布资源包列表查询
2022-10-17 09:20:35.900 INFO [http-nio-19201-exec-4][BePublishedPackageController.java:90] - 已发布记录数目查询被调用
2022-10-17 09:20:35.900 INFO [http-nio-19201-exec-9][PendingReviewPackageController.java:118] - 待审核记录数目查询被调用
2022-10-17 09:20:35.900 INFO [http-nio-19201-exec-10][BeRemovedPackageController.java:99] - 已下架记录数目查询被调用
2022-10-17 09:20:36.225 INFO [http-nio-19201-exec-1][PendingReviewPackageController.java:56] - 待审核资源包列表查询
2022-10-17 09:20:36.254 INFO [http-nio-19201-exec-8][BeRemovedPackageController.java:99] - 已下架记录数目查询被调用
2022-10-17 09:20:36.254 INFO [http-nio-19201-exec-3][BePublishedPackageController.java:90] - 已发布记录数目查询被调用
2022-10-17 09:20:36.254 INFO [http-nio-19201-exec-2][PendingReviewPackageController.java:118] - 待审核记录数目查询被调用
2022-10-17 09:20:38.251 INFO [http-nio-19201-exec-7][MyResourcesServiceImpl.java:60] - 传入的author是： admin
2022-10-17 09:20:38.256 INFO [http-nio-19201-exec-7][MyResourcesServiceImpl.java:108] - 我的资源模拟分页查询：
2022-10-17 09:20:38.257 INFO [http-nio-19201-exec-7][MyResourcesServiceImpl.java:109] - pageNum: 1
2022-10-17 09:20:38.257 INFO [http-nio-19201-exec-7][MyResourcesServiceImpl.java:110] - pageSize: 10
2022-10-17 09:20:38.257 INFO [http-nio-19201-exec-7][MyResourcesServiceImpl.java:111] - packageName: 
2022-10-17 09:20:40.043 INFO [http-nio-19201-exec-6][MyResourcesServiceImpl.java:60] - 传入的author是： admin
2022-10-17 09:20:40.051 INFO [http-nio-19201-exec-6][MyResourcesServiceImpl.java:108] - 我的资源模拟分页查询：
2022-10-17 09:20:40.051 INFO [http-nio-19201-exec-6][MyResourcesServiceImpl.java:109] - pageNum: 1
2022-10-17 09:20:40.052 INFO [http-nio-19201-exec-6][MyResourcesServiceImpl.java:110] - pageSize: 10
2022-10-17 09:20:40.052 INFO [http-nio-19201-exec-6][MyResourcesServiceImpl.java:111] - packageName: 
2022-10-17 09:20:40.445 INFO [http-nio-19201-exec-9][LogInfoController.java:61] - 日志分页查询被调用。
2022-10-17 09:20:41.458 INFO [http-nio-19201-exec-4][MyResourcesServiceImpl.java:60] - 传入的author是： admin
2022-10-17 09:20:41.463 INFO [http-nio-19201-exec-4][MyResourcesServiceImpl.java:108] - 我的资源模拟分页查询：
2022-10-17 09:20:41.464 INFO [http-nio-19201-exec-4][MyResourcesServiceImpl.java:109] - pageNum: 1
2022-10-17 09:20:41.464 INFO [http-nio-19201-exec-4][MyResourcesServiceImpl.java:110] - pageSize: 10
2022-10-17 09:20:41.464 INFO [http-nio-19201-exec-4][MyResourcesServiceImpl.java:111] - packageName: 
2022-10-17 09:20:45.186 INFO [http-nio-19201-exec-10][LogInfoController.java:61] - 日志分页查询被调用。
2022-10-17 09:20:46.057 INFO [http-nio-19201-exec-1][MyResourcesServiceImpl.java:60] - 传入的author是： admin
2022-10-17 09:20:46.060 INFO [http-nio-19201-exec-1][MyResourcesServiceImpl.java:108] - 我的资源模拟分页查询：
2022-10-17 09:20:46.060 INFO [http-nio-19201-exec-1][MyResourcesServiceImpl.java:109] - pageNum: 1
2022-10-17 09:20:46.060 INFO [http-nio-19201-exec-1][MyResourcesServiceImpl.java:110] - pageSize: 10
2022-10-17 09:20:46.060 INFO [http-nio-19201-exec-1][MyResourcesServiceImpl.java:111] - packageName: 
2022-10-17 09:20:54.458 INFO [http-nio-19201-exec-3][MyResourcesServiceImpl.java:60] - 传入的author是： admin
2022-10-17 09:20:54.464 INFO [http-nio-19201-exec-3][MyResourcesServiceImpl.java:108] - 我的资源模拟分页查询：
2022-10-17 09:20:54.464 INFO [http-nio-19201-exec-3][MyResourcesServiceImpl.java:109] - pageNum: 1
2022-10-17 09:20:54.464 INFO [http-nio-19201-exec-3][MyResourcesServiceImpl.java:110] - pageSize: 10
2022-10-17 09:20:54.464 INFO [http-nio-19201-exec-3][MyResourcesServiceImpl.java:111] - packageName: 
2022-10-17 09:21:04.048 INFO [SpringContextShutdownHook][ExecutorConfigurationSupport.java:218] - Shutting down ExecutorService 'applicationTaskExecutor'
2022-10-17 09:21:04.053 INFO [SpringContextShutdownHook][AbstractEntityManagerFactoryBean.java:651] - Closing JPA EntityManagerFactory for persistence unit 'default'
2022-10-17 09:21:04.055 INFO [SpringContextShutdownHook][DruidDataSource.java:1948] - {dataSource-1} closing ...
2022-10-17 09:21:04.056 INFO [SpringContextShutdownHook][DruidDataSource.java:2020] - {dataSource-1} closed
2022-10-17 10:01:08.614 INFO [main][StartupInfoLogger.java:55] - Starting WebApplication using Java 1.8.0_345 on fengjinhe with PID 16836 (C:\Users\冯金河\IdeaProjects\DeploymentResource\web\target\classes started by 冯金河 in C:\Users\冯金河\IdeaProjects\DeploymentResource)
2022-10-17 10:01:08.627 INFO [main][SpringApplication.java:660] - No active profile set, falling back to default profiles: default
2022-10-17 10:01:09.590 INFO [main][RepositoryConfigurationDelegate.java:128] - Bootstrapping Spring Data JPA repositories in DEFAULT mode.
2022-10-17 10:01:09.607 INFO [main][RepositoryConfigurationDelegate.java:188] - Finished Spring Data repository scanning in 7 ms. Found 0 JPA repository interfaces.
2022-10-17 10:01:10.173 INFO [main][TomcatWebServer.java:108] - Tomcat initialized with port(s): 19201 (http)
2022-10-17 10:01:10.184 INFO [main][DirectJDKLog.java:173] - Initializing ProtocolHandler ["http-nio-19201"]
2022-10-17 10:01:10.184 INFO [main][DirectJDKLog.java:173] - Starting service [Tomcat]
2022-10-17 10:01:10.184 INFO [main][DirectJDKLog.java:173] - Starting Servlet engine: [Apache Tomcat/9.0.41]
2022-10-17 10:01:10.270 INFO [main][DirectJDKLog.java:173] - Initializing Spring embedded WebApplicationContext
2022-10-17 10:01:10.270 INFO [main][ServletWebServerApplicationContext.java:289] - Root WebApplicationContext: initialization completed in 1575 ms
2022-10-17 10:01:10.301 INFO [main][DruidDataSourceAutoConfigure.java:56] - Init DruidDataSource
2022-10-17 10:01:10.596 INFO [main][DruidDataSource.java:1003] - {dataSource-1} inited
2022-10-17 10:01:10.614 INFO [main][H2ConsoleAutoConfiguration.java:68] - H2 console available at '/h2-console'. Database available at 'jdbc:h2:file:./web/src/main/resources/H2DataBase/h2db'
2022-10-17 10:01:10.729 INFO [main][LogHelper.java:31] - HHH000204: Processing PersistenceUnitInfo [name: default]
2022-10-17 10:01:10.780 INFO [main][Version.java:44] - HHH000412: Hibernate ORM core version 5.4.25.Final
2022-10-17 10:01:10.905 INFO [main][JavaReflectionManager.java:56] - HCANN000001: Hibernate Commons Annotations {5.1.2.Final}
2022-10-17 10:01:11.017 INFO [main][Dialect.java:175] - HHH000400: Using dialect: org.hibernate.dialect.H2Dialect
2022-10-17 10:01:11.652 INFO [main][JtaPlatformInitiator.java:52] - HHH000490: Using JtaPlatform implementation: [org.hibernate.engine.transaction.jta.platform.internal.NoJtaPlatform]
2022-10-17 10:01:11.666 INFO [main][AbstractEntityManagerFactoryBean.java:437] - Initialized JPA EntityManagerFactory for persistence unit 'default'
2022-10-17 10:01:12.851 INFO [main][ExecutorConfigurationSupport.java:181] - Initializing ExecutorService 'applicationTaskExecutor'
2022-10-17 10:01:13.041 INFO [main][DirectJDKLog.java:173] - Starting ProtocolHandler ["http-nio-19201"]
2022-10-17 10:01:13.190 INFO [main][TomcatWebServer.java:220] - Tomcat started on port(s): 19201 (http) with context path ''
2022-10-17 10:01:13.244 INFO [http-nio-19201-exec-1][DirectJDKLog.java:173] - Initializing Spring DispatcherServlet 'dispatcherServlet'
2022-10-17 10:01:13.244 INFO [http-nio-19201-exec-1][FrameworkServlet.java:525] - Initializing Servlet 'dispatcherServlet'
2022-10-17 10:01:13.250 INFO [http-nio-19201-exec-1][FrameworkServlet.java:547] - Completed initialization in 6 ms
2022-10-17 10:01:13.469 INFO [main][StartupInfoLogger.java:61] - Started WebApplication in 5.199 seconds (JVM running for 6.269)
2022-10-17 10:01:13.534 INFO [http-nio-19201-exec-4][BeRemovedPackageController.java:99] - 已下架记录数目查询被调用
2022-10-17 10:01:13.534 INFO [http-nio-19201-exec-9][PendingReviewPackageController.java:118] - 待审核记录数目查询被调用
2022-10-17 10:01:13.534 INFO [http-nio-19201-exec-3][BePublishedPackageController.java:90] - 已发布记录数目查询被调用
2022-10-17 14:14:26.045 INFO [http-nio-19201-exec-1][BePublishedPackageController.java:90] - 已发布记录数目查询被调用
2022-10-17 14:14:26.045 INFO [http-nio-19201-exec-2][PendingReviewPackageController.java:118] - 待审核记录数目查询被调用
2022-10-17 14:14:26.045 INFO [http-nio-19201-exec-9][BeRemovedPackageController.java:99] - 已下架记录数目查询被调用
2022-10-17 14:14:34.933 INFO [http-nio-19201-exec-4][PackageController.java:53] - 
2022-10-17 14:14:34.933 INFO [http-nio-19201-exec-4][PackageController.java:54] - 扫描接收的文件数组信息：
2022-10-17 14:14:34.933 INFO [http-nio-19201-exec-4][PackageController.java:55] - [Lorg.springframework.web.multipart.MultipartFile;@6223e08c
2022-10-17 14:14:34.933 INFO [http-nio-19201-exec-4][PackageController.java:56] - 接收文件数组：files_length = 1
2022-10-17 14:14:34.933 INFO [http-nio-19201-exec-4][PackageController.java:58] - 文件信息：
2022-10-17 14:14:34.933 INFO [http-nio-19201-exec-4][PackageController.java:59] - xxfw-xttz-xxfw-java.zip
2022-10-17 14:14:34.933 INFO [http-nio-19201-exec-4][PackageController.java:60] - 608354
2022-10-17 14:14:34.933 INFO [http-nio-19201-exec-4][PackageController.java:62] - 扫描接收的文件数组信息完成：
2022-10-17 14:14:34.933 INFO [http-nio-19201-exec-4][PackageController.java:63] - 
2022-10-17 14:14:34.957 INFO [http-nio-19201-exec-4][PackageController.java:71] - 上传的文件类型为：zip
2022-10-17 14:14:34.957 INFO [http-nio-19201-exec-4][PackageController.java:77] - 
2022-10-17 14:14:34.957 INFO [http-nio-19201-exec-4][PackageServiceImpl.java:72] - originalFileName: xxfw-xttz-xxfw-java.zip
2022-10-17 14:14:34.957 INFO [http-nio-19201-exec-4][PackageServiceImpl.java:73] - contentType: zip
2022-10-17 14:14:34.957 INFO [http-nio-19201-exec-4][PackageServiceImpl.java:74] - fileUid: f83c0baace0b4ba085b402aec0e2383f.zip
2022-10-17 14:14:34.957 INFO [http-nio-19201-exec-4][PackageServiceImpl.java:75] - uploadFile: web\src\main\resources\files\f83c0baace0b4ba085b402aec0e2383f.zip
2022-10-17 14:14:34.957 INFO [http-nio-19201-exec-4][PackageServiceImpl.java:76] - dest: C:\Users\冯金河\IdeaProjects\DeploymentResource\web\src\main\resources\files\f83c0baace0b4ba085b402aec0e2383f.zip
2022-10-17 14:14:34.957 INFO [http-nio-19201-exec-4][PackageServiceImpl.java:77] - parentFile: web\src\main\resources\files
2022-10-17 14:14:34.957 INFO [http-nio-19201-exec-4][PackageController.java:79] - 文件：xxfw-xttz-xxfw-java.zip存储成功
2022-10-17 14:14:34.957 INFO [http-nio-19201-exec-4][PackageController.java:80] - fileUid: f83c0baace0b4ba085b402aec0e2383f.zip
2022-10-17 14:14:34.957 INFO [http-nio-19201-exec-4][ZipUtils.java:50] - 解压: fastjson-1.2.58.tar
2022-10-17 14:14:34.966 INFO [http-nio-19201-exec-4][ZipUtils.java:50] - 解压: serviceYaml.yaml
2022-10-17 14:14:34.966 INFO [http-nio-19201-exec-4][ZipUtils.java:50] - 解压: workLoad.yaml
2022-10-17 14:14:34.966 INFO [http-nio-19201-exec-4][ZipUtils.java:50] - 解压: xxfw-xttz-xxfw-java.json
2022-10-17 14:14:34.966 INFO [http-nio-19201-exec-4][ZipUtils.java:78] - 解压完成，耗时：9 ms
2022-10-17 14:14:34.966 INFO [http-nio-19201-exec-4][PackageServiceImpl.java:121] - 文件类型：tar
2022-10-17 14:14:34.966 INFO [http-nio-19201-exec-4][PackageServiceImpl.java:121] - 文件类型：yaml
2022-10-17 14:14:34.966 INFO [http-nio-19201-exec-4][PackageServiceImpl.java:121] - 文件类型：yaml
2022-10-17 14:14:34.966 INFO [http-nio-19201-exec-4][PackageServiceImpl.java:121] - 文件类型：json
2022-10-17 14:14:35.112 INFO [http-nio-19201-exec-4][PackageServiceImpl.java:130] - json描述文件解析结果： 
2022-10-17 14:14:35.113 INFO [http-nio-19201-exec-4][PackageServiceImpl.java:131] - PackingToolInfo(basicInfoForm=BasicInfoForm(softwareCnName=这是测试服务, softwareGroupName=xxfw, softwareEnvironment=arm, softwareUniqueName=xxfw-xttz-xxfw-java, domainName=xxfw, softwareName=xttz, serviceName=xxfw, languageName=java, softwareVersion=1.23.22, majorVersionNumber=1, minorVersionNumber=23, revisionNumber=22), imageInfoForm=ImageInfoForm(imageFileUidList=null, imageFileNameList=null, isImageFileExist=null, isYamlFileExist=null, yamlFileUid=null, yamlFileName=null), developerInfoForm=DeveloperInfoForm(developerName=测试者, developerGroup=普通单位, developerPhone=666))
2022-10-17 14:14:35.139 INFO [http-nio-19201-exec-4][PackageController.java:115] - 详细信息：
2022-10-17 14:14:35.139 INFO [http-nio-19201-exec-4][PackageController.java:116] - ServicePackageDetailInfo(servicePackageDetailInfoId=94, softwareCnName=这是测试服务, softwareGroupName=xxfw, softwareEnvironment=arm, softwareUniqueName=xxfw-xttz-xxfw-java, domainName=xxfw, softwareName=xttz, serviceName=xxfw, languageName=java, softwareVersion=1.23.22, majorVersionNumber=1, minorVersionNumber=23, revisionNumber=22, developerName=测试者, developerGroup=普通单位, developerPhone=666, connectedPackageUid=f83c0baace0b4ba085b402aec0e2383f.zip, connectedPackageOriginalFileName=xxfw-xttz-xxfw-java.zip, connectedPackageSize=0MB, isConfirm=false)
2022-10-17 14:14:35.141 INFO [http-nio-19201-exec-4][PackageController.java:117] - 主键：
2022-10-17 14:14:35.141 INFO [http-nio-19201-exec-4][PackageController.java:118] - 94
2022-10-17 14:14:35.141 INFO [http-nio-19201-exec-4][PackageServiceImpl.java:148] - 存放临时解压文件的目录是： web/src/main/resources/unZip
2022-10-17 14:14:35.141 INFO [http-nio-19201-exec-4][PackageServiceImpl.java:149] - 准备清空临时解压文件夹
2022-10-17 14:14:35.143 INFO [http-nio-19201-exec-4][PackageServiceImpl.java:157] - 目前文件夹下有【4】个文件夹或者文件
2022-10-17 14:14:35.145 INFO [http-nio-19201-exec-4][PackageServiceImpl.java:164] - 临时解压文件夹清理完成
2022-10-17 14:14:42.359 INFO [http-nio-19201-exec-6][PackageServiceImpl.java:179] - 资源包上传确认消息，上传者：abc 对应详情记录的主键：94
2022-10-17 14:14:42.359 INFO [http-nio-19201-exec-6][PackageServiceImpl.java:181] - 调出资源包详细信息：
2022-10-17 14:14:42.377 INFO [http-nio-19201-exec-6][PackageServiceImpl.java:198] - 资源包确认完成
2022-10-17 14:14:45.179 INFO [http-nio-19201-exec-5][MyResourcesServiceImpl.java:60] - 传入的author是： abc
2022-10-17 14:14:45.189 INFO [http-nio-19201-exec-5][MyResourcesServiceImpl.java:108] - 我的资源模拟分页查询：
2022-10-17 14:14:45.189 INFO [http-nio-19201-exec-5][MyResourcesServiceImpl.java:109] - pageNum: 1
2022-10-17 14:14:45.189 INFO [http-nio-19201-exec-5][MyResourcesServiceImpl.java:110] - pageSize: 10
2022-10-17 14:14:45.189 INFO [http-nio-19201-exec-5][MyResourcesServiceImpl.java:111] - packageName: 
2022-10-17 14:14:54.050 INFO [http-nio-19201-exec-9][BeRemovedPackageController.java:99] - 已下架记录数目查询被调用
2022-10-17 14:14:54.050 INFO [http-nio-19201-exec-10][PendingReviewPackageController.java:118] - 待审核记录数目查询被调用
2022-10-17 14:14:54.053 INFO [http-nio-19201-exec-2][BePublishedPackageController.java:90] - 已发布记录数目查询被调用
2022-10-17 14:14:55.800 INFO [http-nio-19201-exec-1][PendingReviewPackageController.java:56] - 待审核资源包列表查询
2022-10-17 14:14:55.897 INFO [http-nio-19201-exec-4][PendingReviewPackageController.java:118] - 待审核记录数目查询被调用
2022-10-17 14:14:55.897 INFO [http-nio-19201-exec-6][BeRemovedPackageController.java:99] - 已下架记录数目查询被调用
2022-10-17 14:14:55.897 INFO [http-nio-19201-exec-3][BePublishedPackageController.java:90] - 已发布记录数目查询被调用
2022-10-17 14:14:57.816 INFO [http-nio-19201-exec-5][ServicePackageDetailInfoController.java:49] - 根据ID查询资源服务包方法被调用, 传入的ID： 94
2022-10-17 14:15:05.537 INFO [http-nio-19201-exec-10][PendingReviewPackageController.java:87] - 安全扫描97
2022-10-17 14:15:05.544 INFO [http-nio-19201-exec-9][PendingReviewPackageController.java:56] - 待审核资源包列表查询
2022-10-17 14:15:05.568 INFO [http-nio-19201-exec-6][BeRemovedPackageController.java:99] - 已下架记录数目查询被调用
2022-10-17 14:15:05.568 INFO [http-nio-19201-exec-2][PendingReviewPackageController.java:118] - 待审核记录数目查询被调用
2022-10-17 14:15:05.568 INFO [http-nio-19201-exec-1][BePublishedPackageController.java:90] - 已发布记录数目查询被调用
2022-10-17 14:15:08.035 INFO [http-nio-19201-exec-3][PendingReviewPackageController.java:101] - 安全扫描97
2022-10-17 14:15:08.050 INFO [http-nio-19201-exec-7][PendingReviewPackageController.java:56] - 待审核资源包列表查询
2022-10-17 14:15:08.077 INFO [http-nio-19201-exec-10][BeRemovedPackageController.java:99] - 已下架记录数目查询被调用
2022-10-17 14:15:08.078 INFO [http-nio-19201-exec-8][BePublishedPackageController.java:90] - 已发布记录数目查询被调用
2022-10-17 14:15:08.078 INFO [http-nio-19201-exec-5][PendingReviewPackageController.java:118] - 待审核记录数目查询被调用
2022-10-17 14:15:09.271 INFO [http-nio-19201-exec-9][BePublishedPackageController.java:65] - 已发布资源包列表查询
2022-10-17 14:15:09.306 INFO [http-nio-19201-exec-1][BeRemovedPackageController.java:99] - 已下架记录数目查询被调用
2022-10-17 14:15:09.306 INFO [http-nio-19201-exec-2][BePublishedPackageController.java:90] - 已发布记录数目查询被调用
2022-10-17 14:15:09.306 INFO [http-nio-19201-exec-6][PendingReviewPackageController.java:118] - 待审核记录数目查询被调用
2022-10-17 14:15:11.831 INFO [http-nio-19201-exec-4][ServicePackageDetailInfoController.java:49] - 根据ID查询资源服务包方法被调用, 传入的ID： 94
2022-10-17 14:16:36.899 INFO [http-nio-19201-exec-5][ServicePackageDetailInfoController.java:63] - 请求来自开设部署，根据ID查询资源服务包方法被调用, 传入的ID： 94
2022-10-17 16:01:19.445 INFO [SpringContextShutdownHook][ExecutorConfigurationSupport.java:218] - Shutting down ExecutorService 'applicationTaskExecutor'
2022-10-17 16:01:19.460 INFO [SpringContextShutdownHook][AbstractEntityManagerFactoryBean.java:651] - Closing JPA EntityManagerFactory for persistence unit 'default'
2022-10-17 16:01:19.476 INFO [SpringContextShutdownHook][DruidDataSource.java:1948] - {dataSource-1} closing ...
2022-10-17 16:01:19.476 INFO [SpringContextShutdownHook][DruidDataSource.java:2020] - {dataSource-1} closed
2022-10-17 16:02:19.869 INFO [main][StartupInfoLogger.java:55] - Starting WebApplication using Java 1.8.0_345 on fengjinhe with PID 27860 (C:\Users\冯金河\IdeaProjects\DeploymentResource\web\target\classes started by 冯金河 in C:\Users\冯金河\IdeaProjects\DeploymentResource)
2022-10-17 16:02:19.869 INFO [main][SpringApplication.java:660] - No active profile set, falling back to default profiles: default
2022-10-17 16:02:20.463 INFO [main][RepositoryConfigurationDelegate.java:128] - Bootstrapping Spring Data JPA repositories in DEFAULT mode.
2022-10-17 16:02:20.478 INFO [main][RepositoryConfigurationDelegate.java:188] - Finished Spring Data repository scanning in 5 ms. Found 0 JPA repository interfaces.
2022-10-17 16:02:20.775 INFO [main][TomcatWebServer.java:108] - Tomcat initialized with port(s): 19201 (http)
2022-10-17 16:02:20.791 INFO [main][DirectJDKLog.java:173] - Initializing ProtocolHandler ["http-nio-19201"]
2022-10-17 16:02:20.791 INFO [main][DirectJDKLog.java:173] - Starting service [Tomcat]
2022-10-17 16:02:20.791 INFO [main][DirectJDKLog.java:173] - Starting Servlet engine: [Apache Tomcat/9.0.41]
2022-10-17 16:02:20.837 INFO [main][DirectJDKLog.java:173] - Initializing Spring embedded WebApplicationContext
2022-10-17 16:02:20.837 INFO [main][ServletWebServerApplicationContext.java:289] - Root WebApplicationContext: initialization completed in 921 ms
2022-10-17 16:02:20.853 INFO [main][DruidDataSourceAutoConfigure.java:56] - Init DruidDataSource
2022-10-17 16:02:21.056 INFO [main][DruidDataSource.java:1003] - {dataSource-1} inited
2022-10-17 16:02:21.072 INFO [main][H2ConsoleAutoConfiguration.java:68] - H2 console available at '/h2-console'. Database available at 'jdbc:h2:file:./web/src/main/resources/H2DataBase/h2db'
2022-10-17 16:02:21.150 INFO [main][LogHelper.java:31] - HHH000204: Processing PersistenceUnitInfo [name: default]
2022-10-17 16:02:21.181 INFO [main][Version.java:44] - HHH000412: Hibernate ORM core version 5.4.25.Final
2022-10-17 16:02:21.259 INFO [main][JavaReflectionManager.java:56] - HCANN000001: Hibernate Commons Annotations {5.1.2.Final}
2022-10-17 16:02:21.337 INFO [main][Dialect.java:175] - HHH000400: Using dialect: org.hibernate.dialect.H2Dialect
2022-10-17 16:02:21.744 INFO [main][JtaPlatformInitiator.java:52] - HHH000490: Using JtaPlatform implementation: [org.hibernate.engine.transaction.jta.platform.internal.NoJtaPlatform]
2022-10-17 16:02:21.744 INFO [main][AbstractEntityManagerFactoryBean.java:437] - Initialized JPA EntityManagerFactory for persistence unit 'default'
2022-10-17 16:02:22.541 INFO [main][ExecutorConfigurationSupport.java:181] - Initializing ExecutorService 'applicationTaskExecutor'
2022-10-17 16:02:22.666 INFO [main][DirectJDKLog.java:173] - Starting ProtocolHandler ["http-nio-19201"]
2022-10-17 16:02:22.759 INFO [main][TomcatWebServer.java:220] - Tomcat started on port(s): 19201 (http) with context path ''
2022-10-17 16:02:22.931 INFO [main][StartupInfoLogger.java:61] - Started WebApplication in 3.331 seconds (JVM running for 4.219)
2022-10-17 16:03:27.687 INFO [http-nio-19201-exec-1][DirectJDKLog.java:173] - Initializing Spring DispatcherServlet 'dispatcherServlet'
2022-10-17 16:03:27.687 INFO [http-nio-19201-exec-1][FrameworkServlet.java:525] - Initializing Servlet 'dispatcherServlet'
2022-10-17 16:03:27.687 INFO [http-nio-19201-exec-1][FrameworkServlet.java:547] - Completed initialization in 0 ms
