2022-10-20 10:22:30.471 INFO [main][StartupInfoLogger.java:55] - Starting WebApplication using Java 1.8.0_345 on fengjinhe with PID 21020 (C:\Users\冯金河\IdeaProjects\DeploymentResource\web\target\classes started by 冯金河 in C:\Users\冯金河\IdeaProjects\DeploymentResource)
2022-10-20 10:22:30.478 INFO [main][SpringApplication.java:660] - No active profile set, falling back to default profiles: default
2022-10-20 10:22:31.081 INFO [main][RepositoryConfigurationDelegate.java:128] - Bootstrapping Spring Data JPA repositories in DEFAULT mode.
2022-10-20 10:22:31.093 INFO [main][RepositoryConfigurationDelegate.java:188] - Finished Spring Data repository scanning in 6 ms. Found 0 JPA repository interfaces.
2022-10-20 10:22:31.483 INFO [main][TomcatWebServer.java:108] - Tomcat initialized with port(s): 19201 (http)
2022-10-20 10:22:31.490 INFO [main][DirectJDKLog.java:173] - Initializing ProtocolHandler ["http-nio-19201"]
2022-10-20 10:22:31.490 INFO [main][DirectJDKLog.java:173] - Starting service [Tomcat]
2022-10-20 10:22:31.490 INFO [main][DirectJDKLog.java:173] - Starting Servlet engine: [Apache Tomcat/9.0.41]
2022-10-20 10:22:31.553 INFO [main][DirectJDKLog.java:173] - Initializing Spring embedded WebApplicationContext
2022-10-20 10:22:31.553 INFO [main][ServletWebServerApplicationContext.java:289] - Root WebApplicationContext: initialization completed in 1028 ms
2022-10-20 10:22:31.573 INFO [main][DruidDataSourceAutoConfigure.java:56] - Init DruidDataSource
2022-10-20 10:22:31.789 INFO [main][DruidDataSource.java:1003] - {dataSource-1} inited
2022-10-20 10:22:31.799 INFO [main][H2ConsoleAutoConfiguration.java:68] - H2 console available at '/h2-console'. Database available at 'jdbc:h2:file:./web/src/main/resources/H2DataBase/h2db'
2022-10-20 10:22:31.870 INFO [main][LogHelper.java:31] - HHH000204: Processing PersistenceUnitInfo [name: default]
2022-10-20 10:22:31.898 INFO [main][Version.java:44] - HHH000412: Hibernate ORM core version 5.4.25.Final
2022-10-20 10:22:31.970 INFO [main][JavaReflectionManager.java:56] - HCANN000001: Hibernate Commons Annotations {5.1.2.Final}
2022-10-20 10:22:32.040 INFO [main][Dialect.java:175] - HHH000400: Using dialect: org.hibernate.dialect.H2Dialect
2022-10-20 10:22:32.451 INFO [main][JtaPlatformInitiator.java:52] - HHH000490: Using JtaPlatform implementation: [org.hibernate.engine.transaction.jta.platform.internal.NoJtaPlatform]
2022-10-20 10:22:32.457 INFO [main][AbstractEntityManagerFactoryBean.java:437] - Initialized JPA EntityManagerFactory for persistence unit 'default'
2022-10-20 10:22:33.434 INFO [main][ExecutorConfigurationSupport.java:181] - Initializing ExecutorService 'applicationTaskExecutor'
2022-10-20 10:22:33.460 INFO [main][WelcomePageHandlerMapping.java:54] - Adding welcome page: class path resource [static/index.html]
2022-10-20 10:22:33.721 INFO [main][DirectJDKLog.java:173] - Starting ProtocolHandler ["http-nio-19201"]
2022-10-20 10:22:33.733 INFO [main][TomcatWebServer.java:220] - Tomcat started on port(s): 19201 (http) with context path ''
2022-10-20 10:22:33.908 INFO [main][StartupInfoLogger.java:61] - Started WebApplication in 3.7 seconds (JVM running for 4.518)
2022-10-20 10:22:58.134 INFO [http-nio-19201-exec-1][DirectJDKLog.java:173] - Initializing Spring DispatcherServlet 'dispatcherServlet'
2022-10-20 10:22:58.135 INFO [http-nio-19201-exec-1][FrameworkServlet.java:525] - Initializing Servlet 'dispatcherServlet'
2022-10-20 10:22:58.138 INFO [http-nio-19201-exec-1][FrameworkServlet.java:547] - Completed initialization in 3 ms
2022-10-20 10:22:58.638 INFO [http-nio-19201-exec-7][BePublishedPackageController.java:90] - 已发布记录数目查询被调用
2022-10-20 10:22:58.638 INFO [http-nio-19201-exec-6][PendingReviewPackageController.java:118] - 待审核记录数目查询被调用
2022-10-20 10:22:58.638 INFO [http-nio-19201-exec-4][BeRemovedPackageController.java:99] - 已下架记录数目查询被调用
2022-10-20 10:22:59.841 INFO [http-nio-19201-exec-3][PendingReviewPackageController.java:56] - 待审核资源包列表查询
2022-10-20 10:22:59.893 INFO [http-nio-19201-exec-10][BeRemovedPackageController.java:99] - 已下架记录数目查询被调用
2022-10-20 10:22:59.893 INFO [http-nio-19201-exec-5][PendingReviewPackageController.java:118] - 待审核记录数目查询被调用
2022-10-20 10:22:59.894 INFO [http-nio-19201-exec-8][BePublishedPackageController.java:90] - 已发布记录数目查询被调用
2022-10-20 10:23:22.100 INFO [http-nio-19201-exec-9][BePublishedPackageController.java:65] - 已发布资源包列表查询
2022-10-20 10:23:22.128 INFO [http-nio-19201-exec-4][BeRemovedPackageController.java:99] - 已下架记录数目查询被调用
2022-10-20 10:23:22.129 INFO [http-nio-19201-exec-1][PendingReviewPackageController.java:118] - 待审核记录数目查询被调用
2022-10-20 10:23:22.129 INFO [http-nio-19201-exec-2][BePublishedPackageController.java:90] - 已发布记录数目查询被调用
2022-10-20 10:23:22.150 INFO [http-nio-19201-exec-7][PendingReviewPackageController.java:56] - 待审核资源包列表查询
2022-10-20 10:23:22.178 INFO [http-nio-19201-exec-3][BePublishedPackageController.java:90] - 已发布记录数目查询被调用
2022-10-20 10:23:22.178 INFO [http-nio-19201-exec-5][BeRemovedPackageController.java:99] - 已下架记录数目查询被调用
2022-10-20 10:23:22.179 INFO [http-nio-19201-exec-6][PendingReviewPackageController.java:118] - 待审核记录数目查询被调用
2022-10-20 10:23:22.684 INFO [http-nio-19201-exec-8][BePublishedPackageController.java:65] - 已发布资源包列表查询
2022-10-20 10:23:22.712 INFO [http-nio-19201-exec-4][BeRemovedPackageController.java:99] - 已下架记录数目查询被调用
2022-10-20 10:23:22.712 INFO [http-nio-19201-exec-10][PendingReviewPackageController.java:118] - 待审核记录数目查询被调用
2022-10-20 10:23:22.712 INFO [http-nio-19201-exec-9][BePublishedPackageController.java:90] - 已发布记录数目查询被调用
2022-10-20 10:23:22.994 INFO [http-nio-19201-exec-6][BeRemovedPackageController.java:99] - 已下架记录数目查询被调用
2022-10-20 10:23:22.994 INFO [http-nio-19201-exec-1][PendingReviewPackageController.java:118] - 待审核记录数目查询被调用
2022-10-20 10:23:22.994 INFO [http-nio-19201-exec-7][BePublishedPackageController.java:90] - 已发布记录数目查询被调用
2022-10-20 10:23:23.301 INFO [http-nio-19201-exec-5][BePublishedPackageController.java:65] - 已发布资源包列表查询
2022-10-20 10:23:23.326 INFO [http-nio-19201-exec-3][PendingReviewPackageController.java:118] - 待审核记录数目查询被调用
2022-10-20 10:23:23.326 INFO [http-nio-19201-exec-10][BeRemovedPackageController.java:99] - 已下架记录数目查询被调用
2022-10-20 10:23:23.326 INFO [http-nio-19201-exec-8][BePublishedPackageController.java:90] - 已发布记录数目查询被调用
2022-10-20 10:23:23.790 INFO [http-nio-19201-exec-4][PendingReviewPackageController.java:56] - 待审核资源包列表查询
2022-10-20 10:23:23.814 INFO [http-nio-19201-exec-1][BeRemovedPackageController.java:99] - 已下架记录数目查询被调用
2022-10-20 10:23:23.816 INFO [http-nio-19201-exec-9][PendingReviewPackageController.java:118] - 待审核记录数目查询被调用
2022-10-20 10:23:23.816 INFO [http-nio-19201-exec-2][BePublishedPackageController.java:90] - 已发布记录数目查询被调用
2022-10-20 10:23:33.331 INFO [http-nio-19201-exec-6][PackageController.java:53] - 
2022-10-20 10:23:33.331 INFO [http-nio-19201-exec-6][PackageController.java:54] - 扫描接收的文件数组信息：
2022-10-20 10:23:33.331 INFO [http-nio-19201-exec-6][PackageController.java:55] - [Lorg.springframework.web.multipart.MultipartFile;@1782b457
2022-10-20 10:23:33.331 INFO [http-nio-19201-exec-6][PackageController.java:56] - 接收文件数组：files_length = 1
2022-10-20 10:23:33.332 INFO [http-nio-19201-exec-6][PackageController.java:58] - 文件信息：
2022-10-20 10:23:33.332 INFO [http-nio-19201-exec-6][PackageController.java:59] - xxfw-xxfw-xxfw-java.zip
2022-10-20 10:23:33.332 INFO [http-nio-19201-exec-6][PackageController.java:60] - 608341
2022-10-20 10:23:33.332 INFO [http-nio-19201-exec-6][PackageController.java:62] - 扫描接收的文件数组信息完成：
2022-10-20 10:23:33.332 INFO [http-nio-19201-exec-6][PackageController.java:63] - 
2022-10-20 10:23:33.346 INFO [http-nio-19201-exec-6][PackageController.java:71] - 上传的文件类型为：zip
2022-10-20 10:23:33.347 INFO [http-nio-19201-exec-6][PackageController.java:77] - 
2022-10-20 10:23:33.350 INFO [http-nio-19201-exec-6][PackageServiceImpl.java:72] - originalFileName: xxfw-xxfw-xxfw-java.zip
2022-10-20 10:23:33.351 INFO [http-nio-19201-exec-6][PackageServiceImpl.java:73] - contentType: zip
2022-10-20 10:23:33.351 INFO [http-nio-19201-exec-6][PackageServiceImpl.java:74] - fileUid: 666a727af6ef4bb19e99ec81c875ad7b.zip
2022-10-20 10:23:33.351 INFO [http-nio-19201-exec-6][PackageServiceImpl.java:75] - uploadFile: web\src\main\resources\files\666a727af6ef4bb19e99ec81c875ad7b.zip
2022-10-20 10:23:33.351 INFO [http-nio-19201-exec-6][PackageServiceImpl.java:76] - dest: C:\Users\冯金河\IdeaProjects\DeploymentResource\web\src\main\resources\files\666a727af6ef4bb19e99ec81c875ad7b.zip
2022-10-20 10:23:33.351 INFO [http-nio-19201-exec-6][PackageServiceImpl.java:77] - parentFile: web\src\main\resources\files
2022-10-20 10:23:33.352 INFO [http-nio-19201-exec-6][PackageServiceImpl.java:80] - 当前文件存储路径：web\src\main\resources\files不存在，已经新建
2022-10-20 10:23:33.353 INFO [http-nio-19201-exec-6][PackageController.java:79] - 文件：xxfw-xxfw-xxfw-java.zip存储成功
2022-10-20 10:23:33.353 INFO [http-nio-19201-exec-6][PackageController.java:80] - fileUid: 666a727af6ef4bb19e99ec81c875ad7b.zip
2022-10-20 10:23:33.354 INFO [http-nio-19201-exec-6][ZipUtils.java:50] - 解压: desc.json
2022-10-20 10:23:33.355 INFO [http-nio-19201-exec-6][ZipUtils.java:50] - 解压: fastjson-1.2.58.tar
2022-10-20 10:23:33.360 INFO [http-nio-19201-exec-6][ZipUtils.java:50] - 解压: serviceYaml.yaml
2022-10-20 10:23:33.362 INFO [http-nio-19201-exec-6][ZipUtils.java:50] - 解压: workLoad.yaml
2022-10-20 10:23:33.364 INFO [http-nio-19201-exec-6][ZipUtils.java:78] - 解压完成，耗时：10 ms
2022-10-20 10:23:33.366 INFO [http-nio-19201-exec-6][PackageServiceImpl.java:121] - 文件类型：json
2022-10-20 10:23:33.366 INFO [http-nio-19201-exec-6][PackageServiceImpl.java:121] - 文件类型：tar
2022-10-20 10:23:33.367 INFO [http-nio-19201-exec-6][PackageServiceImpl.java:121] - 文件类型：yaml
2022-10-20 10:23:33.367 INFO [http-nio-19201-exec-6][PackageServiceImpl.java:121] - 文件类型：yaml
2022-10-20 10:23:33.490 INFO [http-nio-19201-exec-6][PackageServiceImpl.java:131] - json描述文件解析结果： 
2022-10-20 10:23:33.491 INFO [http-nio-19201-exec-6][PackageServiceImpl.java:132] - PackingToolInfo(basicInfoForm=BasicInfoForm(softwareCnName=测试资源字段, softwareGroupName=, softwareEnvironment=x86, softwareUniqueName=xxfw-xxfw-xxfw-java, domainName=xxfw, softwareName=xxfw, serviceName=xxfw, languageName=java, softwareVersion=1.23.45, majorVersionNumber=1, minorVersionNumber=23, revisionNumber=45, cpuRequests=4核, memoryRequests=2000Mi), imageInfoForm=ImageInfoForm(imageFileUidList=null, imageFileNameList=null, isImageFileExist=null, isYamlFileExist=null, yamlFileUid=null, yamlFileName=null), developerInfoForm=DeveloperInfoForm(developerName=测试员, developerGroup=测试新封装, developerPhone=666))
2022-10-20 10:23:33.508 INFO [http-nio-19201-exec-6][PackageController.java:115] - 详细信息：
2022-10-20 10:23:33.509 INFO [http-nio-19201-exec-6][PackageController.java:116] - ServicePackageDetailInfo(servicePackageDetailInfoId=1, softwareCnName=测试资源字段, softwareGroupName=, softwareEnvironment=x86, softwareUniqueName=xxfw-xxfw-xxfw-java, domainName=xxfw, softwareName=xxfw, serviceName=xxfw, languageName=java, softwareVersion=1.23.45, majorVersionNumber=1, minorVersionNumber=23, revisionNumber=45, developerName=测试员, developerGroup=测试新封装, developerPhone=666, connectedPackageUid=666a727af6ef4bb19e99ec81c875ad7b.zip, connectedPackageOriginalFileName=xxfw-xxfw-xxfw-java.zip, connectedPackageSize=0MB, isConfirm=false, cpuRequests=4核, memoryRequests=2000Mi)
2022-10-20 10:23:33.510 INFO [http-nio-19201-exec-6][PackageController.java:117] - 主键：
2022-10-20 10:23:33.510 INFO [http-nio-19201-exec-6][PackageController.java:118] - 1
2022-10-20 10:23:33.510 INFO [http-nio-19201-exec-6][PackageServiceImpl.java:149] - 存放临时解压文件的目录是： web/src/main/resources/unZip
2022-10-20 10:23:33.510 INFO [http-nio-19201-exec-6][PackageServiceImpl.java:150] - 准备清空临时解压文件夹
2022-10-20 10:23:33.511 INFO [http-nio-19201-exec-6][PackageServiceImpl.java:158] - 目前文件夹下有【4】个文件夹或者文件
2022-10-20 10:23:33.512 INFO [http-nio-19201-exec-6][PackageServiceImpl.java:165] - 临时解压文件夹清理完成
2022-10-20 10:23:46.402 INFO [http-nio-19201-exec-7][BePublishedPackageController.java:65] - 已发布资源包列表查询
2022-10-20 10:23:46.423 INFO [http-nio-19201-exec-5][PendingReviewPackageController.java:118] - 待审核记录数目查询被调用
2022-10-20 10:23:46.423 INFO [http-nio-19201-exec-3][BeRemovedPackageController.java:99] - 已下架记录数目查询被调用
2022-10-20 10:23:46.423 INFO [http-nio-19201-exec-10][BePublishedPackageController.java:90] - 已发布记录数目查询被调用
2022-10-20 10:23:46.862 INFO [http-nio-19201-exec-1][BePublishedPackageController.java:90] - 已发布记录数目查询被调用
2022-10-20 10:23:46.862 INFO [http-nio-19201-exec-9][BeRemovedPackageController.java:99] - 已下架记录数目查询被调用
2022-10-20 10:23:46.862 INFO [http-nio-19201-exec-4][PendingReviewPackageController.java:118] - 待审核记录数目查询被调用
2022-10-20 10:23:47.172 INFO [http-nio-19201-exec-2][BePublishedPackageController.java:65] - 已发布资源包列表查询
2022-10-20 10:23:47.194 INFO [http-nio-19201-exec-3][BeRemovedPackageController.java:99] - 已下架记录数目查询被调用
2022-10-20 10:23:47.194 INFO [http-nio-19201-exec-7][BePublishedPackageController.java:90] - 已发布记录数目查询被调用
2022-10-20 10:23:47.195 INFO [http-nio-19201-exec-6][PendingReviewPackageController.java:118] - 待审核记录数目查询被调用
2022-10-20 10:23:47.455 INFO [http-nio-19201-exec-10][PendingReviewPackageController.java:56] - 待审核资源包列表查询
2022-10-20 10:23:47.481 INFO [http-nio-19201-exec-5][PendingReviewPackageController.java:118] - 待审核记录数目查询被调用
2022-10-20 10:23:47.481 INFO [http-nio-19201-exec-9][BePublishedPackageController.java:90] - 已发布记录数目查询被调用
2022-10-20 10:23:47.481 INFO [http-nio-19201-exec-8][BeRemovedPackageController.java:99] - 已下架记录数目查询被调用
2022-10-20 10:23:49.604 INFO [http-nio-19201-exec-1][PendingReviewPackageController.java:56] - 待审核资源包列表查询
2022-10-20 10:23:49.628 INFO [http-nio-19201-exec-4][PendingReviewPackageController.java:118] - 待审核记录数目查询被调用
2022-10-20 10:23:49.628 INFO [http-nio-19201-exec-2][BePublishedPackageController.java:90] - 已发布记录数目查询被调用
2022-10-20 10:23:49.628 INFO [http-nio-19201-exec-6][BeRemovedPackageController.java:99] - 已下架记录数目查询被调用
2022-10-20 10:23:50.013 INFO [http-nio-19201-exec-7][BePublishedPackageController.java:65] - 已发布资源包列表查询
2022-10-20 10:23:50.036 INFO [http-nio-19201-exec-9][BeRemovedPackageController.java:99] - 已下架记录数目查询被调用
2022-10-20 10:23:50.036 INFO [http-nio-19201-exec-10][BePublishedPackageController.java:90] - 已发布记录数目查询被调用
2022-10-20 10:23:50.036 INFO [http-nio-19201-exec-3][PendingReviewPackageController.java:118] - 待审核记录数目查询被调用
2022-10-20 10:23:50.357 INFO [http-nio-19201-exec-1][BeRemovedPackageController.java:99] - 已下架记录数目查询被调用
2022-10-20 10:23:50.357 INFO [http-nio-19201-exec-5][PendingReviewPackageController.java:118] - 待审核记录数目查询被调用
2022-10-20 10:23:50.357 INFO [http-nio-19201-exec-4][BePublishedPackageController.java:90] - 已发布记录数目查询被调用
2022-10-20 10:23:50.735 INFO [http-nio-19201-exec-2][BePublishedPackageController.java:65] - 已发布资源包列表查询
2022-10-20 10:23:50.758 INFO [http-nio-19201-exec-7][BeRemovedPackageController.java:99] - 已下架记录数目查询被调用
2022-10-20 10:23:50.758 INFO [http-nio-19201-exec-10][BePublishedPackageController.java:90] - 已发布记录数目查询被调用
2022-10-20 10:23:50.758 INFO [http-nio-19201-exec-6][PendingReviewPackageController.java:118] - 待审核记录数目查询被调用
2022-10-20 10:23:51.014 INFO [http-nio-19201-exec-9][PendingReviewPackageController.java:56] - 待审核资源包列表查询
2022-10-20 10:23:51.040 INFO [http-nio-19201-exec-1][BeRemovedPackageController.java:99] - 已下架记录数目查询被调用
2022-10-20 10:23:51.040 INFO [http-nio-19201-exec-3][PendingReviewPackageController.java:118] - 待审核记录数目查询被调用
2022-10-20 10:23:51.040 INFO [http-nio-19201-exec-8][BePublishedPackageController.java:90] - 已发布记录数目查询被调用
2022-10-20 10:30:06.315 INFO [SpringContextShutdownHook][ExecutorConfigurationSupport.java:218] - Shutting down ExecutorService 'applicationTaskExecutor'
2022-10-20 10:30:06.315 INFO [SpringContextShutdownHook][AbstractEntityManagerFactoryBean.java:651] - Closing JPA EntityManagerFactory for persistence unit 'default'
2022-10-20 10:30:06.315 INFO [SpringContextShutdownHook][DruidDataSource.java:1948] - {dataSource-1} closing ...
2022-10-20 10:30:06.315 INFO [SpringContextShutdownHook][DruidDataSource.java:2020] - {dataSource-1} closed
2022-10-20 13:58:31.264 INFO [main][StartupInfoLogger.java:55] - Starting WebApplication using Java 1.8.0_345 on fengjinhe with PID 34992 (C:\Users\冯金河\IdeaProjects\DeploymentResource\web\target\classes started by 冯金河 in C:\Users\冯金河\IdeaProjects\DeploymentResource)
2022-10-20 13:58:31.279 INFO [main][SpringApplication.java:660] - No active profile set, falling back to default profiles: default
2022-10-20 13:58:31.889 INFO [main][RepositoryConfigurationDelegate.java:128] - Bootstrapping Spring Data JPA repositories in DEFAULT mode.
2022-10-20 13:58:31.904 INFO [main][RepositoryConfigurationDelegate.java:188] - Finished Spring Data repository scanning in 5 ms. Found 0 JPA repository interfaces.
2022-10-20 13:58:32.225 INFO [main][TomcatWebServer.java:108] - Tomcat initialized with port(s): 19201 (http)
2022-10-20 13:58:32.225 INFO [main][DirectJDKLog.java:173] - Initializing ProtocolHandler ["http-nio-19201"]
2022-10-20 13:58:32.225 INFO [main][DirectJDKLog.java:173] - Starting service [Tomcat]
2022-10-20 13:58:32.225 INFO [main][DirectJDKLog.java:173] - Starting Servlet engine: [Apache Tomcat/9.0.41]
2022-10-20 13:58:32.288 INFO [main][DirectJDKLog.java:173] - Initializing Spring embedded WebApplicationContext
2022-10-20 13:58:32.288 INFO [main][ServletWebServerApplicationContext.java:289] - Root WebApplicationContext: initialization completed in 946 ms
2022-10-20 13:58:32.303 INFO [main][DruidDataSourceAutoConfigure.java:56] - Init DruidDataSource
2022-10-20 13:58:32.507 INFO [main][DruidDataSource.java:1003] - {dataSource-1} inited
2022-10-20 13:58:32.522 INFO [main][H2ConsoleAutoConfiguration.java:68] - H2 console available at '/h2-console'. Database available at 'jdbc:h2:file:./web/src/main/resources/H2DataBase/h2db'
2022-10-20 13:58:32.600 INFO [main][LogHelper.java:31] - HHH000204: Processing PersistenceUnitInfo [name: default]
2022-10-20 13:58:32.632 INFO [main][Version.java:44] - HHH000412: Hibernate ORM core version 5.4.25.Final
2022-10-20 13:58:32.710 INFO [main][JavaReflectionManager.java:56] - HCANN000001: Hibernate Commons Annotations {5.1.2.Final}
2022-10-20 13:58:32.772 INFO [main][Dialect.java:175] - HHH000400: Using dialect: org.hibernate.dialect.H2Dialect
2022-10-20 13:58:33.179 INFO [main][JtaPlatformInitiator.java:52] - HHH000490: Using JtaPlatform implementation: [org.hibernate.engine.transaction.jta.platform.internal.NoJtaPlatform]
2022-10-20 13:58:33.194 INFO [main][AbstractEntityManagerFactoryBean.java:437] - Initialized JPA EntityManagerFactory for persistence unit 'default'
2022-10-20 13:58:34.105 INFO [main][ExecutorConfigurationSupport.java:181] - Initializing ExecutorService 'applicationTaskExecutor'
2022-10-20 13:58:34.121 INFO [main][WelcomePageHandlerMapping.java:54] - Adding welcome page: class path resource [static/index.html]
2022-10-20 13:58:34.226 INFO [main][DirectJDKLog.java:173] - Starting ProtocolHandler ["http-nio-19201"]
2022-10-20 13:58:34.320 INFO [main][TomcatWebServer.java:220] - Tomcat started on port(s): 19201 (http) with context path ''
2022-10-20 13:58:34.507 INFO [main][StartupInfoLogger.java:61] - Started WebApplication in 3.504 seconds (JVM running for 4.492)
2022-10-20 22:21:09.783 INFO [SpringContextShutdownHook][ExecutorConfigurationSupport.java:218] - Shutting down ExecutorService 'applicationTaskExecutor'
2022-10-20 22:21:09.800 INFO [SpringContextShutdownHook][AbstractEntityManagerFactoryBean.java:651] - Closing JPA EntityManagerFactory for persistence unit 'default'
2022-10-20 22:21:09.846 INFO [SpringContextShutdownHook][DruidDataSource.java:1948] - {dataSource-1} closing ...
2022-10-20 22:21:09.862 INFO [SpringContextShutdownHook][DruidDataSource.java:2020] - {dataSource-1} closed
